+ dev_unmount_packages
+ true
+ umount -n /var/run /var/lock
+ rc=0
+ [ -e /dev/mapper/encstateful ]
+ mount-encrypted umount
[0308/235525.888159:INFO:mount_encrypted.cc(245)] Starting.
[0308/235525.888299:INFO:encrypted_fs.cc(447)] Unmounting /var
[0308/235525.895181:INFO:encrypted_fs.cc(447)] Unmounting /home/chronos
[0308/235525.901186:INFO:encrypted_fs.cc(458)] Unmounting /mnt/stateful_partition/encrypted
[0308/235525.928826:INFO:encrypted_fs.cc(475)] Removing /dev/mapper/encstateful
device-mapper: remove ioctl on encstateful failed: Device or resource busy
[0308/235525.929337:ERROR:device_mapper_task.cc(86)] dm_task_run failed
[0308/235525.929360:ERROR:device_mapper.cc(166)] Remove: Teardown failed.
[0308/235525.929378:ERROR:encrypted_fs.cc(477)] dm_teardown: /dev/mapper/encstateful
[0308/235525.937540:INFO:encrypted_fs.cc(486)] Unlooping /mnt/stateful_partition/encrypted.block named encstateful
+ rc=0
+ [ 0 -eq 0 ]
+ break
+ umount -n /home
+ : 0
+ [ 0 -eq 0 ]
+ umount -n /mnt/stateful_partition
umount: /mnt/stateful_partition: target is busy.
+ exit 32
