Running /usr/bin/dev_debug_vboot 
+ date
Sun Apr  4 22:52:45 EDT 2021
# DEV_DEBUG_FORCE=()
# OPT_CLEANUP=(yes)
# OPT_BIOS=()
# OPT_FORCE=()
# OPT_IMAGE=()
# OPT_KERNEL=()
# FLAG_SAVE_LOG_FILE=(yes)
+ crossystem --all
arch                    = x86                            # [RO/str] Platform architecture
backup_nvram_request    = 1                              # [RW/int] Backup the nvram somewhere at the next boot. Cleared on success.
battery_cutoff_request  = 0                              # [RW/int] Cut off battery and shutdown on next boot
block_devmode           = 0                              # [RW/int] Block all use of developer mode
clear_tpm_owner_done    = 1                              # [RW/int] Clear TPM owner done
clear_tpm_owner_request = 0                              # [RW/int] Clear TPM owner on next boot
cros_debug              = 0                              # [RO/int] OS should allow debug features
dbg_reset               = 0                              # [RW/int] Debug reset mode request
debug_build             = 0                              # [RO/int] OS image built for debug features
dev_boot_legacy         = 0                              # [RW/int] Enable developer mode boot Legacy OSes
dev_boot_signed_only    = 0                              # [RW/int] Enable developer mode boot only from official kernels
dev_boot_usb            = 0                              # [RW/int] Enable developer mode boot from USB/SD
dev_default_boot        = disk                           # [RW/str] Default boot from disk, legacy or usb
dev_enable_udc          = 0                              # [RW/int] Enable USB Device Controller
devsw_boot              = 0                              # [RO/int] Developer switch position at boot
devsw_cur               = 0                              # [RO/int] Developer switch current position
diagnostic_request      = 0                              # [RW/int] Request diagnostic rom run on next boot
disable_alt_os_request  = (error)                        # [RW/int] Disable Alt OS mode on next boot (writable)
disable_dev_request     = 0                              # [RW/int] Disable virtual dev-mode on next boot
ecfw_act                = RW                             # [RO/str] Active EC firmware
enable_alt_os_request   = (error)                        # [RW/int] Enable Alt OS mode on next boot (writable)
post_ec_sync_delay      = 0                              # [RW/int] Short delay after EC software sync (persistent, writable, eve only)
alt_os_enabled          = (error)                        # [RO/int] Alt OS state (1 if enabled, 0 if disabled)
fmap_base               = 0xffe10000                     # [RO/int] Main firmware flashmap physical address
fw_prev_result          = unknown                        # [RO/str] Firmware result of previous boot (vboot2)
fw_prev_tried           = A                              # [RO/str] Firmware tried on previous boot (vboot2)
fw_result               = unknown                        # [RW/str] Firmware result this boot (vboot2)
fw_tried                = A                              # [RO/str] Firmware tried this boot (vboot2)
fw_try_count            = 0                              # [RW/int] Number of times to try fw_try_next
fw_try_next             = A                              # [RW/str] Firmware to try next (vboot2)
fw_vboot2               = 0                              # [RO/int] 1 if firmware was selected by vboot2 or 0 otherwise
fwb_tries               = 0                              # [RW/int] Try firmware B count
fwid                    = Google_Glimmer.5216.198.188    # [RO/str] Active firmware ID
fwupdate_tries          = 0                              # [RW/int] Times to try OS firmware update (inside kern_nv)
hwid                    = GLIMMER D4A-F5Z-R2Q-A5L        # [RO/str] Hardware ID
inside_vm               = 0                              # [RO/int] Running in a VM?
kern_nv                 = 0x0000                         # [RO/int] Non-volatile field for kernel use
kernel_max_rollforward  = 0xfffffffe                     # [RW/int] Max kernel version to store into TPM
kernkey_vfy             = sig                            # [RO/str] Type of verification done on kernel key block
loc_idx                 = 0                              # [RW/int] Localization index for firmware screens
mainfw_act              = A                              # [RO/str] Active main firmware
mainfw_type             = normal                         # [RO/str] Active main firmware type
nvram_cleared           = 0                              # [RW/int] Have NV settings been lost?  Write 0 to clear
display_request         = 0                              # [RW/int] Should we initialize the display at boot?
phase_enforcement       = (error)                        # [RO/int] Board should have full security settings applied
recovery_reason         = 0                              # [RO/int] Recovery mode reason for current boot
recovery_request        = 0                              # [RW/int] Recovery mode request
recovery_subcode        = 0                              # [RW/int] Recovery reason subcode
recoverysw_boot         = 0                              # [RO/int] Recovery switch position at boot
recoverysw_cur          = (error)                        # [RO/int] Recovery switch current position
recoverysw_ec_boot      = 0                              # [RO/int] Recovery switch position at EC boot
recoverysw_is_virtual   = 0                              # [RO/int] Recovery switch is virtual
ro_fwid                 = Google_Glimmer.5216.198.11     # [RO/str] Read-only firmware ID
tpm_attack              = 0                              # [RW/int] TPM was interrupted since this flag was cleared
tpm_fwver               = 0x000a0004                     # [RO/int] Firmware version stored in TPM
tpm_kernver             = 0x00040001                     # [RO/int] Kernel version stored in TPM
tpm_rebooted            = 0                              # [RO/int] TPM requesting repeated reboot (vboot2)
tried_fwb               = 0                              # [RO/int] Tried firmware B before A this boot
try_ro_sync             = 0                              # [RO/int] try read only software sync
vdat_flags              = 0x00002c42                     # [RO/int] Flags from VbSharedData
vdat_lfdebug            = Check A result=12
Check B result=0
Firmware index booted=0x00
TPM combined version at start=0x000a0004
Lowest combined version from firmware=0x000a0004
 # [RO/str] LoadFirmware() debug data (not in print-all)
vdat_lkdebug            = Calls to LoadKernel()=1
Call 1:
  Boot flags=0x00
  Boot mode=1
  Test error=0
  Return code=0
  Debug flags=0x00
  Drive sectors=30777344
  Sector size=512
  Check result=4
  Kernel partitions found=1
  Kernel 1:
    GPT index=2
    Start sector=20480
    Sector count=32768
    Combined version=0x00040001
    Check result=19
    Debug flags=0x01
 # [RO/str] LoadKernel() debug data (not in print-all)
vdat_timers             = LFS=212523124,244756556 LF=245628284,375008238 LK=0,546789 # [RO/str] Timer values from VbSharedData
wipeout_request         = 0                              # [RW/int] Firmware requested factory reset (wipeout)
wpsw_boot               = 1                              # [RO/int] Firmware write protect hardware switch position at boot
wpsw_cur                = 1                              # [RO/int] Firmware write protect hardware switch current position
+ rootdev -s
/dev/mmcblk0p3
+ ls -aCF /root
./  ../  .force_update_firmware
+ ls -aCF /mnt/stateful_partition
./		 encrypted/	  recovery_logs@
../		 encrypted.block  recovery_logs.1613990327/
.tpm_owned	 encrypted.key	  shutdown_stateful_umount_failure
.tpm_status	 home/		  umount-encrypted.log
.tpm_status.sum  lost+found/	  unencrypted/
+ cgpt show /dev/mmcblk0
       start        size    part  contents
           0           1          PMBR (Boot GUID: 8F3526EE-ED90-264A-990D-A50BCC03FB22)
           1           1          Pri GPT header
           2          32          Pri GPT table
     8704000    22073296       1  Label: "STATE"
                                  Type: Linux data
                                  UUID: 679239DE-8306-2845-A7A9-A11883D16B19
       20480       32768       2  Label: "KERN-A"
                                  Type: ChromeOS kernel
                                  UUID: 6C8BC571-8E95-A843-BC0A-9608A1C2AC65
                                  Attr: priority=1 tries=0 successful=1 
     4509696     4194304       3  Label: "ROOT-A"
                                  Type: ChromeOS rootfs
                                  UUID: 76736FA4-0051-8541-B204-5D08F0150194
       53248       32768       4  Label: "KERN-B"
                                  Type: ChromeOS kernel
                                  UUID: A2C525AC-5198-394D-91DF-972B54680E0B
                                  Attr: priority=0 tries=15 successful=0 
      315392     4194304       5  Label: "ROOT-B"
                                  Type: ChromeOS rootfs
                                  UUID: E7F21C85-0689-014C-B821-DDBFB8862F75
       16448           1       6  Label: "KERN-C"
                                  Type: ChromeOS kernel
                                  UUID: 2FEF584E-212F-9B4A-AADB-481C690A2022
                                  Attr: priority=0 tries=15 successful=0 
       16449           1       7  Label: "ROOT-C"
                                  Type: ChromeOS rootfs
                                  UUID: FF694F9A-ECB7-5944-A09D-A3AB2EC0132C
       86016       32768       8  Label: "OEM"
                                  Type: Linux data
                                  UUID: 1078D303-732A-F742-A61A-4B4C1A871C46
       16450           1       9  Label: "reserved"
                                  Type: ChromeOS reserved
                                  UUID: DA8F4C72-9333-AC4E-8C40-57B6F3291BBA
       16451           1      10  Label: "reserved"
                                  Type: ChromeOS reserved
                                  UUID: C1D56F58-64A6-7C46-95FC-304FD8969F08
          64       16384      11  Label: "RWFW"
                                  Type: ChromeOS firmware
                                  UUID: 92F8D8F1-EE91-CB46-A702-9973BF5CDD65
      249856       65536      12  Label: "EFI-SYSTEM"
                                  Type: EFI System Partition
                                  UUID: 8F3526EE-ED90-264A-990D-A50BCC03FB22
                                  Attr: legacy_boot=1 
    30777311          32          Sec GPT table
    30777343           1          Sec GPT header
+ flashrom -V -p host --wp-status
Programmer alias: "host", parameter:  "(null)",
flashrom v0.9.9  : b2d845b : May 29 2019 13:27:30 UTC on Linux 4.4.180-16566-g51163f4278d1 (x86_64)
flashrom was built with libpci 3.5.6, LLVM Clang 9.0.0 (/var/cache/chromeos-cache/distfiles/host/egit-src/llvm-project de7a0a152648d1a74cf4319920b1848aa00d1ca3), little endian
Command line (4 args): flashrom -V -p host --wp-status
Acquiring lock (timeout=180 sec)...
Opened file lock "/run/lock/firmware_utility_lock"
Lock acquired.
Initializing internal programmer
scanft: Error stat'ing /sys/class/mtd: No such file or directory
linux_mtd_setup: NOR type device not found.
linux_mtd_init: failed.
Found candidate at: 00000500-00000528
Found coreboot table at 0x00000500.
Found candidate at: 00000000-00000444
Found coreboot table at 0x00000000.
coreboot table found at 0x7ae6e000.
coreboot header(24) checksum: ff5b table(1068) checksum: 6ab6 entries: 20
Vendor ID: GOOGLE, part ID: Glimmer
DMI string system-manufacturer: "GOOGLE"
DMI string system-product-name: "Glimmer"
DMI string system-version: "1.0"
DMI string baseboard-manufacturer: ""
DMI string baseboard-product-name: ""
DMI string baseboard-version: ""
DMI string chassis-type: "Desktop"

Root Complex Register Block address = 0xfed1c000
get_target_bus_from_chipset() returns 0x8.
Found chipset "Intel Baytrail-M" with PCI ID 8086:0f1c. Enabling flash write... Mapping BYT IBASE at 0xfed08000, unaligned size 0x200.

0xfff80000/0xffb80000 FWH IDSEL: 0x0
0xfff00000/0xffb00000 FWH IDSEL: 0x0
0xffe80000/0xffa80000 FWH IDSEL: 0x1
0xffe00000/0xffa00000 FWH IDSEL: 0x1
0xffd80000/0xff980000 FWH IDSEL: 0x2
0xffd00000/0xff900000 FWH IDSEL: 0x2
0xffc80000/0xff880000 FWH IDSEL: 0x3
0xffc00000/0xff800000 FWH IDSEL: 0x3
0xfff80000/0xffb80000 FWH decode enabled
0xfff00000/0xffb00000 FWH decode enabled
0xffe80000/0xffa80000 FWH decode enabled
0xffe00000/0xffa00000 FWH decode enabled
0xffd80000/0xff980000 FWH decode enabled
0xffd00000/0xff900000 FWH decode enabled
0xffc80000/0xff880000 FWH decode enabled
0xffc00000/0xff800000 FWH decode enabled
0xff700000/0xff300000 FWH decode enabled
0xff600000/0xff200000 FWH decode enabled
0xff500000/0xff100000 FWH decode enabled
0xff400000/0xff000000 FWH decode enabled
Maximum FWH chip size: 0x100000 bytes
BIOS Lock Enable: disabled, BIOS Write Enable: disabled, BIOS_CNTL is 0x100
Root Complex Register Block address = 0xfed1c000
Setting BBS to SPI
GCS = 0xc01: BIOS Interface Lock-Down: enabled, Boot BIOS Straps: 0x3 (SPI)
Top Swap : enabled (A16 inverted)
SPI_BASE_ADDRESS = 0xfed01000
Mapping BYT SBASE at 0xfed01000, unaligned size 0x200.
ich_ generation 18
SPIBAR = 0xfed01000 + 0x0000
0x04: 0xe008 (HSFS)
HSFS: FDONE=0, FCERR=0, AEL=0, BERASE=1, SCIP=0, FDOPSS=1, FDV=1, FLOCKDN=1
WARNING: SPI Configuration Lockdown activated.
Reading OPCODES... done
0x06: 0x0000 (HSFC)
HSFC: FGO=0, FCYCLE=0, FDBC=0, SME=0
0x08: 0x00000000 (FADDR)
0x50: 0x00000a0b (FRAP)
BMWAG 0x00, BMRAG 0x00, BRWA 0x0a, BRRA 0x0b
0x54: 0x00000000 (FREG0: Flash Descriptor)
0x00000000-0x00000fff is read-only
0x58: 0x07ff0200 (FREG1: BIOS)
0x00200000-0x007fffff is read-write
0x5C: 0x01ff0001 (FREG2: Management Engine)
0x00001000-0x001fffff is locked
0x60: 0x00000000 (FREG3: Gigabit Ethernet)
0x00000000-0x00000fff is read-write
0x64: 0x00001fff (FREG4: Platform Data)
Platform Data region is unused.
0x90: 0xc4 (SSFS)
SSFS: SCIP=0, FDONE=1, FCERR=0, AEL=0
0x91: 0xf84130 (SSFC)
SSFC: SCGO=0, ACS=0, SPOP=0, COP=3, DBC=1, SME=0, SCF=0
0x94: 0x5006     (PREOP)
0x96: 0xb32d     (OPTYPE)
0x98: 0x05030201 (OPMENU)
0x9C: 0x0bd89f20 (OPMENU+4)
0xA0: 0x00000000 (BBAR)
0xC4: 0x00802005 (LVSCC)
LVSCC: BES=0x1, WG=1, WSR=0, WEWS=0, EO=0x20, VCL=1
0xC8: 0x00002005 (UVSCC)
UVSCC: BES=0x1, WG=1, WSR=0, WEWS=0, EO=0x20, VCL=0
0xD0: 0x00000000 (FPB)

OK.
Probing for AMD Am29F010A/B, 128 kB: probe_jedec_common: id1 0xff, id2 0xff, id1 parity violation, id1 is normal flash content, id2 is normal flash content
Probing for AMD Am29F002(N)BB, 256 kB: probe_jedec_common: id1 0xff, id2 0xff, id1 parity violation, id1 is normal flash content, id2 is normal flash content
Probing for AMD Am29F002(N)BT, 256 kB: probe_jedec_common: id1 0xff, id2 0xff, id1 parity violation, id1 is normal flash content, id2 is normal flash content
Probing for AMD Am29F016D, 2048 kB: probe_jedec_common: id1 0x5f, id2 0x53, id1 parity violation, id1 is normal flash content, id2 is normal flash content
Probing for AMD Am29F040B, 512 kB: probe_jedec_common: id1 0xff, id2 0xff, id1 parity violation, id1 is normal flash content, id2 is normal flash content
Probing for AMD Am29F080B, 1024 kB: probe_jedec_common: id1 0x4c, id2 0x41, id1 is normal flash content, id2 is normal flash content
Probing for AMD Am29LV001BB, 128 kB: probe_jedec_common: id1 0xff, id2 0xff, id1 parity violation, id1 is normal flash content, id2 is normal flash content
Probing for AMD Am29LV001BT, 128 kB: probe_jedec_common: id1 0xff, id2 0xff, id1 parity violation, id1 is normal flash content, id2 is normal flash content
Probing for AMD Am29LV002BB, 256 kB: probe_jedec_common: id1 0xff, id2 0xff, id1 parity violation, id1 is normal flash content, id2 is normal flash content
Probing for AMD Am29LV002BT, 256 kB: probe_jedec_common: id1 0xff, id2 0xff, id1 parity violation, id1 is normal flash content, id2 is normal flash content
Probing for AMD Am29LV004BB, 512 kB: probe_jedec_common: id1 0xff, id2 0xff, id1 parity violation, id1 is normal flash content, id2 is normal flash content
Probing for AMD Am29LV004BT, 512 kB: probe_jedec_common: id1 0xff, id2 0xff, id1 parity violation, id1 is normal flash content, id2 is normal flash content
Probing for AMD Am29LV008BB, 1024 kB: probe_jedec_common: id1 0x4c, id2 0x41, id1 is normal flash content, id2 is normal flash content
Probing for AMD Am29LV008BT, 1024 kB: probe_jedec_common: id1 0x4c, id2 0x41, id1 is normal flash content, id2 is normal flash content
Probing for AMD Am29LV040B, 512 kB: probe_jedec_common: id1 0xff, id2 0xff, id1 parity violation, id1 is normal flash content, id2 is normal flash content
Probing for AMD Am29LV081B, 1024 kB: probe_jedec_common: id1 0x4c, id2 0x41, id1 is normal flash content, id2 is normal flash content
Probing for AMIC A25L05PT, 64 kB: id1 0xef, id2 0x6017
Probing for AMIC A25L05PU, 64 kB: id1 0xef, id2 0x6017
Probing for AMIC A25L10PT, 128 kB: id1 0xef, id2 0x6017
Probing for AMIC A25L10PU, 128 kB: id1 0xef, id2 0x6017
Probing for AMIC A25L20PT, 256 kB: id1 0xef, id2 0x6017
Probing for AMIC A25L20PU, 256 kB: id1 0xef, id2 0x6017
Probing for AMIC A25L40PT, 512 kB: id1 0xef, id2 0x6017
Probing for AMIC A25L40PU, 512 kB: id1 0xef, id2 0x6017
Probing for AMIC A25L80P, 1024 kB: id1 0xef, id2 0x6017
Probing for AMIC A25L16PT, 2048 kB: id1 0xef, id2 0x6017
Probing for AMIC A25L16PU, 2048 kB: id1 0xef, id2 0x6017
Probing for AMIC A25L512, 64 kB: id1 0xef, id2 0x6017
Probing for AMIC A25L010, 128 kB: id1 0xef, id2 0x6017
Probing for AMIC A25L020, 256 kB: id1 0xef, id2 0x6017
Probing for AMIC A25L040, 512 kB: id1 0xef, id2 0x6017
Probing for AMIC A25L080, 1024 kB: id1 0xef, id2 0x6017
Probing for AMIC A25L016, 2048 kB: id1 0xef, id2 0x6017
Probing for AMIC A25L032, 4096 kB: id1 0xef, id2 0x6017
Probing for AMIC A25LQ032, 4096 kB: id1 0xef, id2 0x6017
Probing for AMIC A29002B, 256 kB: probe_jedec_common: id1 0xff, id2 0xff, id1 parity violation, id1 is normal flash content, id2 is normal flash content
Probing for AMIC A29002T, 256 kB: probe_jedec_common: id1 0xff, id2 0xff, id1 parity violation, id1 is normal flash content, id2 is normal flash content
Probing for AMIC A29040B, 512 kB: probe_jedec_common: id1 0xff, id2 0xff, id1 parity violation, id1 is normal flash content, id2 is normal flash content
Probing for AMIC A49LF040A, 512 kB: probe_jedec_common: id1 0xff, id2 0xff, id1 parity violation, id1 is normal flash content, id2 is normal flash content
Probing for Atmel ATMEL_AT25SL128A, 16384 kB: id1 0xef, id2 0x6017
Probing for Atmel ATMEL_AT25SF128A, 16384 kB: id1 0xef, id2 0x6017
Probing for Atmel AT25DF021, 256 kB: id1 0xef, id2 0x6017
Probing for Atmel AT25DF041A, 512 kB: id1 0xef, id2 0x6017
Probing for Atmel AT25DF081, 1024 kB: id1 0xef, id2 0x6017
Probing for Atmel AT25DF081A, 1024 kB: id1 0xef, id2 0x6017
Probing for Atmel AT25DF161, 2048 kB: id1 0xef, id2 0x6017
Probing for Atmel AT25DF321, 4096 kB: id1 0xef, id2 0x6017
Probing for Atmel AT25DF321A, 4096 kB: id1 0xef, id2 0x6017
Probing for Atmel AT25DF641(A), 8192 kB: id1 0xef, id2 0x6017
Probing for Atmel AT25DQ161, 2048 kB: id1 0xef, id2 0x6017
Probing for Atmel AT25F512B, 64 kB: id1 0xef, id2 0x6017
Probing for Atmel AT25FS010, 128 kB: id1 0xef, id2 0x6017
Probing for Atmel AT25FS040, 512 kB: id1 0xef, id2 0x6017
Probing for Atmel AT26DF041, 512 kB: id1 0xef, id2 0x6017
Probing for Atmel AT26DF081A, 1024 kB: id1 0xef, id2 0x6017
Probing for Atmel AT26DF161, 2048 kB: id1 0xef, id2 0x6017
Probing for Atmel AT26DF161A, 2048 kB: id1 0xef, id2 0x6017
Probing for Atmel AT26F004, 512 kB: id1 0xef, id2 0x6017
Probing for Atmel AT29C512, 64 kB: probe_jedec_common: id1 0xff, id2 0xff, id1 parity violation, id1 is normal flash content, id2 is normal flash content
Probing for Atmel AT29C010A, 128 kB: probe_jedec_common: id1 0xff, id2 0xff, id1 parity violation, id1 is normal flash content, id2 is normal flash content
Probing for Atmel AT29C020, 256 kB: probe_jedec_common: id1 0xff, id2 0xff, id1 parity violation, id1 is normal flash content, id2 is normal flash content
Probing for Atmel AT29C040A, 512 kB: probe_jedec_common: id1 0xff, id2 0xff, id1 parity violation, id1 is normal flash content, id2 is normal flash content
Probing for Atmel AT45CS1282, 16896 kB: id1 0xef, id2 0x6017
Probing for Atmel AT45DB011D, 128 kB: id1 0xef, id2 0x6017
Probing for Atmel AT45DB021D, 256 kB: id1 0xef, id2 0x6017
Probing for Atmel AT45DB041D, 512 kB: id1 0xef, id2 0x6017
Probing for Atmel AT45DB081D, 1024 kB: id1 0xef, id2 0x6017
Probing for Atmel AT45DB161D, 2048 kB: id1 0xef, id2 0x6017
Probing for Atmel AT45DB321C, 4224 kB: id1 0xef, id2 0x6017
Probing for Atmel AT45DB321D, 4096 kB: id1 0xef, id2 0x6017
Probing for Atmel AT45DB642D, 8192 kB: id1 0xef, id2 0x6017
Probing for Atmel AT49BV512, 64 kB: probe_jedec_common: id1 0xff, id2 0xff, id1 parity violation, id1 is normal flash content, id2 is normal flash content
Probing for Atmel AT49F020, 256 kB: probe_jedec_common: id1 0xff, id2 0xff, id1 parity violation, id1 is normal flash content, id2 is normal flash content
Probing for Atmel AT49F002(N), 256 kB: probe_jedec_common: id1 0xff, id2 0xff, id1 parity violation, id1 is normal flash content, id2 is normal flash content
Probing for Atmel AT49F002(N)T, 256 kB: probe_jedec_common: id1 0xff, id2 0xff, id1 parity violation, id1 is normal flash content, id2 is normal flash content
Probing for Atmel AT49LH002, 256 kB: probe_82802ab: id1 0xff, id2 0xff, id1 parity violation, id1 is normal flash content, id2 is normal flash content
Probing for Catalyst CAT28F512, 64 kB: probe_jedec_common: id1 0xff, id2 0xff, id1 parity violation, id1 is normal flash content, id2 is normal flash content
Probing for Bright BM29F040, 512 kB: probe_jedec_common: id1 0xff, id2 0xff, id1 parity violation, id1 is normal flash content, id2 is normal flash content
Probing for Bright BM29F040, 512 kB: probe_jedec_common: id1 0xff, id2 0xff, id1 parity violation, id1 is normal flash content, id2 is normal flash content
Probing for EMST F49B002UA, 256 kB: probe_jedec_common: id1 0xff, id2 0xff, id1 parity violation, id1 is normal flash content, id2 is normal flash content
Probing for EMST F25L008A, 1024 kB: id1 0xef, id2 0x6017
Probing for Eon EN25B05, 64 kB: id1 0xef, id2 0x6017
Probing for Eon EN25B05T, 64 kB: id1 0xef, id2 0x6017
Probing for Eon EN25B10, 128 kB: id1 0xef, id2 0x6017
Probing for Eon EN25B10T, 128 kB: id1 0xef, id2 0x6017
Probing for Eon EN25B20, 256 kB: id1 0xef, id2 0x6017
Probing for Eon EN25B20T, 256 kB: id1 0xef, id2 0x6017
Probing for Eon EN25B40, 512 kB: id1 0xef, id2 0x6017
Probing for Eon EN25B40T, 512 kB: id1 0xef, id2 0x6017
Probing for Eon EN25B80, 1024 kB: id1 0xef, id2 0x6017
Probing for Eon EN25B80T, 1024 kB: id1 0xef, id2 0x6017
Probing for Eon EN25B16, 2048 kB: id1 0xef, id2 0x6017
Probing for Eon EN25B16T, 2048 kB: id1 0xef, id2 0x6017
Probing for Eon EN25B32, 4096 kB: id1 0xef, id2 0x6017
Probing for Eon EN25B32T, 4096 kB: id1 0xef, id2 0x6017
Probing for Eon EN25B64, 8192 kB: id1 0xef, id2 0x6017
Probing for Eon EN25B64T, 8192 kB: id1 0xef, id2 0x6017
Probing for Eon EN25D16, 2048 kB: id1 0xef, id2 0x6017
Probing for Eon EN25F05, 64 kB: id1 0xef, id2 0x6017
Probing for Eon EN25F10, 128 kB: id1 0xef, id2 0x6017
Probing for Eon EN25F20, 256 kB: id1 0xef, id2 0x6017
Probing for Eon EN25F40, 512 kB: id1 0xef, id2 0x6017
Probing for Eon EN25F80, 1024 kB: id1 0xef, id2 0x6017
Probing for Eon EN25F16, 2048 kB: id1 0xef, id2 0x6017
Probing for Eon EN25F32, 4096 kB: id1 0xef, id2 0x6017
Probing for Eon EN25Q40, 512 kB: id1 0xef, id2 0x6017
Probing for Eon EN25Q80(A), 1024 kB: id1 0xef, id2 0x6017
Probing for Eon EN25Q32(A)(B), 4096 kB: id1 0xef, id2 0x6017
Probing for Eon EN25Q64, 8192 kB: id1 0xef, id2 0x6017
Probing for Eon EN25Q128, 16384 kB: id1 0xef, id2 0x6017
Probing for Eon EN25Q40, 512 kB: id1 0xef, id2 0x6017
Probing for Eon EN25Q80(A), 1024 kB: id1 0xef, id2 0x6017
Probing for Eon EN25Q32(A/B), 4096 kB: id1 0xef, id2 0x6017
Probing for Eon EN25Q64, 8192 kB: id1 0xef, id2 0x6017
Probing for Eon EN25Q128, 16384 kB: id1 0xef, id2 0x6017
Probing for Eon EN25QH16, 2048 kB: id1 0xef, id2 0x6017
Probing for Eon EN25S64, 8192 kB: id1 0xef, id2 0x6017
Probing for Eon EN29F010, 128 kB: probe_jedec_common: id1 0xff, id2 0xff, id1 parity violation, id1 is normal flash content, id2 is normal flash content
Probing for Eon EN29F002(A)(N)B, 256 kB: probe_jedec_common: id1 0xff, id2 0xff, id1 parity violation, id1 is normal flash content, id2 is normal flash content
Probing for Eon EN29F002(A)(N)T, 256 kB: probe_jedec_common: id1 0xff, id2 0xff, id1 parity violation, id1 is normal flash content, id2 is normal flash content
Probing for Fujitsu MBM29F004BC, 512 kB: probe_jedec_common: id1 0xff, id2 0xff, id1 parity violation, id1 is normal flash content, id2 is normal flash content
Probing for Fujitsu MBM29F004TC, 512 kB: probe_jedec_common: id1 0xff, id2 0xff, id1 parity violation, id1 is normal flash content, id2 is normal flash content
Probing for Fujitsu MBM29F400BC, 512 kB: probe_m29f400bt: id1 0xff, id2 0xff
Probing for GigaDevice GD25Q20, 256 kB: id1 0xef, id2 0x6017
Probing for GigaDevice GD25Q40, 512 kB: id1 0xef, id2 0x6017
Probing for GigaDevice GD25LQ40, 512 kB: id1 0xef, id2 0x6017
Probing for GigaDevice GD25Q80, 1024 kB: id1 0xef, id2 0x6017
Probing for GigaDevice GD25Q16, 2048 kB: id1 0xef, id2 0x6017
Probing for GigaDevice GD25Q32, 4096 kB: id1 0xef, id2 0x6017
Probing for GigaDevice GD25Q64, 8192 kB: id1 0xef, id2 0x6017
Probing for GigaDevice GD25Q127C/GD25Q128C, 16384 kB: id1 0xef, id2 0x6017
Probing for GigaDevice GD25Q256D, 32768 kB: id1 0xef, id2 0x6017
Probing for Fujitsu MBM29F400TC, 512 kB: probe_m29f400bt: id1 0xff, id2 0xff
Probing for GigaDevice GD25LQ32, 4096 kB: id1 0xef, id2 0x6017
Probing for GigaDevice GD25LQ64, 8192 kB: id1 0xef, id2 0x6017
Probing for GigaDevice GD25LQ128C/GD25LQ128D, 16384 kB: id1 0xef, id2 0x6017
Probing for Hyundai HY29F002T, 256 kB: probe_jedec_common: id1 0xff, id2 0xff, id1 parity violation, id1 is normal flash content, id2 is normal flash content
Probing for Hyundai HY29F002B, 256 kB: probe_jedec_common: id1 0xff, id2 0xff, id1 parity violation, id1 is normal flash content, id2 is normal flash content
Probing for Hyundai HY29F040A, 512 kB: probe_jedec_common: id1 0xff, id2 0xff, id1 parity violation, id1 is normal flash content, id2 is normal flash content
Probing for Intel 28F001BN/BX-B, 128 kB: probe_jedec_common: id1 0xff, id2 0xff, id1 parity violation, id1 is normal flash content, id2 is normal flash content
Probing for Intel 28F001BN/BX-T, 128 kB: probe_jedec_common: id1 0xff, id2 0xff, id1 parity violation, id1 is normal flash content, id2 is normal flash content
Probing for Intel 28F002BC/BL/BV/BX-T, 256 kB: probe_82802ab: id1 0xff, id2 0xff, id1 parity violation, id1 is normal flash content, id2 is normal flash content
Probing for Intel 28F008S3/S5/SC, 512 kB: probe_82802ab: id1 0xff, id2 0xff, id1 parity violation, id1 is normal flash content, id2 is normal flash content
Probing for Intel 28F004B5/BE/BV/BX-B, 512 kB: probe_82802ab: id1 0xff, id2 0xff, id1 parity violation, id1 is normal flash content, id2 is normal flash content
Probing for Intel 28F004B5/BE/BV/BX-T, 512 kB: probe_82802ab: id1 0xff, id2 0xff, id1 parity violation, id1 is normal flash content, id2 is normal flash content
Probing for Intel 28F400BV/BX/CE/CV-B, 512 kB: probe_82802ab: id1 0xff, id2 0xff, id1 parity violation, id1 is normal flash content, id2 is normal flash content
Probing for Intel 28F400BV/BX/CE/CV-T, 512 kB: probe_82802ab: id1 0xff, id2 0xff, id1 parity violation, id1 is normal flash content, id2 is normal flash content
Probing for Intel 82802AB, 512 kB: probe_82802ab: id1 0xff, id2 0xff, id1 parity violation, id1 is normal flash content, id2 is normal flash content
Probing for Intel 82802AC, 1024 kB: probe_82802ab: id1 0x4c, id2 0x41, id1 is normal flash content, id2 is normal flash content
Probing for Macronix MX25L25635F/MX25L25645G, 32768 kB: id1 0xef, id2 0x6017
Probing for Macronix MX25L512(E)/MX25V512(C), 64 kB: id1 0xef, id2 0x6017
Probing for Macronix MX25L1005(C)/MX25L1006E, 128 kB: id1 0xef, id2 0x6017
Probing for Macronix MX25L2005(C), 256 kB: id1 0xef, id2 0x6017
Probing for Macronix MX25L4005(A/C), 512 kB: id1 0xef, id2 0x6017
Probing for Macronix MX25L8005/MX25V8005, 1024 kB: id1 0xef, id2 0x6017
Probing for Macronix MX25L1605, 2048 kB: id1 0xef, id2 0x6017
Probing for Macronix MX25L1635D, 2048 kB: id1 0xef, id2 0x6017
Probing for Macronix MX25L1635E, 2048 kB: id1 0xef, id2 0x6017
Probing for Macronix MX25L3205, 4096 kB: id1 0xef, id2 0x6017
Probing for Macronix MX25L3235D, 4096 kB: id1 0xef, id2 0x6017
Probing for Macronix MX25U3235E/F, 4096 kB: id1 0xef, id2 0x6017
Probing for Macronix MX25L6406E, 8192 kB: id1 0xef, id2 0x6017
Probing for Macronix MX25L6495F, 8192 kB: id1 0xef, id2 0x6017
Probing for Macronix MX25U6435E/F, 8192 kB: id1 0xef, id2 0x6017
Probing for Macronix MX25U12835F, 16384 kB: id1 0xef, id2 0x6017
Probing for Macronix MX25U25635F, 16384 kB: id1 0xef, id2 0x6017
Probing for Macronix MX25L12805, 16384 kB: id1 0xef, id2 0x6017
Probing for Macronix MX29F001B, 128 kB: probe_jedec_common: id1 0xff, id2 0xff, id1 parity violation, id1 is normal flash content, id2 is normal flash content
Probing for Macronix MX29F001T, 128 kB: probe_jedec_common: id1 0xff, id2 0xff, id1 parity violation, id1 is normal flash content, id2 is normal flash content
Probing for Macronix MX29F002(N)B, 256 kB: probe_jedec_common: id1 0xff, id2 0xff, id1 parity violation, id1 is normal flash content, id2 is normal flash content
Probing for Macronix MX29F002(N)T, 256 kB: probe_jedec_common: id1 0xff, id2 0xff, id1 parity violation, id1 is normal flash content, id2 is normal flash content
Probing for Macronix MX29F040, 512 kB: probe_jedec_common: id1 0xff, id2 0xff, id1 parity violation, id1 is normal flash content, id2 is normal flash content
Probing for Macronix MX29F040, 512 kB: probe_jedec_common: id1 0xff, id2 0xff, id1 parity violation, id1 is normal flash content, id2 is normal flash content
Probing for Macronix MX29LV040, 512 kB: probe_jedec_common: id1 0xff, id2 0xff, id1 parity violation, id1 is normal flash content, id2 is normal flash content
Probing for MoselVitelic V29C51000B, 64 kB: probe_jedec_common: id1 0xff, id2 0xff, id1 parity violation, id1 is normal flash content, id2 is normal flash content
Probing for MoselVitelic V29C51000T, 64 kB: probe_jedec_common: id1 0xff, id2 0xff, id1 parity violation, id1 is normal flash content, id2 is normal flash content
Probing for MoselVitelic V29C51400B, 512 kB: probe_jedec_common: id1 0xff, id2 0xff, id1 parity violation, id1 is normal flash content, id2 is normal flash content
Probing for MoselVitelic V29C51400T, 512 kB: probe_jedec_common: id1 0xff, id2 0xff, id1 parity violation, id1 is normal flash content, id2 is normal flash content
Probing for MoselVitelic V29LC51000, 64 kB: probe_jedec_common: id1 0xff, id2 0xff, id1 parity violation, id1 is normal flash content, id2 is normal flash content
Probing for MoselVitelic V29LC51001, 128 kB: probe_jedec_common: id1 0xff, id2 0xff, id1 parity violation, id1 is normal flash content, id2 is normal flash content
Probing for MoselVitelic V29LC51002, 256 kB: probe_jedec_common: id1 0xff, id2 0xff, id1 parity violation, id1 is normal flash content, id2 is normal flash content
Probing for Numonyx M25PE10, 128 kB: id1 0xef, id2 0x6017
Probing for Numonyx M25PE20, 256 kB: id1 0xef, id2 0x6017
Probing for Numonyx M25PE40, 512 kB: id1 0xef, id2 0x6017
Probing for Numonyx M25PE80, 1024 kB: id1 0xef, id2 0x6017
Probing for Numonyx M25PE16, 2048 kB: id1 0xef, id2 0x6017
Probing for Numonyx N25Q064..1E, 8192 kB: id1 0xef, id2 0x6017
Probing for Numonyx N25Q064..3E, 8192 kB: id1 0xef, id2 0x6017
Probing for Numonyx N25Q256..3E/MT25QL256, 32768 kB: id1 0xef, id2 0x6017
Probing for Micron N25Q512..3E/MT25QL512, 65536 kB: id1 0xef, id2 0x6017
Probing for PMC Pm25LV010, 128 kB: id1 0xef, id2 0x6017
Probing for PMC Pm25LV016B, 2048 kB: id1 0xef, id2 0x6017
Probing for PMC Pm25LV020, 256 kB: id1 0xef, id2 0x6017
Probing for PMC Pm25LV040, 512 kB: id1 0xef, id2 0x6017
Probing for PMC Pm25LV080B, 1024 kB: id1 0xef, id2 0x6017
Probing for PMC Pm25LV512, 64 kB: id1 0xef, id2 0x6017
Probing for PMC Pm29F002T, 256 kB: Chip lacks correct probe timing information, using default 10mS/40uS. probe_jedec_common: id1 0xff, id2 0xff, id1 parity violation, id1 is normal flash content, id2 is normal flash content
Probing for PMC Pm29F002B, 256 kB: Chip lacks correct probe timing information, using default 10mS/40uS. probe_jedec_common: id1 0xff, id2 0xff, id1 parity violation, id1 is normal flash content, id2 is normal flash content
Probing for PMC Pm39LV010, 128 kB: probe_jedec_common: id1 0xff, id2 0xff, id1 parity violation, id1 is normal flash content, id2 is normal flash content
Probing for PMC Pm39LV020, 256 kB: probe_jedec_common: id1 0xff, id2 0xff, id1 parity violation, id1 is normal flash content, id2 is normal flash content
Probing for PMC Pm39LV040, 512 kB: probe_jedec_common: id1 0xff, id2 0xff, id1 parity violation, id1 is normal flash content, id2 is normal flash content
Probing for PMC Pm49FL002, 256 kB: probe_jedec_common: id1 0xff, id2 0xff, id1 parity violation, id1 is normal flash content, id2 is normal flash content
Probing for PMC Pm49FL004, 512 kB: probe_jedec_common: id1 0xff, id2 0xff, id1 parity violation, id1 is normal flash content, id2 is normal flash content
Probing for Sanyo LF25FW203A, 2048 kB: id1 0xef, id2 0x6017
Probing for Sharp LH28F008BJT-BTLZ1, 1024 kB: probe_82802ab: id1 0x4c, id2 0x41, id1 is normal flash content, id2 is normal flash content
Probing for Sharp LHF00L04, 1024 kB: probe_82802ab: id1 0x4c, id2 0x41, id1 is normal flash content, id2 is normal flash content
Probing for Spansion S25FL004A, 512 kB: id1 0xef, id2 0x6017
Probing for Spansion S25FL004A, 512 kB: id1 0xef, id2 0x6017
Probing for Spansion S25FL008A, 1024 kB: id1 0xef, id2 0x6017
Probing for Spansion S25FL016A, 2048 kB: id1 0xef, id2 0x6017
Probing for Spansion S25FL032A, 4096 kB: id1 0xef, id2 0x6017
Probing for Spansion S25FL064A, 8192 kB: id1 0xef, id2 0x6017
Probing for Spansion S25FL116K, 2048 kB: id1 0xef, id2 0x6017
Probing for Spansion S25FS128S Large Sectors, 16384 kB:  0xef 0x60 0x17 0x00 0x00 0x00.
Probing for Spansion S25FS128S Small Sectors, 16384 kB:  0xef 0x60 0x17 0x00 0x00 0x00.
Probing for Spansion S25FL256S Large Sectors, 16384 kB:  0xef 0x60 0x17 0x00 0x00 0x00.
Probing for Spansion S25FL256S Small Sectors, 16384 kB:  0xef 0x60 0x17 0x00 0x00 0x00.
Probing for Spansion S25FL128S_UL Uniform 128 kB Sectors, 16384 kB:  0xef 0x60 0x17 0x00 0x00 0x00.
Probing for Spansion S25FL128S_US Uniform 64 kB Sectors, 16384 kB:  0xef 0x60 0x17 0x00 0x00 0x00.
Probing for SST SST25LF040A, 512 kB: Invalid OPCODE 0xab, will not execute.
Probing for SST SST25LF080A, 1024 kB: Invalid OPCODE 0xab, will not execute.
Probing for SST SST25VF010, 128 kB: Invalid OPCODE 0x90, will not execute.
Probing for Spansion S25FL032A, 4096 kB: id1 0xef, id2 0x6017
Probing for Spansion S25FL064A, 8192 kB: id1 0xef, id2 0x6017
Probing for SST SST25VF010.REMS, 128 kB: Invalid OPCODE 0x90, will not execute.
Probing for SST SST25VF016B, 2048 kB: id1 0xef, id2 0x6017
Probing for SST SST25VF032B, 4096 kB: id1 0xef, id2 0x6017
Probing for SST SST25VF064C, 8192 kB: id1 0xef, id2 0x6017
Probing for SST SST25VF040, 512 kB: Invalid OPCODE 0x90, will not execute.
Probing for SST SST25VF040B, 512 kB: id1 0xef, id2 0x6017
Probing for SST SST25VF040B.REMS, 512 kB: Invalid OPCODE 0x90, will not execute.
Probing for SST SST25VF080B, 1024 kB: id1 0xef, id2 0x6017
Probing for SST SST28SF040A, 512 kB: probe_82802ab: id1 0xff, id2 0xff, id1 parity violation, id1 is normal flash content, id2 is normal flash content
Probing for SST SST29EE010, 128 kB: probe_jedec_common: id1 0xff, id2 0xff, id1 parity violation, id1 is normal flash content, id2 is normal flash content
Probing for SST SST29LE010, 128 kB: probe_jedec_common: id1 0xff, id2 0xff, id1 parity violation, id1 is normal flash content, id2 is normal flash content
Probing for SST SST29EE020A, 256 kB: probe_jedec_common: id1 0xff, id2 0xff, id1 parity violation, id1 is normal flash content, id2 is normal flash content
Probing for SST SST29LE020, 256 kB: probe_jedec_common: id1 0xff, id2 0xff, id1 parity violation, id1 is normal flash content, id2 is normal flash content
Probing for SST SST39SF512, 64 kB: probe_jedec_common: id1 0xff, id2 0xff, id1 parity violation, id1 is normal flash content, id2 is normal flash content
Probing for SST SST39SF010A, 128 kB: probe_jedec_common: id1 0xff, id2 0xff, id1 parity violation, id1 is normal flash content, id2 is normal flash content
Probing for SST SST39SF020A, 256 kB: probe_jedec_common: id1 0xff, id2 0xff, id1 parity violation, id1 is normal flash content, id2 is normal flash content
Probing for SST SST39SF040, 512 kB: probe_jedec_common: id1 0xff, id2 0xff, id1 parity violation, id1 is normal flash content, id2 is normal flash content
Probing for SST SST39VF512, 64 kB: probe_jedec_common: id1 0xff, id2 0xff, id1 parity violation, id1 is normal flash content, id2 is normal flash content
Probing for SST SST39VF010, 128 kB: probe_jedec_common: id1 0xff, id2 0xff, id1 parity violation, id1 is normal flash content, id2 is normal flash content
Probing for SST SST39VF020, 256 kB: probe_jedec_common: id1 0xff, id2 0xff, id1 parity violation, id1 is normal flash content, id2 is normal flash content
Probing for SST SST39VF040, 512 kB: probe_jedec_common: id1 0xff, id2 0xff, id1 parity violation, id1 is normal flash content, id2 is normal flash content
Probing for SST SST39VF080, 1024 kB: probe_jedec_common: id1 0x4c, id2 0x41, id1 is normal flash content, id2 is normal flash content
Probing for SST SST49LF002A/B, 256 kB: probe_jedec_common: id1 0xff, id2 0xff, id1 parity violation, id1 is normal flash content, id2 is normal flash content
Probing for SST SST49LF003A/B, 384 kB: probe_jedec_common: id1 0x60, id2 0x89, id1 parity violation, id1 is normal flash content, id2 is normal flash content
Probing for SST SST49LF004A/B, 512 kB: probe_jedec_common: id1 0xff, id2 0xff, id1 parity violation, id1 is normal flash content, id2 is normal flash content
Probing for SST SST49LF004C, 512 kB: probe_82802ab: id1 0xff, id2 0xff, id1 parity violation, id1 is normal flash content, id2 is normal flash content
Probing for SST SST49LF008A, 1024 kB: probe_jedec_common: id1 0x4c, id2 0x41, id1 is normal flash content, id2 is normal flash content
Probing for SST SST49LF008C, 1024 kB: probe_82802ab: id1 0x4c, id2 0x41, id1 is normal flash content, id2 is normal flash content
Probing for SST SST49LF016C, 2048 kB: Chip size 2048 kB is bigger than supported size 1024 kB of chipset/board/programmer for FWH interface, probe/read/erase/write may fail. probe_82802ab: id1 0x5f, id2 0x53, id1 parity violation, id1 is normal flash content, id2 is normal flash content
Probing for SST SST49LF020, 256 kB: probe_jedec_common: id1 0xff, id2 0xff, id1 parity violation, id1 is normal flash content, id2 is normal flash content
Probing for SST SST49LF020A, 256 kB: probe_jedec_common: id1 0xff, id2 0xff, id1 parity violation, id1 is normal flash content, id2 is normal flash content
Probing for SST SST49LF040, 512 kB: probe_jedec_common: id1 0xff, id2 0xff, id1 parity violation, id1 is normal flash content, id2 is normal flash content
Probing for SST SST49LF040B, 512 kB: probe_jedec_common: id1 0xff, id2 0xff, id1 parity violation, id1 is normal flash content, id2 is normal flash content
Probing for SST SST49LF080A, 1024 kB: Chip lacks correct probe timing information, using default 10mS/40uS. probe_jedec_common: id1 0x4c, id2 0x41, id1 is normal flash content, id2 is normal flash content
Probing for SST SST49LF160C, 2048 kB: probe_82802ab: id1 0x5f, id2 0x53, id1 parity violation, id1 is normal flash content, id2 is normal flash content
Probing for ST M25P05-A, 64 kB: id1 0xef, id2 0x6017
Probing for ST M25P05, 64 kB: Ignoring RES in favour of RDID.
Probing for ST M25P10-A, 128 kB: id1 0xef, id2 0x6017
Probing for ST M25P10, 128 kB: Ignoring RES in favour of RDID.
Probing for ST M25P20, 256 kB: id1 0xef, id2 0x6017
Probing for ST M25P40, 512 kB: id1 0xef, id2 0x6017
Probing for ST M25P40-old, 512 kB: Ignoring RES in favour of RDID.
Probing for ST M25P80, 1024 kB: id1 0xef, id2 0x6017
Probing for ST M25P16, 2048 kB: id1 0xef, id2 0x6017
Probing for ST M25P32, 4096 kB: id1 0xef, id2 0x6017
Probing for ST M25P64, 8192 kB: id1 0xef, id2 0x6017
Probing for ST M25P128, 16384 kB: id1 0xef, id2 0x6017
Probing for ST M25PX16, 2048 kB: id1 0xef, id2 0x6017
Probing for ST M25PX32, 4096 kB: id1 0xef, id2 0x6017
Probing for ST M25PX64, 8192 kB: id1 0xef, id2 0x6017
Probing for ST M25PX32, 4096 kB: id1 0xef, id2 0x6017
Probing for ST M25PX64, 8192 kB: id1 0xef, id2 0x6017
Probing for ST M29F002B, 256 kB: probe_jedec_common: id1 0xff, id2 0xff, id1 parity violation, id1 is normal flash content, id2 is normal flash content
Probing for ST M29F002T/NT, 256 kB: probe_jedec_common: id1 0xff, id2 0xff, id1 parity violation, id1 is normal flash content, id2 is normal flash content
Probing for ST M29F040B, 512 kB: probe_jedec_common: id1 0xff, id2 0xff, id1 parity violation, id1 is normal flash content, id2 is normal flash content
Probing for ST M29F400BB, 512 kB: probe_m29f400bt: id1 0xff, id2 0xff
Probing for ST M29F400BT, 512 kB: probe_m29f400bt: id1 0xff, id2 0xff
Probing for ST M29W010B, 128 kB: probe_jedec_common: id1 0xff, id2 0xff, id1 parity violation, id1 is normal flash content, id2 is normal flash content
Probing for ST M29W040B, 512 kB: probe_jedec_common: id1 0xff, id2 0xff, id1 parity violation, id1 is normal flash content, id2 is normal flash content
Probing for ST M29W512B, 64 kB: probe_jedec_common: id1 0xff, id2 0xff, id1 parity violation, id1 is normal flash content, id2 is normal flash content
Probing for ST M50FLW040A, 512 kB: probe_82802ab: id1 0xff, id2 0xff, id1 parity violation, id1 is normal flash content, id2 is normal flash content
Probing for ST M50FLW040B, 512 kB: probe_82802ab: id1 0xff, id2 0xff, id1 parity violation, id1 is normal flash content, id2 is normal flash content
Probing for ST M50FLW080A, 1024 kB: probe_82802ab: id1 0x4c, id2 0x41, id1 is normal flash content, id2 is normal flash content
Probing for ST M50FLW080B, 1024 kB: probe_82802ab: id1 0x4c, id2 0x41, id1 is normal flash content, id2 is normal flash content
Probing for ST M50FW002, 256 kB: probe_82802ab: id1 0xff, id2 0xff, id1 parity violation, id1 is normal flash content, id2 is normal flash content
Probing for ST M50FW016, 2048 kB: Chip size 2048 kB is bigger than supported size 1024 kB of chipset/board/programmer for FWH interface, probe/read/erase/write may fail. probe_82802ab: id1 0x5f, id2 0x53, id1 parity violation, id1 is normal flash content, id2 is normal flash content
Probing for ST M50FW040, 512 kB: probe_82802ab: id1 0xff, id2 0xff, id1 parity violation, id1 is normal flash content, id2 is normal flash content
Probing for ST M50FW080, 1024 kB: probe_82802ab: id1 0x4c, id2 0x41, id1 is normal flash content, id2 is normal flash content
Probing for ST M50LPW116, 2048 kB: probe_82802ab: id1 0x5f, id2 0x53, id1 parity violation, id1 is normal flash content, id2 is normal flash content
Probing for SyncMOS/MoselVitelic {F,S,V}29C51001B, 128 kB: probe_jedec_common: id1 0xff, id2 0xff, id1 parity violation, id1 is normal flash content, id2 is normal flash content
Probing for SyncMOS/MoselVitelic {F,S,V}29C51001T, 128 kB: probe_jedec_common: id1 0xff, id2 0xff, id1 parity violation, id1 is normal flash content, id2 is normal flash content
Probing for SyncMOS/MoselVitelic {F,S,V}29C51002B, 256 kB: probe_jedec_common: id1 0xff, id2 0xff, id1 parity violation, id1 is normal flash content, id2 is normal flash content
Probing for SyncMOS/MoselVitelic {F,S,V}29C51002T, 256 kB: probe_jedec_common: id1 0xff, id2 0xff, id1 parity violation, id1 is normal flash content, id2 is normal flash content
Probing for SyncMOS/MoselVitelic {F,S,V}29C51004B, 512 kB: probe_jedec_common: id1 0xff, id2 0xff, id1 parity violation, id1 is normal flash content, id2 is normal flash content
Probing for SyncMOS/MoselVitelic {F,S,V}29C51004T, 512 kB: probe_jedec_common: id1 0xff, id2 0xff, id1 parity violation, id1 is normal flash content, id2 is normal flash content
Probing for SyncMOS/MoselVitelic {S,V}29C31004B, 512 kB: probe_jedec_common: id1 0xff, id2 0xff, id1 parity violation, id1 is normal flash content, id2 is normal flash content
Probing for SyncMOS/MoselVitelic {S,V}29C31004T, 512 kB: probe_jedec_common: id1 0xff, id2 0xff, id1 parity violation, id1 is normal flash content, id2 is normal flash content
Probing for TI TMS29F002RB, 256 kB: probe_jedec_common: id1 0xff, id2 0xff, id1 parity violation, id1 is normal flash content, id2 is normal flash content
Probing for TI TMS29F002RT, 256 kB: probe_jedec_common: id1 0xff, id2 0xff, id1 parity violation, id1 is normal flash content, id2 is normal flash content
Probing for Winbond W25Q256.V, 32768 kB: id1 0xef, id2 0x6017
Probing for Winbond W25Q40EW, 512 kB: id1 0xef, id2 0x6017
Probing for Winbond W25Q80, 1024 kB: id1 0xef, id2 0x6017
Probing for Winbond W25Q16, 2048 kB: id1 0xef, id2 0x6017
Probing for Winbond W25Q32, 4096 kB: id1 0xef, id2 0x6017
Probing for Winbond W25Q32DW, 4096 kB: id1 0xef, id2 0x6017
Probing for Winbond W25Q64, 8192 kB: id1 0xef, id2 0x6017
Probing for Winbond W25Q64DW, 8192 kB: id1 0xef, id2 0x6017
Found Winbond flash chip "W25Q64DW" (8192 kB, SPI) at physical address 0xff800000.
Probing for Winbond W25Q128.V, 16384 kB: id1 0xef, id2 0x6017
Probing for Winbond W25Q128FW, 16384 kB: id1 0xef, id2 0x6017
Probing for Winbond W25Q128J, 16384 kB: id1 0xef, id2 0x6017
Probing for Winbond W25Q256JV, 32768 kB: id1 0xef, id2 0x6017
Probing for Winbond W25Q32JW, 4096 kB: id1 0xef, id2 0x6017
Probing for Winbond W25X10, 128 kB: id1 0xef, id2 0x6017
Probing for Winbond W25X20, 256 kB: id1 0xef, id2 0x6017
Probing for Winbond W25X40, 512 kB: id1 0xef, id2 0x6017
Probing for Winbond W25X80, 1024 kB: id1 0xef, id2 0x6017
Probing for Winbond W25X16, 2048 kB: id1 0xef, id2 0x6017
Probing for Winbond W25X32, 4096 kB: id1 0xef, id2 0x6017
Probing for Winbond W25X64, 8192 kB: id1 0xef, id2 0x6017
Probing for Winbond W29C010(M)/W29C011A/W29EE011/W29EE012-old, 128 kB: Old Winbond W29* probe method disabled because the probing sequence puts the AMIC A49LF040A in a funky state. Use 'flashrom -c W29C010(M)/W29C011A/W29EE011/W29EE012-old' if you have a board with such a chip.
Probing for Winbond W29C010(M)/W29C011A/W29EE011/W29EE012, 128 kB: probe_jedec_common: id1 0xff, id2 0xff, id1 parity violation, id1 is normal flash content, id2 is normal flash content
Probing for Winbond W29C020(C)/W29C022, 256 kB: probe_jedec_common: id1 0xff, id2 0xff, id1 parity violation, id1 is normal flash content, id2 is normal flash content
Probing for Winbond W29C040/P, 512 kB: probe_jedec_common: id1 0xff, id2 0xff, id1 parity violation, id1 is normal flash content, id2 is normal flash content
Probing for Winbond W39L040, 512 kB: probe_jedec_common: id1 0xff, id2 0xff, id1 parity violation, id1 is normal flash content, id2 is normal flash content
Probing for Winbond W39V040A, 512 kB: probe_jedec_common: id1 0xff, id2 0xff, id1 parity violation, id1 is normal flash content, id2 is normal flash content
Probing for Winbond W39V040B, 512 kB: probe_jedec_common: id1 0xff, id2 0xff, id1 parity violation, id1 is normal flash content, id2 is normal flash content
Probing for Winbond W39V040C, 512 kB: probe_jedec_common: id1 0xff, id2 0xff, id1 parity violation, id1 is normal flash content, id2 is normal flash content
Probing for Winbond W39V040FA, 512 kB: probe_jedec_common: id1 0xff, id2 0xff, id1 parity violation, id1 is normal flash content, id2 is normal flash content
Probing for Winbond W39V040FB, 512 kB: probe_jedec_common: id1 0xff, id2 0xff, id1 parity violation, id1 is normal flash content, id2 is normal flash content
Probing for Winbond W39V040FC, 512 kB: probe_jedec_common: id1 0xff, id2 0xff, id1 parity violation, id1 is normal flash content, id2 is normal flash content
Probing for Winbond W39V040FB, 512 kB: probe_jedec_common: id1 0xff, id2 0xff, id1 parity violation, id1 is normal flash content, id2 is normal flash content
Probing for Winbond W39V040FC, 512 kB: probe_jedec_common: id1 0xff, id2 0xff, id1 parity violation, id1 is normal flash content, id2 is normal flash content
Probing for Winbond W39V080A, 1024 kB: probe_jedec_common: id1 0x4c, id2 0x41, id1 is normal flash content, id2 is normal flash content
Probing for Winbond W49F002U/N, 256 kB: probe_jedec_common: id1 0xff, id2 0xff, id1 parity violation, id1 is normal flash content, id2 is normal flash content
Probing for Winbond W49F020, 256 kB: probe_jedec_common: id1 0xff, id2 0xff, id1 parity violation, id1 is normal flash content, id2 is normal flash content
Probing for Winbond W49V002A, 256 kB: probe_jedec_common: id1 0xff, id2 0xff, id1 parity violation, id1 is normal flash content, id2 is normal flash content
Probing for Winbond W49V002FA, 256 kB: probe_jedec_common: id1 0xff, id2 0xff, id1 parity violation, id1 is normal flash content, id2 is normal flash content
Probing for Winbond W39V080FA, 1024 kB: probe_jedec_common: id1 0x4c, id2 0x41, id1 is normal flash content, id2 is normal flash content
Probing for Winbond W39V080FA (dual mode), 512 kB: probe_jedec_common: id1 0xff, id2 0xff, id1 parity violation, id1 is normal flash content, id2 is normal flash content
Probing for AMIC unknown AMIC SPI chip, 0 kB: id1 0xef, id2 0x6017
Probing for Atmel unknown Atmel SPI chip, 0 kB: id1 0xef, id2 0x6017
Probing for Eon unknown Eon SPI chip, 0 kB: id1 0xef, id2 0x6017
Probing for Macronix unknown Macronix SPI chip, 0 kB: id1 0xef, id2 0x6017
Probing for PMC unknown PMC SPI chip, 0 kB: id1 0xef, id2 0x6017
Probing for SST unknown SST SPI chip, 0 kB: id1 0xef, id2 0x6017
Probing for ST unknown ST SPI chip, 0 kB: id1 0xef, id2 0x6017
Probing for Sanyo unknown Sanyo SPI chip, 0 kB: id1 0xef, id2 0x6017
Probing for Generic Variable Size SPI chip, 64 kB: Probing for Generic unknown SPI chip (RDID), 0 kB: id1 0xef, id2 0x6017
Probing for Generic unknown SPI chip (REMS), 0 kB: Invalid OPCODE 0x90, will not execute.
No -i argument is specified, set ignore_fmap.
Invalid OPCODE 0x35, will not execute.
RDSR2 failed!
WP: status: 0x0094
WP: status.srp0: 1
WP: status.srp1: 0
WP: write protect is enabled.
WP: write protect range: start=0x00600000, len=0x00200000
Restoring MMIO space at 0x7b4f495050a0
Restoring MMIO space at 0x7b4f49506000
Restoring MMIO space at 0x7b4f4950a01c
restore_power_management: Re-enabling power management.
# Extracting BIOS components...
+ flashrom -p host -r /dev/null -iGBB:GBB -iFMAP:FMAP -iVBLOCK_A:VBLOCK_A -iVBLOCK_B:VBLOCK_B -iFW_MAIN_A:FW_MAIN_A -iFW_MAIN_B:FW_MAIN_B
flashrom v0.9.9  : b2d845b : May 29 2019 13:27:30 UTC on Linux 4.4.180-16566-g51163f4278d1 (x86_64)
Calibrating delay loop... OK.
coreboot table found at 0x7ae6e000.
Mapping BYT IBASE at 0xfed08000, unaligned size 0x200.
Mapping BYT SBASE at 0xfed01000, unaligned size 0x200.
read_from_file failed to read 6356992 bytes
No fmap entries found in /dev/null
Block protection could not be disabled!
Reading flash... SUCCESS
+ futility dump_fmap FMAP
hit at 0x00000000
fmap_signature   __FMAP__
fmap_version:    1.0
fmap_base:       0x0
fmap_size:       0x00800000 (8388608)
fmap_name:       FMAP
fmap_nareas:     31
area:            1
area_offset:     0x00000000
area_size:       0x00200000 (2097152)
area_name:       SI_ALL
area:            2
area_offset:     0x00000000
area_size:       0x00001000 (4096)
area_name:       SI_DESC
area:            3
area_offset:     0x00001000
area_size:       0x001ff000 (2093056)
area_name:       SI_ME
area:            4
area_offset:     0x00200000
area_size:       0x00600000 (6291456)
area_name:       SI_BIOS
area:            5
area_offset:     0x00200000
area_size:       0x000f0000 (983040)
area_name:       RW_SECTION_A
area:            6
area_offset:     0x00200000
area_size:       0x00010000 (65536)
area_name:       VBLOCK_A
area:            7
area_offset:     0x00210000
area_size:       0x000c0000 (786432)
area_name:       FW_MAIN_A
area:            8
area_offset:     0x002d0000
area_size:       0x0001ffc0 (131008)
area_name:       EC_MAIN_A
area:            9
area_offset:     0x002effc0
area_size:       0x00000040 (64)
area_name:       RW_FWID_A
area:            10
area_offset:     0x002f0000
area_size:       0x000f0000 (983040)
area_name:       RW_SECTION_B
area:            11
area_offset:     0x002f0000
area_size:       0x00010000 (65536)
area_name:       VBLOCK_B
area:            12
area_offset:     0x00300000
area_size:       0x000c0000 (786432)
area_name:       FW_MAIN_B
area:            13
area_offset:     0x003c0000
area_size:       0x0001ffc0 (131008)
area_name:       EC_MAIN_B
area:            14
area_offset:     0x003dffc0
area_size:       0x00000040 (64)
area_name:       RW_FWID_B
area:            15
area_offset:     0x003e0000
area_size:       0x00010000 (65536)
area_name:       RW_MRC_CACHE
area:            16
area_offset:     0x003f0000
area_size:       0x00004000 (16384)
area_name:       RW_ELOG
area:            17
area_offset:     0x003f4000
area_size:       0x00004000 (16384)
area_name:       RW_SHARED
area:            18
area_offset:     0x003f4000
area_size:       0x00002000 (8192)
area_name:       SHARED_DATA
area:            19
area_offset:     0x003f6000
area_size:       0x00002000 (8192)
area_name:       VBLOCK_DEV
area:            20
area_offset:     0x003f8000
area_size:       0x00002000 (8192)
area_name:       RW_VPD
area:            21
area_offset:     0x003fa000
area_size:       0x00006000 (24576)
area_name:       RW_UNUSED
area:            22
area_offset:     0x00400000
area_size:       0x00200000 (2097152)
area_name:       RW_LEGACY
area:            23
area_offset:     0x00600000
area_size:       0x00200000 (2097152)
area_name:       WP_RO
area:            24
area_offset:     0x00600000
area_size:       0x00004000 (16384)
area_name:       RO_VPD
area:            25
area_offset:     0x00604000
area_size:       0x0000c000 (49152)
area_name:       RO_UNUSED
area:            26
area_offset:     0x00610000
area_size:       0x001f0000 (2031616)
area_name:       RO_SECTION
area:            27
area_offset:     0x00610000
area_size:       0x00000800 (2048)
area_name:       FMAP
area:            28
area_offset:     0x00610800
area_size:       0x00000040 (64)
area_name:       RO_FRID
area:            29
area_offset:     0x00610840
area_size:       0x000007c0 (1984)
area_name:       RO_FRID_PAD
area:            30
area_offset:     0x00611000
area_size:       0x000ef000 (978944)
area_name:       GBB
area:            31
area_offset:     0x00700000
area_size:       0x00100000 (1048576)
area_name:       BOOT_STUB
# Pulling root and recovery keys from GBB...
+ futility gbb -g --rootkey rootkey.vbpubk --recoverykey recoverykey.vbpubk GBB
 - exported root_key to file: rootkey.vbpubk
 - exported recovery_key to file: recoverykey.vbpubk
+ futility vbutil_key --unpack rootkey.vbpubk
Public Key file:   rootkey.vbpubk
Algorithm:         11 RSA8192 SHA512
Key Version:       1
Key sha1sum:       952dd6852c11fd8b36b4fb88f3335ecae722e0e6
+ futility vbutil_key --unpack recoverykey.vbpubk
Public Key file:   recoverykey.vbpubk
Algorithm:         11 RSA8192 SHA512
Key Version:       1
Key sha1sum:       c989d1ab66d2a67886e1019330812cb9e4e48f31
# Verify firmware A with root key: 
+ futility vbutil_firmware --verify VBLOCK_A --signpubkey rootkey.vbpubk --fv FW_MAIN_A --kernelkey kern_subkey_A.vbpubk
Key block:
  Size:                2232
  Flags:               7 (ignored)
  Data key algorithm:  8 RSA4096 SHA512
  Data key version:    10
  Data key sha1sum:    9138a036130f9c162cc447ff5c9b0ae09fb7db01
Preamble:
  Size:                  2164
  Header version:        2.1
  Firmware version:      4
  Kernel key algorithm:  7 RSA4096 SHA256
  Kernel key version:    4
  Kernel key sha1sum:    053ee6d400fc9d16ea55448f94335c0ab2f19c72
  Firmware body size:    154472
  Preamble flags:        0
Body verification succeeded.
# OK
#   TPM=0x000a0004, this=0x000a0004
# Verify firmware B with root key: 
+ futility vbutil_firmware --verify VBLOCK_B --signpubkey rootkey.vbpubk --fv FW_MAIN_B --kernelkey kern_subkey_B.vbpubk
Key block:
  Size:                2232
  Flags:               7 (ignored)
  Data key algorithm:  8 RSA4096 SHA512
  Data key version:    10
  Data key sha1sum:    9138a036130f9c162cc447ff5c9b0ae09fb7db01
Preamble:
  Size:                  2164
  Header version:        2.1
  Firmware version:      4
  Kernel key algorithm:  7 RSA4096 SHA256
  Kernel key version:    4
  Kernel key sha1sum:    053ee6d400fc9d16ea55448f94335c0ab2f19c72
  Firmware body size:    154472
  Preamble flags:        0
Body verification succeeded.
# OK
#   TPM=0x000a0004, this=0x000a0004
# Examining kernels...
# copying /dev/mmcblk0p2 to kern_0...
+ dd if=/dev/mmcblk0p2 of=kern_0
32768+0 records in
32768+0 records out
16777216 bytes (17 MB, 16 MiB) copied, 0.189571 s, 88.5 MB/s
# Kernel /dev/mmcblk0p2: 
+ futility vbutil_keyblock --unpack kern_0
Key block file:       kern_0
Signature             ignored
Flags:                7  !DEV DEV !REC
Data key algorithm:   4 RSA2048 SHA256
Data key version:     4
Data key sha1sum:     34701b60247012be4487ee81d2fe943f69da56de
# OK
#   Verify /dev/mmcblk0p2 with kern_subkey_A.vbpubk: 
+ futility vbutil_kernel --verify kern_0 --signpubkey kern_subkey_A.vbpubk
Key block:
  Signature:           valid
  Size:                0x4b8
  Flags:               7  !DEV DEV !REC
  Data key algorithm:  4 RSA2048 SHA256
  Data key version:    4
  Data key sha1sum:    34701b60247012be4487ee81d2fe943f69da56de
Preamble:
  Size:                0xfb48
  Header version:      2.2
  Kernel version:      1
  Body load address:   0x100000
  Body size:           0x65cc00
  Bootloader address:  0x755000
  Bootloader size:     0x4000
  Vmlinuz header address: 0x759000
  Vmlinuz header size:    0x3c00
  Flags          :       0x0
Body verification succeeded.
Config:
console= loglevel=7 init=/sbin/init cros_secure root=/dev/dm-0 rootwait ro dm_verity.error_behavior=3 dm_verity.max_bios=-1 dm_verity.dev_wait=1 dm="1 vroot none ro 1,0 3584000 verity payload=PARTUUID=%U/PARTNROFF=1 hashtree=PARTUUID=%U/PARTNROFF=1 hashstart=3584000 alg=sha1 root_hexdigest=3e8df1ad07c15f9a811aa2a9915a17e8409ccf65 salt=0c7d85cad68fb231a34c12121d933c468594106200a09a1c158d34a9cc182c5e" noinitrd vt.global_cursor_default=0 kern_guid=%U add_efi_memmap boot=local noresume noswap i915.modeset=1 tpm_tis.force=1 tpm_tis.interrupts=0 nmi_watchdog=panic,lapic  
# OK
#     TPM=0x00040001 this=0x00040001
#   Verify /dev/mmcblk0p2 with kern_subkey_B.vbpubk: 
+ futility vbutil_kernel --verify kern_0 --signpubkey kern_subkey_B.vbpubk
Key block:
  Signature:           valid
  Size:                0x4b8
  Flags:               7  !DEV DEV !REC
  Data key algorithm:  4 RSA2048 SHA256
  Data key version:    4
  Data key sha1sum:    34701b60247012be4487ee81d2fe943f69da56de
Preamble:
  Size:                0xfb48
  Header version:      2.2
  Kernel version:      1
  Body load address:   0x100000
  Body size:           0x65cc00
  Bootloader address:  0x755000
  Bootloader size:     0x4000
  Vmlinuz header address: 0x759000
  Vmlinuz header size:    0x3c00
  Flags          :       0x0
Body verification succeeded.
Config:
console= loglevel=7 init=/sbin/init cros_secure root=/dev/dm-0 rootwait ro dm_verity.error_behavior=3 dm_verity.max_bios=-1 dm_verity.dev_wait=1 dm="1 vroot none ro 1,0 3584000 verity payload=PARTUUID=%U/PARTNROFF=1 hashtree=PARTUUID=%U/PARTNROFF=1 hashstart=3584000 alg=sha1 root_hexdigest=3e8df1ad07c15f9a811aa2a9915a17e8409ccf65 salt=0c7d85cad68fb231a34c12121d933c468594106200a09a1c158d34a9cc182c5e" noinitrd vt.global_cursor_default=0 kern_guid=%U add_efi_memmap boot=local noresume noswap i915.modeset=1 tpm_tis.force=1 tpm_tis.interrupts=0 nmi_watchdog=panic,lapic  
# OK
#     TPM=0x00040001 this=0x00040001
#   Verify /dev/mmcblk0p2 with recoverykey.vbpubk: 
+ futility vbutil_kernel --verify kern_0 --signpubkey recoverykey.vbpubk
Error verifying key block.
# FAILED
# copying /dev/mmcblk0p4 to kern_1...
+ dd if=/dev/mmcblk0p4 of=kern_1
32768+0 records in
32768+0 records out
16777216 bytes (17 MB, 16 MiB) copied, 0.190027 s, 88.3 MB/s
# Kernel /dev/mmcblk0p4: 
+ futility vbutil_keyblock --unpack kern_1
Key block file:       kern_1
Signature             ignored
Flags:                7  !DEV DEV !REC
Data key algorithm:   4 RSA2048 SHA256
Data key version:     4
Data key sha1sum:     34701b60247012be4487ee81d2fe943f69da56de
# OK
#   Verify /dev/mmcblk0p4 with kern_subkey_A.vbpubk: 
+ futility vbutil_kernel --verify kern_1 --signpubkey kern_subkey_A.vbpubk
Key block:
  Signature:           valid
  Size:                0x4b8
  Flags:               7  !DEV DEV !REC
  Data key algorithm:  4 RSA2048 SHA256
  Data key version:    4
  Data key sha1sum:    34701b60247012be4487ee81d2fe943f69da56de
Preamble:
  Size:                0xfb48
  Header version:      2.2
  Kernel version:      1
  Body load address:   0x100000
  Body size:           0x65cc00
  Bootloader address:  0x755000
  Bootloader size:     0x4000
  Vmlinuz header address: 0x759000
  Vmlinuz header size:    0x3c00
  Flags          :       0x0
Body verification succeeded.
Config:
console= loglevel=7 init=/sbin/init cros_secure root=/dev/dm-0 rootwait ro dm_verity.error_behavior=3 dm_verity.max_bios=-1 dm_verity.dev_wait=1 dm="1 vroot none ro 1,0 3584000 verity payload=PARTUUID=%U/PARTNROFF=1 hashtree=PARTUUID=%U/PARTNROFF=1 hashstart=3584000 alg=sha1 root_hexdigest=3e8df1ad07c15f9a811aa2a9915a17e8409ccf65 salt=0c7d85cad68fb231a34c12121d933c468594106200a09a1c158d34a9cc182c5e" noinitrd vt.global_cursor_default=0 kern_guid=%U add_efi_memmap boot=local noresume noswap i915.modeset=1 tpm_tis.force=1 tpm_tis.interrupts=0 nmi_watchdog=panic,lapic  
# OK
#     TPM=0x00040001 this=0x00040001
#   Verify /dev/mmcblk0p4 with kern_subkey_B.vbpubk: 
+ futility vbutil_kernel --verify kern_1 --signpubkey kern_subkey_B.vbpubk
Key block:
  Signature:           valid
  Size:                0x4b8
  Flags:               7  !DEV DEV !REC
  Data key algorithm:  4 RSA2048 SHA256
  Data key version:    4
  Data key sha1sum:    34701b60247012be4487ee81d2fe943f69da56de
Preamble:
  Size:                0xfb48
  Header version:      2.2
  Kernel version:      1
  Body load address:   0x100000
  Body size:           0x65cc00
  Bootloader address:  0x755000
  Bootloader size:     0x4000
  Vmlinuz header address: 0x759000
  Vmlinuz header size:    0x3c00
  Flags          :       0x0
Body verification succeeded.
Config:
console= loglevel=7 init=/sbin/init cros_secure root=/dev/dm-0 rootwait ro dm_verity.error_behavior=3 dm_verity.max_bios=-1 dm_verity.dev_wait=1 dm="1 vroot none ro 1,0 3584000 verity payload=PARTUUID=%U/PARTNROFF=1 hashtree=PARTUUID=%U/PARTNROFF=1 hashstart=3584000 alg=sha1 root_hexdigest=3e8df1ad07c15f9a811aa2a9915a17e8409ccf65 salt=0c7d85cad68fb231a34c12121d933c468594106200a09a1c158d34a9cc182c5e" noinitrd vt.global_cursor_default=0 kern_guid=%U add_efi_memmap boot=local noresume noswap i915.modeset=1 tpm_tis.force=1 tpm_tis.interrupts=0 nmi_watchdog=panic,lapic  
# OK
#     TPM=0x00040001 this=0x00040001
#   Verify /dev/mmcblk0p4 with recoverykey.vbpubk: 
+ futility vbutil_kernel --verify kern_1 --signpubkey recoverykey.vbpubk
Error verifying key block.
# FAILED
# copying /dev/mmcblk0p6 to kern_2...
+ dd if=/dev/mmcblk0p6 of=kern_2
1+0 records in
1+0 records out
512 bytes copied, 0.0022683 s, 226 kB/s
# Kernel /dev/mmcblk0p6: 
+ futility vbutil_keyblock --unpack kern_2
Invalid key block file: kern_2
vbutil_keyblock: Error reading key block.
# FAILED
+ od -Ax -tx1 kern_2 | head
000000 00 00 00 00 00 00 00 00 00 00 00 00 00 00 00 00
*
000200
