[0405/074839.375182:INFO:mount_encrypted.cc(245)] Starting.
[0405/074839.375258:ERROR:metric_sample.cc(43)] No buckets for linear histogram "Platform.MountEncrypted.EncryptedFsType"
[0405/074839.376464:INFO:encrypted_fs.cc(542)] VFS mount state sanity check ok.
[0405/074839.376528:INFO:tpm.cc(304)] TPM ready
[0405/074839.376559:INFO:mount_encrypted.cc(63)] Fetching System Property: mainfw_type
[0405/074839.376679:INFO:mount_encrypted.cc(65)] Got System Property 'mainfw_type': normal
[0405/074839.407205:INFO:tpm.cc(459)] No encstateful NVRAM area defined.
[0405/074839.407250:ERROR:tpm1.cc(495)] encstateful space contents absent or too short.
[0405/074839.474322:INFO:tpm.cc(433)] Version 2 Lockbox NVRAM area found.
[0405/074839.474390:INFO:encryption_key.cc(209)] Using NVRAM as system key; already populated.
[0405/074839.482587:INFO:mount_encrypted.cc(193)] There is no biod, so skip sending TPM seed.
[0405/074839.482626:INFO:encrypted_fs.cc(307)] Loopback attaching /mnt/stateful_partition/encrypted.block named encstateful
[0405/074839.495694:INFO:encrypted_fs.cc(334)] Setting up dm-crypt /dev/loop0 as /dev/mapper/encstateful
[0405/074839.573908:INFO:encrypted_fs.cc(395)] Mounting /dev/mapper/encstateful onto /mnt/stateful_partition/encrypted
[0405/074839.581810:INFO:encrypted_fs.cc(103)] Resizing started in 2 second steps.
[0405/074839.581862:INFO:platform.cc(1313)] Resizing filesystem on /dev/mapper/encstateful to 809819
resize2fs 1.44.5 (15-Dec-2018)
The filesystem is already 809819 (4k) blocks long.  Nothing to do!

[0405/074839.589330:INFO:platform.cc(1319)] Resizing process started.
[0405/074839.589391:INFO:encrypted_fs.cc(117)] Resizing done.
[0405/074839.589413:INFO:encrypted_fs.cc(418)] Bind mounting /mnt/stateful_partition/encrypted/var onto /var
[0405/074839.599333:INFO:encrypted_fs.cc(418)] Bind mounting /mnt/stateful_partition/encrypted/chronos onto /home/chronos
[0405/074839.605865:ERROR:tpm1.cc(495)] encstateful space contents absent or too short.
[0405/074839.605911:INFO:mount_encrypted.cc(311)] Lockbox is valid, exporting.
[0405/074839.605934:INFO:mount_encrypted.cc(167)] Export NVRAM contents
[0405/074839.605992:INFO:mount_encrypted.cc(319)] Done.
