2021-02-24T18:39:07.472064-05:00 WARNING shill[1353]: [WARNING:traffic_monitor.cc(212)] Congested tx queues detected, out-of-credits?
2021-02-24T18:51:10.251635-05:00 INFO dhcpcd[2715]: received SIGTERM, stopping
2021-02-24T18:51:10.281867-05:00 INFO dhcpcd[2715]: wlan0: removing interface
2021-02-24T18:51:10.281981-05:00 INFO dhcpcd[2715]: status changed to Release
2021-02-24T18:51:10.282098-05:00 INFO dhcpcd[2715]: dhcpcd exited
2021-02-24T18:51:10.282452-05:00 INFO shill[1353]: [INFO:shill_daemon.cc(38)] ShillDaemon received shutdown.
2021-02-24T18:51:10.282604-05:00 INFO shill[1353]: [INFO:manager.cc(1505)] Device wlan0 updated: enabled
2021-02-24T18:51:10.337773-05:00 INFO shill[1353]: [INFO:service.cc(309)] Disconnecting from service 0: Stop
2021-02-24T18:51:10.382435-05:00 NOTICE wpa_supplicant[603]: wlan0: CTRL-EVENT-DISCONNECTED bssid=16:f6:d8:42:43:7a reason=3 (DEAUTH_LEAVING) locally_generated=1
2021-02-24T18:51:10.382612-05:00 ERR wpa_supplicant[603]: nl80211: Failed to open /proc/sys/net/ipv4/conf/wlan0/drop_unicast_in_l2_multicast: No such file or directory
2021-02-24T18:51:10.382725-05:00 ERR wpa_supplicant[603]: nl80211: Failed to set IPv4 unicast in multicast filter
2021-02-24T18:51:10.382914-05:00 ERR wpa_supplicant[603]: nl80211: Failed to open /proc/sys/net/ipv4/conf/wlan0/drop_unicast_in_l2_multicast: No such file or directory
2021-02-24T18:51:10.382996-05:00 ERR wpa_supplicant[603]: nl80211: Failed to set IPv4 unicast in multicast filter
2021-02-24T18:51:10.384581-05:00 INFO shill[1353]: [INFO:dhcp_config.cc(194)] Stopping 2715 (ReleaseIP)
2021-02-24T18:51:10.389048-05:00 INFO shill[1353]: [INFO:service.cc(401)] Service 0: state Online -> Idle
2021-02-24T18:51:10.389390-05:00 INFO shill[1353]: [INFO:manager.cc(1480)] Service 0 updated; state: Idle
2021-02-24T18:51:10.407530-05:00 ERR wpa_supplicant[603]: nl80211: Failed to open /proc/sys/net/ipv4/conf/wlan0/drop_unicast_in_l2_multicast: No such file or directory
2021-02-24T18:51:10.407650-05:00 ERR wpa_supplicant[603]: nl80211: Failed to set IPv4 unicast in multicast filter
2021-02-24T18:51:10.409728-05:00 ERR shill[1353]: [ERROR:object_proxy.cc(581)] Failed to call method: fi.w1.wpa_supplicant1.Interface.Disconnect: object_path= /fi/w1/wpa_supplicant1/Interfaces/1: fi.w1.wpa_supplicant1.NotConnected: This interface is not connected
2021-02-24T18:51:10.409850-05:00 ERR shill[1353]: [ERROR:dbus_method_invoker.h(113)] CallMethodAndBlockWithTimeout(...): Domain=dbus, Code=fi.w1.wpa_supplicant1.NotConnected, Message=This interface is not connected
2021-02-24T18:51:10.409950-05:00 ERR shill[1353]: [ERROR:chromeos_supplicant_interface_proxy.cc(184)] Failed to disconnect: fi.w1.wpa_supplicant1.NotConnected This interface is not connected
2021-02-24T18:51:10.413509-05:00 INFO shill[1353]: [INFO:manager.cc(1480)] Service 0 updated; state: Idle
2021-02-24T18:51:10.413686-05:00 ERR wpa_supplicant[603]: nl80211: Failed to open /proc/sys/net/ipv4/conf/wlan0/drop_unicast_in_l2_multicast: No such file or directory
2021-02-24T18:51:10.413775-05:00 ERR wpa_supplicant[603]: nl80211: Failed to set IPv4 unicast in multicast filter
2021-02-24T18:51:10.422497-05:00 ERR wpa_supplicant[603]: nl80211: Failed to open /proc/sys/net/ipv4/conf/wlan0/drop_unicast_in_l2_multicast: No such file or directory
2021-02-24T18:51:10.422678-05:00 ERR wpa_supplicant[603]: nl80211: Failed to set IPv4 unicast in multicast filter
2021-02-24T18:51:10.422760-05:00 NOTICE wpa_supplicant[603]: nl80211: deinit ifname=wlan0 disabled_11b_rates=0
2021-02-24T18:51:10.430526-05:00 ERR wpa_supplicant[603]: rmdir[ctrl_interface=/run/wpa_supplicant]: Permission denied
2021-02-24T18:51:10.445562-05:00 INFO shill[1353]: [INFO:service.cc(275)] Service 0 destroyed.
2021-02-24T18:51:10.466872-05:00 INFO shill[1353]: [INFO:modem_manager_1.cc(51)] Stop watching modem manager service: org.freedesktop.ModemManager1
2021-02-24T18:51:10.467125-05:00 INFO shill[1353]: [INFO:power_manager.cc(60)] Stop
2021-02-24T18:51:10.467253-05:00 INFO shill[1353]: [INFO:chromeos_power_manager_proxy.cc(212)] UnregisterSuspendDelayInternal(65601537, dark=false)
2021-02-24T18:51:10.467382-05:00 INFO shill[1353]: [INFO:chromeos_power_manager_proxy.cc(212)] UnregisterSuspendDelayInternal(65634305, dark=true)
2021-02-24T18:51:10.468239-05:00 INFO shill[1353]: [INFO:device.cc(217)] Device destructed: wlan0 index 2
2021-02-24T18:51:10.468347-05:00 INFO shill[1353]: [INFO:service.cc(275)] Service 2 destroyed.
2021-02-24T18:51:10.468434-05:00 INFO shill[1353]: [INFO:service.cc(275)] Service 1 destroyed.
2021-02-24T18:51:10.471494-05:00 INFO shill[1353]: [INFO:shill_main.cc(249)] Process exiting.
2021-02-24T18:51:16.424720-05:00 INFO ModemManager[1651]: <info>  Caught signal, shutting down...
2021-02-24T18:51:16.428040-05:00 INFO ModemManager[1651]: <info>  ModemManager is shut down
2021-02-28T01:19:02.504662-05:00 NOTICE wpa_supplicant[626]: Successfully initialized wpa_supplicant
2021-02-28T01:19:03.464304-05:00 INFO shill[1351]: [INFO:manager.cc(294)] Manager started.
2021-02-28T01:19:03.465929-05:00 INFO shill[1351]: [INFO:chromeos_power_manager_proxy.cc(356)] OnSignalConnected interface: org.chromium.PowerManager signal: SuspendImminentsuccess: 1
2021-02-28T01:19:03.466224-05:00 INFO shill[1351]: [INFO:chromeos_power_manager_proxy.cc(356)] OnSignalConnected interface: org.chromium.PowerManager signal: SuspendDonesuccess: 1
2021-02-28T01:19:03.466644-05:00 INFO shill[1351]: [INFO:chromeos_power_manager_proxy.cc(356)] OnSignalConnected interface: org.chromium.PowerManager signal: DarkSuspendImminentsuccess: 1
2021-02-28T01:19:03.487940-05:00 INFO shill[1351]: [INFO:service.cc(269)] wifi service 0 constructed.
2021-02-28T01:19:03.489669-05:00 INFO shill[1351]: [INFO:wifi_service.cc(173)] Constructed WiFi service 0 name: [SSID=NETGEAR-345]
2021-02-28T01:19:03.490413-05:00 INFO shill[1351]: [INFO:manager.cc(545)] PushProfileInternal finished; 1 profile(s) now present.
2021-02-28T01:19:03.491308-05:00 INFO shill[1351]: [INFO:modem_manager_1.cc(35)] Start watching modem manager service: org.freedesktop.ModemManager1
2021-02-28T01:19:03.492655-05:00 INFO shill[1351]: [INFO:service.cc(269)] ethernet service 1 constructed.
2021-02-28T01:19:03.493288-05:00 INFO shill[1351]: [INFO:service.cc(269)] etherneteap service 2 constructed.
2021-02-28T01:19:03.494377-05:00 INFO shill[1351]: [INFO:device_info.cc(1330)] Creating WiFi device for station mode interface wlan0 at interface index 2
2021-02-28T01:19:03.494494-05:00 INFO shill[1351]: [INFO:device.cc(212)] Device created: wlan0 index 2
2021-02-28T01:19:03.496857-05:00 INFO shill[1351]: [INFO:manager.cc(1224)] Device wlan0 registered.
2021-02-28T01:19:03.497023-05:00 INFO shill[1351]: [INFO:manager.cc(1505)] Device wlan0 updated: enabled
2021-02-28T01:19:03.515465-05:00 INFO shill[1351]: [INFO:wifi.cc(2573)] wlan0: enabled supplicant: absent proxy: null
2021-02-28T01:19:03.518702-05:00 INFO shill[1351]: [INFO:manager.cc(1625)] Default physical service: 0 (not connected)
2021-02-28T01:19:03.518872-05:00 INFO shill[1351]: [INFO:service.cc(291)] Suppressed autoconnect to service 0 (no endpoints)
2021-02-28T01:19:03.520048-05:00 INFO shill[1351]: [INFO:power_manager.cc(171)] OnPowerManagerAppeared
2021-02-28T01:19:03.520211-05:00 INFO shill[1351]: [INFO:chromeos_power_manager_proxy.cc(174)] RegisterSuspendDelayInternal(19500, dark=false)
2021-02-28T01:19:03.521172-05:00 INFO shill[1351]: [INFO:chromeos_power_manager_proxy.cc(174)] RegisterSuspendDelayInternal(19500, dark=true)
2021-02-28T01:19:03.521857-05:00 INFO shill[1351]: [INFO:wifi.cc(2491)] WPA supplicant appeared.
2021-02-28T01:19:03.521997-05:00 INFO shill[1351]: [INFO:wifi.cc(2573)] wlan0: enabled supplicant: present proxy: null
2021-02-28T01:19:03.815094-05:00 INFO shill[1351]: [INFO:wifi.cc(2621)] connected to supplicant on attempt 1
2021-02-28T01:19:03.825594-05:00 INFO shill[1351]: [INFO:wifi.cc(319)] Scan on wlan0 from ConnectToSupplicant
2021-02-28T01:19:06.512398-05:00 INFO ModemManager[1638]: <info>  ModemManager (version 1.11.0) starting in system bus...
2021-02-28T01:19:06.643241-05:00 INFO shill[1351]: [INFO:chromeos_dbus_objectmanager_proxy.cc(94)] OnServiceOwnerChanged old:  new: :1.16
2021-02-28T01:19:06.643414-05:00 INFO shill[1351]: [INFO:chromeos_dbus_objectmanager_proxy.cc(80)] OnServiceAvailable: 1
2021-02-28T01:19:06.643499-05:00 INFO shill[1351]: [INFO:chromeos_dbus_objectmanager_proxy.cc(80)] OnServiceAvailable: 1
2021-02-28T01:19:06.643573-05:00 INFO shill[1351]: [INFO:modem_manager.cc(44)] Modem manager org.freedesktop.ModemManager1 appeared.
2021-02-28T01:19:06.643655-05:00 INFO shill[1351]: [INFO:modem_manager.cc(44)] Modem manager org.freedesktop.ModemManager1 appeared.
2021-02-28T01:19:06.671821-05:00 INFO shill[1351]: [INFO:service.cc(269)] wifi service 3 constructed.
2021-02-28T01:19:06.671981-05:00 INFO shill[1351]: [INFO:wifi_service.cc(173)] Constructed WiFi service 3 name: [SSID=ChamplainPSK]
2021-02-28T01:19:06.672096-05:00 INFO shill[1351]: [INFO:wifi_service.cc(771)] Rep ep updated for 3. [SSID=ChamplainPSK], bssid: 38:17:c3:6b:6e:b2, sig: -45, sec: rsn, freq: 5785
2021-02-28T01:19:06.678153-05:00 INFO shill[1351]: [INFO:service.cc(269)] wifi service 4 constructed.
2021-02-28T01:19:06.678322-05:00 INFO shill[1351]: [INFO:wifi_service.cc(173)] Constructed WiFi service 4 name: [SSID=eduroam]
2021-02-28T01:19:06.678401-05:00 INFO shill[1351]: [INFO:wifi_service.cc(771)] Rep ep updated for 4. [SSID=eduroam], bssid: 38:17:c3:6b:6e:b3, sig: -46, sec: 802_1x, freq: 5785
2021-02-28T01:19:06.680864-05:00 INFO shill[1351]: [INFO:service.cc(269)] wifi service 5 constructed.
2021-02-28T01:19:06.681072-05:00 INFO shill[1351]: [INFO:wifi_service.cc(173)] Constructed WiFi service 5 name: [SSID=Champlain]
2021-02-28T01:19:06.681179-05:00 INFO shill[1351]: [INFO:wifi_service.cc(771)] Rep ep updated for 5. [SSID=Champlain], bssid: 38:17:c3:6b:6e:b4, sig: -46, sec: 802_1x, freq: 5785
2021-02-28T01:19:06.696339-05:00 INFO shill[1351]: [INFO:wifi.cc(389)] ScanDone
2021-02-28T01:19:06.706211-05:00 INFO shill[1351]: [INFO:service.cc(291)] Suppressed autoconnect to service 0 (no endpoints)
2021-02-28T01:19:06.718282-05:00 INFO shill[1351]: [INFO:service.cc(269)] wifi service 6 constructed.
2021-02-28T01:19:06.718447-05:00 INFO shill[1351]: [INFO:wifi_service.cc(173)] Constructed WiFi service 6 name: [SSID=DIRECT-r9-FireTV_ee16]
2021-02-28T01:19:06.718708-05:00 INFO shill[1351]: [INFO:wifi_service.cc(771)] Rep ep updated for 6. [SSID=DIRECT-r9-FireTV_ee16], bssid: 42:a2:db:20:be:09, sig: -76, sec: rsn, freq: 5745
2021-02-28T01:19:06.729262-05:00 INFO shill[1351]: [INFO:service.cc(269)] wifi service 7 constructed.
2021-02-28T01:19:06.729868-05:00 INFO shill[1351]: [INFO:wifi_service.cc(173)] Constructed WiFi service 7 name: [SSID=ChamplainGuest]
2021-02-28T01:19:06.729988-05:00 INFO shill[1351]: [INFO:wifi_service.cc(771)] Rep ep updated for 7. [SSID=ChamplainGuest], bssid: 38:17:c3:6b:6e:b5, sig: -46, sec: none, freq: 5785
2021-02-28T01:19:06.749406-05:00 INFO shill[1351]: [INFO:wifi.cc(1798)] WiFi wlan0 StateChanged shill-unknown -> inactive
2021-02-28T01:19:06.759196-05:00 INFO shill[1351]: [INFO:service.cc(291)] Suppressed autoconnect to service 0 (no endpoints)
2021-02-28T01:19:09.196656-05:00 INFO ModemManager[1638]: <info>  Couldn't check support for device '/sys/devices/pci0000:00/0000:00:1c.0/0000:01:00.0': not supported by any plugin
2021-02-28T01:19:09.442175-05:00 INFO shill[1351]: [INFO:wifi.cc(319)] Scan on wlan0 from RequestScan
2021-02-28T01:19:12.072349-05:00 INFO shill[1351]: [INFO:wifi.cc(389)] ScanDone
2021-02-28T01:19:12.072473-05:00 INFO shill[1351]: [INFO:service.cc(291)] Suppressed autoconnect to service 0 (no endpoints)
2021-02-28T01:19:12.075910-05:00 INFO shill[1351]: [INFO:service.cc(269)] wifi service 8 constructed.
2021-02-28T01:19:12.076098-05:00 INFO shill[1351]: [INFO:wifi_service.cc(173)] Constructed WiFi service 8 name: [SSID=Ravenclaw]
2021-02-28T01:19:12.076175-05:00 INFO shill[1351]: [INFO:wifi_service.cc(771)] Rep ep updated for 8. [SSID=Ravenclaw], bssid: 74:da:88:69:23:1c, sig: -87, sec: rsn, freq: 2457
2021-02-28T01:19:12.081368-05:00 INFO shill[1351]: [INFO:service.cc(291)] Suppressed autoconnect to service 0 (no endpoints)
2021-02-28T01:19:19.444167-05:00 INFO shill[1351]: [INFO:wifi.cc(319)] Scan on wlan0 from RequestScan
2021-02-28T01:19:22.078725-05:00 INFO shill[1351]: [INFO:wifi.cc(389)] ScanDone
2021-02-28T01:19:22.079923-05:00 INFO shill[1351]: [INFO:service.cc(291)] Suppressed autoconnect to service 0 (no endpoints)
2021-02-28T01:19:22.095773-05:00 INFO shill[1351]: [INFO:service.cc(291)] Suppressed autoconnect to service 0 (no endpoints)
2021-02-28T01:19:29.171261-05:00 INFO shill[1351]: [INFO:manager.cc(545)] PushProfileInternal finished; 2 profile(s) now present.
2021-02-28T01:19:29.171453-05:00 INFO shill[1351]: [INFO:service.cc(291)] Suppressed autoconnect to service 0 (no endpoints)
2021-02-28T01:19:29.604968-05:00 INFO shill[1351]: [INFO:wifi.cc(319)] Scan on wlan0 from RequestScan
2021-02-28T01:19:32.233310-05:00 INFO shill[1351]: [INFO:wifi.cc(389)] ScanDone
2021-02-28T01:19:32.233484-05:00 INFO shill[1351]: [INFO:service.cc(291)] Suppressed autoconnect to service 0 (no endpoints)
2021-02-28T01:19:32.237406-05:00 INFO shill[1351]: [INFO:service.cc(275)] Service 8 destroyed.
2021-02-28T01:19:32.238699-05:00 INFO shill[1351]: [INFO:service.cc(291)] Suppressed autoconnect to service 0 (no endpoints)
2021-02-28T01:19:42.239475-05:00 INFO shill[1351]: [INFO:wifi.cc(319)] Scan on wlan0 from ScanTimerHandler
2021-02-28T01:19:44.884160-05:00 INFO shill[1351]: [INFO:wifi.cc(389)] ScanDone
2021-02-28T01:19:44.884484-05:00 INFO shill[1351]: [INFO:service.cc(291)] Suppressed autoconnect to service 0 (no endpoints)
2021-02-28T01:19:44.900728-05:00 INFO shill[1351]: [INFO:wifi_service.cc(771)] Rep ep updated for 5. [SSID=Champlain], bssid: 38:17:c3:6b:d5:94, sig: -61, sec: 802_1x, freq: 5240
2021-02-28T01:19:44.900899-05:00 INFO shill[1351]: [INFO:wifi_service.cc(771)] Rep ep updated for 3. [SSID=ChamplainPSK], bssid: 38:17:c3:6b:d5:92, sig: -61, sec: rsn, freq: 5240
2021-02-28T01:19:44.901181-05:00 INFO shill[1351]: [INFO:wifi_service.cc(771)] Rep ep updated for 4. [SSID=eduroam], bssid: 38:17:c3:6b:d5:93, sig: -61, sec: 802_1x, freq: 5240
2021-02-28T01:19:44.902349-05:00 INFO shill[1351]: [INFO:service.cc(291)] Suppressed autoconnect to service 0 (no endpoints)
2021-02-28T01:19:54.903063-05:00 INFO shill[1351]: [INFO:wifi.cc(319)] Scan on wlan0 from ScanTimerHandler
2021-02-28T01:19:57.537021-05:00 INFO shill[1351]: [INFO:wifi.cc(389)] ScanDone
2021-02-28T01:19:57.537584-05:00 INFO shill[1351]: [INFO:service.cc(291)] Suppressed autoconnect to service 0 (no endpoints)
2021-02-28T01:19:57.537869-05:00 INFO shill[1351]: [INFO:wifi_service.cc(771)] Rep ep updated for 7. [SSID=ChamplainGuest], bssid: 38:17:c3:6b:d5:95, sig: -61, sec: none, freq: 5240
2021-02-28T01:19:57.538657-05:00 INFO shill[1351]: [INFO:service.cc(291)] Suppressed autoconnect to service 0 (no endpoints)
2021-02-28T01:20:07.540389-05:00 INFO shill[1351]: [INFO:wifi.cc(319)] Scan on wlan0 from ScanTimerHandler
2021-02-28T01:20:10.185436-05:00 INFO shill[1351]: [INFO:wifi.cc(389)] ScanDone
2021-02-28T01:20:10.192327-05:00 INFO shill[1351]: [INFO:service.cc(291)] Suppressed autoconnect to service 0 (no endpoints)
2021-02-28T01:20:10.202391-05:00 INFO shill[1351]: [INFO:service.cc(269)] wifi service 9 constructed.
2021-02-28T01:20:10.202544-05:00 INFO shill[1351]: [INFO:wifi_service.cc(173)] Constructed WiFi service 9 name: [SSID=CoughlinWIFI]
2021-02-28T01:20:10.202647-05:00 INFO shill[1351]: [INFO:wifi_service.cc(771)] Rep ep updated for 9. [SSID=CoughlinWIFI], bssid: b0:da:f9:9b:38:18, sig: -92, sec: rsn, freq: 2412
2021-02-28T01:20:10.207977-05:00 INFO shill[1351]: [INFO:service.cc(291)] Suppressed autoconnect to service 0 (no endpoints)
2021-02-28T01:21:10.211846-05:00 INFO shill[1351]: [INFO:wifi.cc(319)] Scan on wlan0 from ScanTimerHandler
2021-02-28T01:21:12.847361-05:00 INFO shill[1351]: [INFO:service.cc(269)] wifi service 10 constructed.
2021-02-28T01:21:12.847892-05:00 INFO shill[1351]: [INFO:wifi_service.cc(173)] Constructed WiFi service 10 name: [SSID=NETGEAR_1337]
2021-02-28T01:21:12.848271-05:00 INFO shill[1351]: [INFO:wifi_service.cc(771)] Rep ep updated for 10. [SSID=NETGEAR_1337], bssid: 26:77:03:f2:8c:08, sig: -57, sec: rsn, freq: 5785
2021-02-28T01:21:12.852270-05:00 INFO shill[1351]: [INFO:service.cc(269)] wifi service 11 constructed.
2021-02-28T01:21:12.852751-05:00 INFO shill[1351]: [INFO:wifi_service.cc(173)] Constructed WiFi service 11 name: [SSID=ZyXEL_C3A9]
2021-02-28T01:21:12.853122-05:00 INFO shill[1351]: [INFO:wifi_service.cc(771)] Rep ep updated for 11. [SSID=ZyXEL_C3A9], bssid: bc:99:11:05:c3:a9, sig: -91, sec: rsn, freq: 2422
2021-02-28T01:21:12.856264-05:00 INFO shill[1351]: [INFO:wifi.cc(389)] ScanDone
2021-02-28T01:21:12.858684-05:00 INFO shill[1351]: [INFO:service.cc(291)] Suppressed autoconnect to service 0 (no endpoints)
2021-02-28T01:21:17.473083-05:00 INFO shill[1351]: [INFO:device.cc(1921)] Already in desired enable state.
2021-02-28T01:21:17.474302-05:00 INFO shill[1351]: [INFO:wifi.cc(319)] Scan on wlan0 from RequestScan
2021-02-28T01:21:17.474426-05:00 INFO shill[1351]: [INFO:wifi.cc(319)] Scan on wlan0 from RequestScan
2021-02-28T01:21:17.476787-05:00 NOTICE wpa_supplicant[626]: wlan0: Reject scan trigger since one is already pending
2021-02-28T01:21:17.476897-05:00 ERR shill[1351]: [ERROR:object_proxy.cc(581)] Failed to call method: fi.w1.wpa_supplicant1.Interface.Scan: object_path= /fi/w1/wpa_supplicant1/Interfaces/1: fi.w1.wpa_supplicant1.Interface.ScanError: Scan request rejected
2021-02-28T01:21:17.476978-05:00 ERR shill[1351]: [ERROR:dbus_method_invoker.h(113)] CallMethodAndBlockWithTimeout(...): Domain=dbus, Code=fi.w1.wpa_supplicant1.Interface.ScanError, Message=Scan request rejected
2021-02-28T01:21:17.477121-05:00 ERR shill[1351]: [ERROR:chromeos_supplicant_interface_proxy.cc(293)] Failed to scan: fi.w1.wpa_supplicant1.Interface.ScanError Scan request rejected
2021-02-28T01:21:17.477196-05:00 WARNING shill[1351]: [WARNING:wifi.cc(1754)] Scan failed
2021-02-28T01:21:20.101323-05:00 INFO shill[1351]: [INFO:wifi.cc(389)] ScanDone
2021-02-28T01:21:20.101924-05:00 INFO shill[1351]: [INFO:service.cc(275)] Service 9 destroyed.
2021-02-28T01:21:20.102648-05:00 INFO shill[1351]: [INFO:service.cc(291)] Suppressed autoconnect to service 0 (no endpoints)
2021-02-28T01:21:20.106947-05:00 INFO shill[1351]: [INFO:wifi_service.cc(771)] Rep ep updated for 10. [SSID=NETGEAR_1337], bssid: 26:77:03:f2:8c:08, sig: -43, sec: rsn, freq: 5785
2021-02-28T01:21:47.048755-05:00 ERR shill[1351]: [ERROR:wifi_service.cc(260)] Passphrase could not be set: Invalid passphrase
2021-02-28T01:21:47.061430-05:00 ERR shill[1351]: [ERROR:Unknown(-1)] Unknown(...): Domain=dbus, Code=org.chromium.flimflam.Error.InvalidPassphrase, Message=Invalid passphrase
2021-02-28T01:22:03.933858-05:00 INFO shill[1351]: [INFO:service.cc(298)] Connect to service 10: D-Bus RPC
2021-02-28T01:22:03.934025-05:00 INFO shill[1351]: [INFO:wifi.cc(670)] Background scan disabled -- single Endpoint for Service.
2021-02-28T01:22:03.949087-05:00 INFO shill[1351]: [INFO:service.cc(401)] Service 10: state Idle -> Associating
2021-02-28T01:22:03.949233-05:00 INFO shill[1351]: [INFO:manager.cc(1480)] Service 10 updated; state: Associating
2021-02-28T01:22:03.950785-05:00 INFO shill[1351]: [INFO:manager.cc(1625)] Default physical service: 10 (not connected)
2021-02-28T01:22:03.950913-05:00 INFO shill[1351]: [INFO:service.cc(291)] Suppressed autoconnect to service 0 (no endpoints)
2021-02-28T01:22:03.955061-05:00 INFO shill[1351]: [INFO:wifi.cc(1798)] WiFi wlan0 StateChanged inactive -> scanning
2021-02-28T01:22:06.625862-05:00 NOTICE wpa_supplicant[626]: wlan0: SME: Trying to authenticate with 26:77:03:f2:8c:08 (SSID='NETGEAR_1337' freq=5785 MHz)
2021-02-28T01:22:06.632534-05:00 INFO shill[1351]: [INFO:wifi.cc(389)] ScanDone
2021-02-28T01:22:06.632657-05:00 INFO shill[1351]: [INFO:service.cc(291)] Suppressed autoconnect to service 0 (no endpoints)
2021-02-28T01:22:06.639581-05:00 INFO shill[1351]: [INFO:service.cc(269)] wifi service 12 constructed.
2021-02-28T01:22:06.639749-05:00 INFO shill[1351]: [INFO:wifi_service.cc(173)] Constructed WiFi service 12 name: [SSID=DIRECT-J8-FireTV_c09c]
2021-02-28T01:22:06.639844-05:00 INFO shill[1351]: [INFO:wifi_service.cc(771)] Rep ep updated for 12. [SSID=DIRECT-J8-FireTV_c09c], bssid: 1e:fe:2b:3c:07:4c, sig: -91, sec: rsn, freq: 5765
2021-02-28T01:22:06.645101-05:00 INFO shill[1351]: [INFO:service.cc(275)] Service 11 destroyed.
2021-02-28T01:22:06.646808-05:00 INFO shill[1351]: [INFO:service.cc(291)] Suppressed autoconnect to service 0 (no endpoints)
2021-02-28T01:22:06.648587-05:00 INFO shill[1351]: [INFO:wifi.cc(1798)] WiFi wlan0 StateChanged scanning -> authenticating
2021-02-28T01:22:06.804565-05:00 ERR wpa_supplicant[626]: nl80211: Failed to open /proc/sys/net/ipv4/conf/wlan0/drop_unicast_in_l2_multicast: No such file or directory
2021-02-28T01:22:06.804696-05:00 ERR wpa_supplicant[626]: nl80211: Failed to set IPv4 unicast in multicast filter
2021-02-28T01:22:06.811757-05:00 INFO shill[1351]: [INFO:wifi.cc(1798)] WiFi wlan0 StateChanged authenticating -> disconnected
2021-02-28T01:22:06.910648-05:00 INFO shill[1351]: [INFO:wifi.cc(1798)] WiFi wlan0 StateChanged disconnected -> scanning
2021-02-28T01:22:09.579777-05:00 NOTICE wpa_supplicant[626]: Removed BSSID 26:77:03:f2:8c:08 from blacklist (clear)
2021-02-28T01:22:09.580670-05:00 NOTICE wpa_supplicant[626]: wlan0: SME: Trying to authenticate with 26:77:03:f2:8c:08 (SSID='NETGEAR_1337' freq=5785 MHz)
2021-02-28T01:22:09.583515-05:00 INFO shill[1351]: [INFO:wifi.cc(389)] ScanDone
2021-02-28T01:22:09.583661-05:00 INFO shill[1351]: [INFO:service.cc(291)] Suppressed autoconnect to service 0 (no endpoints)
2021-02-28T01:22:09.598742-05:00 INFO shill[1351]: [INFO:service.cc(291)] Suppressed autoconnect to service 0 (no endpoints)
2021-02-28T01:22:09.600863-05:00 INFO shill[1351]: [INFO:wifi.cc(1798)] WiFi wlan0 StateChanged scanning -> authenticating
2021-02-28T01:22:09.843118-05:00 ERR wpa_supplicant[626]: nl80211: Failed to open /proc/sys/net/ipv4/conf/wlan0/drop_unicast_in_l2_multicast: No such file or directory
2021-02-28T01:22:09.843256-05:00 ERR wpa_supplicant[626]: nl80211: Failed to set IPv4 unicast in multicast filter
2021-02-28T01:22:09.849770-05:00 INFO shill[1351]: [INFO:wifi.cc(1798)] WiFi wlan0 StateChanged authenticating -> disconnected
2021-02-28T01:22:10.350411-05:00 INFO shill[1351]: [INFO:wifi.cc(1798)] WiFi wlan0 StateChanged disconnected -> scanning
2021-02-28T01:22:13.019338-05:00 NOTICE wpa_supplicant[626]: Removed BSSID 26:77:03:f2:8c:08 from blacklist (clear)
2021-02-28T01:22:13.019761-05:00 NOTICE wpa_supplicant[626]: wlan0: SME: Trying to authenticate with 26:77:03:f2:8c:08 (SSID='NETGEAR_1337' freq=5785 MHz)
2021-02-28T01:22:13.026204-05:00 INFO shill[1351]: [INFO:wifi.cc(389)] ScanDone
2021-02-28T01:22:13.027788-05:00 INFO shill[1351]: [INFO:service.cc(291)] Suppressed autoconnect to service 0 (no endpoints)
2021-02-28T01:22:13.034727-05:00 INFO shill[1351]: [INFO:service.cc(269)] wifi service 13 constructed.
2021-02-28T01:22:13.035048-05:00 INFO shill[1351]: [INFO:wifi_service.cc(173)] Constructed WiFi service 13 name: [SSID=Ravenclaw]
2021-02-28T01:22:13.035741-05:00 INFO shill[1351]: [INFO:wifi_service.cc(771)] Rep ep updated for 13. [SSID=Ravenclaw], bssid: 74:da:88:69:23:1c, sig: -90, sec: rsn, freq: 2457
2021-02-28T01:22:13.037751-05:00 INFO shill[1351]: [INFO:service.cc(269)] wifi service 14 constructed.
2021-02-28T01:22:13.037871-05:00 INFO shill[1351]: [INFO:wifi_service.cc(173)] Constructed WiFi service 14 name: [SSID=Billwhythesciencefi]
2021-02-28T01:22:13.037980-05:00 INFO shill[1351]: [INFO:wifi_service.cc(771)] Rep ep updated for 14. [SSID=Billwhythesciencefi], bssid: 44:65:7f:7a:bb:60, sig: -91, sec: rsn, freq: 2462
2021-02-28T01:22:13.047867-05:00 INFO shill[1351]: [INFO:service.cc(291)] Suppressed autoconnect to service 0 (no endpoints)
2021-02-28T01:22:13.048032-05:00 INFO shill[1351]: [INFO:wifi.cc(1798)] WiFi wlan0 StateChanged scanning -> authenticating
2021-02-28T01:22:13.198384-05:00 ERR wpa_supplicant[626]: nl80211: Failed to open /proc/sys/net/ipv4/conf/wlan0/drop_unicast_in_l2_multicast: No such file or directory
2021-02-28T01:22:13.198969-05:00 ERR wpa_supplicant[626]: nl80211: Failed to set IPv4 unicast in multicast filter
2021-02-28T01:22:13.204751-05:00 INFO shill[1351]: [INFO:wifi.cc(1798)] WiFi wlan0 StateChanged authenticating -> disconnected
2021-02-28T01:22:14.207479-05:00 INFO shill[1351]: [INFO:wifi.cc(1798)] WiFi wlan0 StateChanged disconnected -> scanning
2021-02-28T01:22:16.875671-05:00 NOTICE wpa_supplicant[626]: Removed BSSID 26:77:03:f2:8c:08 from blacklist (clear)
2021-02-28T01:22:16.875820-05:00 NOTICE wpa_supplicant[626]: wlan0: SME: Trying to authenticate with 26:77:03:f2:8c:08 (SSID='NETGEAR_1337' freq=5785 MHz)
2021-02-28T01:22:16.879110-05:00 INFO shill[1351]: [INFO:wifi.cc(389)] ScanDone
2021-02-28T01:22:16.879468-05:00 INFO shill[1351]: [INFO:service.cc(291)] Suppressed autoconnect to service 0 (no endpoints)
2021-02-28T01:22:16.879594-05:00 INFO shill[1351]: [INFO:service.cc(269)] wifi service 15 constructed.
2021-02-28T01:22:16.879674-05:00 INFO shill[1351]: [INFO:wifi_service.cc(173)] Constructed WiFi service 15 name: [SSID=ZyXEL_C3A9]
2021-02-28T01:22:16.879979-05:00 INFO shill[1351]: [INFO:wifi_service.cc(771)] Rep ep updated for 15. [SSID=ZyXEL_C3A9], bssid: bc:99:11:05:c3:a9, sig: -89, sec: rsn, freq: 2422
2021-02-28T01:22:16.884947-05:00 INFO shill[1351]: [INFO:service.cc(269)] wifi service 16 constructed.
2021-02-28T01:22:16.885430-05:00 INFO shill[1351]: [INFO:wifi_service.cc(173)] Constructed WiFi service 16 name: [SSID=T&Ts]
2021-02-28T01:22:16.885516-05:00 INFO shill[1351]: [INFO:wifi_service.cc(771)] Rep ep updated for 16. [SSID=T&Ts], bssid: 50:d4:f7:fe:c5:1c, sig: -90, sec: rsn, freq: 2447
2021-02-28T01:22:16.890888-05:00 INFO shill[1351]: [INFO:service.cc(291)] Suppressed autoconnect to service 0 (no endpoints)
2021-02-28T01:22:16.894232-05:00 INFO shill[1351]: [INFO:wifi.cc(1798)] WiFi wlan0 StateChanged scanning -> authenticating
2021-02-28T01:22:17.045414-05:00 NOTICE wpa_supplicant[626]: wlan0: CTRL-EVENT-SSID-TEMP-DISABLED id=0 ssid="NETGEAR_1337" auth_failures=1 duration=10 reason=CONN_FAILED
2021-02-28T01:22:17.045726-05:00 ERR wpa_supplicant[626]: nl80211: Failed to open /proc/sys/net/ipv4/conf/wlan0/drop_unicast_in_l2_multicast: No such file or directory
2021-02-28T01:22:17.045852-05:00 ERR wpa_supplicant[626]: nl80211: Failed to set IPv4 unicast in multicast filter
2021-02-28T01:22:17.052364-05:00 INFO shill[1351]: [INFO:wifi.cc(1798)] WiFi wlan0 StateChanged authenticating -> disconnected
2021-02-28T01:22:18.953663-05:00 INFO shill[1351]: [INFO:wifi.cc(2428)] WiFi Device wlan0: PendingTimeoutHandler
2021-02-28T01:22:18.953790-05:00 INFO shill[1351]: [INFO:service.cc(309)] Disconnecting from service 10: PendingTimeoutHandler
2021-02-28T01:22:18.953903-05:00 INFO shill[1351]: [INFO:service.cc(401)] Service 10: state Associating -> Failure
2021-02-28T01:22:18.953982-05:00 INFO shill[1351]: [INFO:service.cc(981)] Noting an unexpected failure to connect.
2021-02-28T01:22:18.954075-05:00 INFO shill[1351]: [INFO:manager.cc(1480)] Service 10 updated; state: Failure failure: unknown-failure
2021-02-28T01:22:18.954170-05:00 ERR shill[1351]: [ERROR:wifi.cc(1065)] Disconnected due to reason: unknown-failure
2021-02-28T01:22:18.954245-05:00 INFO shill[1351]: [INFO:service.cc(401)] Service 10: state Failure -> Idle
2021-02-28T01:22:18.954329-05:00 INFO shill[1351]: [INFO:manager.cc(1480)] Service 10 updated; state: Idle
2021-02-28T01:22:18.954820-05:00 ERR shill[1351]: [ERROR:object_proxy.cc(581)] Failed to call method: fi.w1.wpa_supplicant1.Interface.Disconnect: object_path= /fi/w1/wpa_supplicant1/Interfaces/1: fi.w1.wpa_supplicant1.NotConnected: This interface is not connected
2021-02-28T01:22:18.954927-05:00 ERR shill[1351]: [ERROR:dbus_method_invoker.h(113)] CallMethodAndBlockWithTimeout(...): Domain=dbus, Code=fi.w1.wpa_supplicant1.NotConnected, Message=This interface is not connected
2021-02-28T01:22:18.955019-05:00 ERR shill[1351]: [ERROR:chromeos_supplicant_interface_proxy.cc(184)] Failed to disconnect: fi.w1.wpa_supplicant1.NotConnected This interface is not connected
2021-02-28T01:22:18.955941-05:00 INFO shill[1351]: [INFO:service.cc(401)] Service 10: state Idle -> Failure
2021-02-28T01:22:18.956073-05:00 INFO shill[1351]: [INFO:manager.cc(1480)] Service 10 updated; state: Failure failure: out-of-range
2021-02-28T01:22:18.957944-05:00 INFO shill[1351]: [INFO:service.cc(401)] Service 10: state Failure -> Idle
2021-02-28T01:22:18.958074-05:00 INFO shill[1351]: [INFO:manager.cc(1480)] Service 10 updated; state: Idle
2021-02-28T01:22:18.958149-05:00 INFO shill[1351]: [INFO:manager.cc(1625)] Default physical service: 0 (not connected)
2021-02-28T01:22:18.958223-05:00 INFO shill[1351]: [INFO:service.cc(291)] Suppressed autoconnect to service 0 (no endpoints)
2021-02-28T01:22:22.056253-05:00 INFO shill[1351]: [INFO:wifi.cc(1798)] WiFi wlan0 StateChanged disconnected -> inactive
2021-02-28T01:23:12.595258-05:00 WARNING shill[1351]: [WARNING:wifi_service.cc(323)] Configuration for service 10 is not available in the persistent store
2021-02-28T01:23:12.607979-05:00 INFO shill[1351]: [INFO:service.cc(291)] Suppressed autoconnect to service 0 (no endpoints)
2021-02-28T01:23:16.142890-05:00 INFO shill[1351]: [INFO:wifi.cc(319)] Scan on wlan0 from RequestScan
2021-02-28T01:23:18.771905-05:00 NOTICE wpa_supplicant[626]: Removed BSSID 26:77:03:f2:8c:08 from blacklist (clear)
2021-02-28T01:23:18.773762-05:00 INFO shill[1351]: [INFO:wifi_service.cc(771)] Rep ep updated for 3. [SSID=ChamplainPSK], bssid: 38:17:c3:6b:6e:b2, sig: -48, sec: rsn, freq: 5785
2021-02-28T01:23:18.775449-05:00 INFO shill[1351]: [INFO:wifi_service.cc(771)] Rep ep updated for 4. [SSID=eduroam], bssid: 38:17:c3:6b:6e:b3, sig: -48, sec: 802_1x, freq: 5785
2021-02-28T01:23:18.778205-05:00 INFO shill[1351]: [INFO:wifi_service.cc(771)] Rep ep updated for 5. [SSID=Champlain], bssid: 38:17:c3:6b:6e:b4, sig: -48, sec: 802_1x, freq: 5785
2021-02-28T01:23:18.779855-05:00 INFO shill[1351]: [INFO:wifi_service.cc(771)] Rep ep updated for 10. [SSID=NETGEAR_1337], bssid: 7a:f9:fe:a1:20:19, sig: -33, sec: rsn, freq: 2412
2021-02-28T01:23:18.783660-05:00 INFO shill[1351]: [INFO:wifi.cc(389)] ScanDone
2021-02-28T01:23:18.784867-05:00 INFO shill[1351]: [INFO:service.cc(291)] Suppressed autoconnect to service 0 (no endpoints)
2021-02-28T01:23:18.798485-05:00 INFO shill[1351]: [INFO:service.cc(269)] wifi service 17 constructed.
2021-02-28T01:23:18.798634-05:00 INFO shill[1351]: [INFO:wifi_service.cc(173)] Constructed WiFi service 17 name: [SSID=HAL9000]
2021-02-28T01:23:18.798759-05:00 INFO shill[1351]: [INFO:wifi_service.cc(771)] Rep ep updated for 17. [SSID=HAL9000], bssid: c0:ff:d4:8e:82:5c, sig: -88, sec: rsn, freq: 2442
2021-02-28T01:23:18.800249-05:00 INFO shill[1351]: [INFO:wifi_service.cc(771)] Rep ep updated for 7. [SSID=ChamplainGuest], bssid: 38:17:c3:6b:6e:b5, sig: -49, sec: none, freq: 5785
2021-02-28T01:23:18.804320-05:00 INFO shill[1351]: [INFO:service.cc(291)] Suppressed autoconnect to service 0 (no endpoints)
2021-02-28T01:23:26.143599-05:00 INFO shill[1351]: [INFO:wifi.cc(319)] Scan on wlan0 from RequestScan
2021-02-28T01:23:28.777621-05:00 INFO shill[1351]: [INFO:wifi.cc(389)] ScanDone
2021-02-28T01:23:28.778593-05:00 INFO shill[1351]: [INFO:service.cc(291)] Suppressed autoconnect to service 0 (no endpoints)
2021-02-28T01:23:28.781376-05:00 INFO shill[1351]: [INFO:service.cc(275)] Service 12 destroyed.
2021-02-28T01:23:28.781933-05:00 INFO shill[1351]: [INFO:service.cc(275)] Service 15 destroyed.
2021-02-28T01:23:28.782585-05:00 INFO shill[1351]: [INFO:service.cc(275)] Service 16 destroyed.
2021-02-28T01:23:28.783324-05:00 INFO shill[1351]: [INFO:service.cc(275)] Service 13 destroyed.
2021-02-28T01:23:28.784089-05:00 INFO shill[1351]: [INFO:service.cc(275)] Service 14 destroyed.
2021-02-28T01:23:28.785331-05:00 INFO shill[1351]: [INFO:service.cc(291)] Suppressed autoconnect to service 0 (no endpoints)
2021-02-28T01:23:32.604743-05:00 INFO shill[1351]: [INFO:service.cc(298)] Connect to service 10: D-Bus RPC
2021-02-28T01:23:32.604908-05:00 INFO shill[1351]: [INFO:wifi.cc(670)] Background scan disabled -- single Endpoint for Service.
2021-02-28T01:23:32.621859-05:00 DEBUG wpa_supplicant[626]: wlan0: Selecting BSS from priority group 0
2021-02-28T01:23:32.622132-05:00 DEBUG wpa_supplicant[626]: wlan0: 0: 7a:f9:fe:a1:20:19 ssid='NETGEAR_1337' wpa_ie_len=0 rsn_ie_len=20 caps=0x1431 level=-27 freq=2412
2021-02-28T01:23:32.622298-05:00 DEBUG wpa_supplicant[626]: wlan0:    selected based on RSN IE
2021-02-28T01:23:32.622424-05:00 DEBUG wpa_supplicant[626]: wlan0:    selected BSS 7a:f9:fe:a1:20:19 ssid='NETGEAR_1337'
2021-02-28T01:23:32.622550-05:00 DEBUG wpa_supplicant[626]: wlan0: Considering connect request: reassociate: 1  selected: 7a:f9:fe:a1:20:19  bssid: 00:00:00:00:00:00  pending: 00:00:00:00:00:00  wpa_state: INACTIVE  ssid=0x5a70ed657c00  current_ssid=0x5a70ed657c00
2021-02-28T01:23:32.622665-05:00 DEBUG wpa_supplicant[626]: wlan0: Request association with 7a:f9:fe:a1:20:19
2021-02-28T01:23:32.622780-05:00 DEBUG wpa_supplicant[626]: TDLS: TDLS is allowed in the target BSS
2021-02-28T01:23:32.622900-05:00 DEBUG wpa_supplicant[626]: TDLS: TDLS channel switch allowed in the target BSS
2021-02-28T01:23:32.623036-05:00 DEBUG wpa_supplicant[626]: wlan0: Add radio work 'sme-connect'@0x5a70ed63cee0
2021-02-28T01:23:32.623239-05:00 DEBUG wpa_supplicant[626]: wlan0: First radio work item in the queue - schedule start immediately
2021-02-28T01:23:32.623732-05:00 DEBUG wpa_supplicant[626]: wlan0: Starting radio work 'sme-connect'@0x5a70ed63cee0 after 0.000456 second wait
2021-02-28T01:23:32.623913-05:00 DEBUG wpa_supplicant[626]: wlan0: Automatic auth_alg selection: 0x1
2021-02-28T01:23:32.624044-05:00 DEBUG wpa_supplicant[626]: RSN: PMKSA cache search - network_ctx=0x5a70ed657c00 try_opportunistic=0
2021-02-28T01:23:32.624192-05:00 DEBUG wpa_supplicant[626]: RSN: Search for BSSID 7a:f9:fe:a1:20:19
2021-02-28T01:23:32.624300-05:00 DEBUG wpa_supplicant[626]: RSN: No PMKSA cache entry found
2021-02-28T01:23:32.624418-05:00 INFO shill[1351]: [INFO:service.cc(401)] Service 10: state Idle -> Associating
2021-02-28T01:23:32.624504-05:00 DEBUG wpa_supplicant[626]: wlan0: RSN: using IEEE 802.11i/D9.0
2021-02-28T01:23:32.624580-05:00 INFO shill[1351]: [INFO:manager.cc(1480)] Service 10 updated; state: Associating
2021-02-28T01:23:32.624764-05:00 DEBUG wpa_supplicant[626]: wlan0: WPA: Selected cipher suites: group 16 pairwise 16 key_mgmt 2 proto 2
2021-02-28T01:23:32.624894-05:00 DEBUG wpa_supplicant[626]: wlan0: WPA: Selected mgmt group cipher 32
2021-02-28T01:23:32.625023-05:00 DEBUG wpa_supplicant[626]: wlan0: WPA: clearing AP WPA IE
2021-02-28T01:23:32.625142-05:00 DEBUG wpa_supplicant[626]: WPA: set AP RSN IE - hexdump(len=22): 30 14 01 00 00 0f ac 04 01 00 00 0f ac 04 01 00 00 0f ac 02 0c 00
2021-02-28T01:23:32.625248-05:00 DEBUG wpa_supplicant[626]: wlan0: WPA: using GTK CCMP
2021-02-28T01:23:32.625358-05:00 DEBUG wpa_supplicant[626]: wlan0: WPA: using PTK CCMP
2021-02-28T01:23:32.625508-05:00 DEBUG wpa_supplicant[626]: wlan0: WPA: using KEY_MGMT WPA-PSK
2021-02-28T01:23:32.625619-05:00 DEBUG wpa_supplicant[626]: wlan0: WPA: not using MGMT group cipher
2021-02-28T01:23:32.625735-05:00 DEBUG wpa_supplicant[626]: WPA: Set own WPA IE default - hexdump(len=22): 30 14 01 00 00 0f ac 04 01 00 00 0f ac 04 01 00 00 0f ac 02 00 00
2021-02-28T01:23:32.625816-05:00 INFO shill[1351]: [INFO:manager.cc(1625)] Default physical service: 10 (not connected)
2021-02-28T01:23:32.625914-05:00 INFO shill[1351]: [INFO:service.cc(291)] Suppressed autoconnect to service 0 (no endpoints)
2021-02-28T01:23:32.626485-05:00 DEBUG wpa_supplicant[626]: RRM: Determining whether RRM can be used - device support: 0x0
2021-02-28T01:23:32.626614-05:00 DEBUG wpa_supplicant[626]: RRM: No RRM in network
2021-02-28T01:23:32.626762-05:00 DEBUG wpa_supplicant[626]: wlan0: Cancelling scan request
2021-02-28T01:23:32.626878-05:00 NOTICE wpa_supplicant[626]: wlan0: SME: Trying to authenticate with 7a:f9:fe:a1:20:19 (SSID='NETGEAR_1337' freq=2412 MHz)
2021-02-28T01:23:32.626987-05:00 DEBUG wpa_supplicant[626]: wlan0: State: INACTIVE -> AUTHENTICATING
2021-02-28T01:23:32.627186-05:00 DEBUG wpa_supplicant[626]: EAPOL: External notification - EAP success=0
2021-02-28T01:23:32.627292-05:00 DEBUG wpa_supplicant[626]: EAPOL: External notification - EAP fail=0
2021-02-28T01:23:32.627393-05:00 DEBUG wpa_supplicant[626]: EAPOL: External notification - portControl=Auto
2021-02-28T01:23:32.627497-05:00 DEBUG wpa_supplicant[626]: Not configuring frame filtering - BSS 00:00:00:00:00:00 is not a Hotspot 2.0 network
2021-02-28T01:23:32.627621-05:00 DEBUG wpa_supplicant[626]: nl80211: Authenticate (ifindex=2)
2021-02-28T01:23:32.627728-05:00 DEBUG wpa_supplicant[626]:   * bssid=7a:f9:fe:a1:20:19
2021-02-28T01:23:32.627830-05:00 DEBUG wpa_supplicant[626]:   * freq=2412
2021-02-28T01:23:32.627941-05:00 DEBUG wpa_supplicant[626]:   * SSID - hexdump(len=12): 4e 45 54 47 45 41 52 5f 31 33 33 37
2021-02-28T01:23:32.628066-05:00 DEBUG wpa_supplicant[626]:   * IEs - hexdump(len=0): [NULL]
2021-02-28T01:23:32.628169-05:00 DEBUG wpa_supplicant[626]:   * Auth Type 0
2021-02-28T01:23:32.630823-05:00 DEBUG wpa_supplicant[626]: nl80211: Authentication request send successfully
2021-02-28T01:23:32.631227-05:00 DEBUG wpa_supplicant[626]: nl80211: Drv Event 19 (NL80211_CMD_NEW_STATION) received for wlan0
2021-02-28T01:23:32.631390-05:00 DEBUG wpa_supplicant[626]: nl80211: New station 7a:f9:fe:a1:20:19
2021-02-28T01:23:32.632307-05:00 DEBUG wpa_supplicant[626]: dbus: flush_object_timeout_handler: Timeout - sending changed properties of object /fi/w1/wpa_supplicant1/Interfaces/1
2021-02-28T01:23:32.634072-05:00 INFO shill[1351]: [INFO:wifi.cc(1798)] WiFi wlan0 StateChanged inactive -> authenticating
2021-02-28T01:23:32.637810-05:00 DEBUG wpa_supplicant[626]: nl80211: Drv Event 37 (NL80211_CMD_AUTHENTICATE) received for wlan0
2021-02-28T01:23:32.638302-05:00 DEBUG wpa_supplicant[626]: nl80211: Authenticate event
2021-02-28T01:23:32.638539-05:00 DEBUG wpa_supplicant[626]: wlan0: Event AUTH (11) received
2021-02-28T01:23:32.638753-05:00 DEBUG wpa_supplicant[626]: wlan0: SME: Authentication response: peer=7a:f9:fe:a1:20:19 auth_type=0 auth_transaction=2 status_code=0
2021-02-28T01:23:32.638928-05:00 DEBUG wpa_supplicant[626]: wlan0: set_disable_max_amsdu: -1
2021-02-28T01:23:32.639147-05:00 DEBUG wpa_supplicant[626]: wlan0: set_ampdu_factor: -1
2021-02-28T01:23:32.639320-05:00 DEBUG wpa_supplicant[626]: wlan0: set_ampdu_density: -1
2021-02-28T01:23:32.639479-05:00 DEBUG wpa_supplicant[626]: wlan0: set_disable_ht40: 0
2021-02-28T01:23:32.639646-05:00 DEBUG wpa_supplicant[626]: wlan0: set_disable_sgi: 0
2021-02-28T01:23:32.639845-05:00 DEBUG wpa_supplicant[626]: wlan0: set_disable_ldpc: 0
2021-02-28T01:23:32.639987-05:00 NOTICE wpa_supplicant[626]: wlan0: Trying to associate with 7a:f9:fe:a1:20:19 (SSID='NETGEAR_1337' freq=2412 MHz)
2021-02-28T01:23:32.640153-05:00 DEBUG wpa_supplicant[626]: wlan0: State: AUTHENTICATING -> ASSOCIATING
2021-02-28T01:23:32.640317-05:00 DEBUG wpa_supplicant[626]: nl80211: Set wlan0 operstate 0->0 (DORMANT)
2021-02-28T01:23:32.640464-05:00 DEBUG wpa_supplicant[626]: netlink: Operstate: ifindex=2 linkmode=-1 (no change), operstate=5 (IF_OPER_DORMANT)
2021-02-28T01:23:32.640755-05:00 DEBUG wpa_supplicant[626]: WPA: set own WPA/RSN IE - hexdump(len=22): 30 14 01 00 00 0f ac 04 01 00 00 0f ac 04 01 00 00 0f ac 02 00 00
2021-02-28T01:23:32.640940-05:00 DEBUG wpa_supplicant[626]: nl80211: Associate (ifindex=2)
2021-02-28T01:23:32.641204-05:00 DEBUG wpa_supplicant[626]:   * bssid=7a:f9:fe:a1:20:19
2021-02-28T01:23:32.641380-05:00 DEBUG wpa_supplicant[626]:   * freq=2412
2021-02-28T01:23:32.641599-05:00 DEBUG wpa_supplicant[626]:   * SSID - hexdump(len=12): 4e 45 54 47 45 41 52 5f 31 33 33 37
2021-02-28T01:23:32.641781-05:00 DEBUG wpa_supplicant[626]:   * IEs - hexdump(len=32): 30 14 01 00 00 0f ac 04 01 00 00 0f ac 04 01 00 00 0f ac 02 00 00 7f 08 00 00 0a 02 01 00 00 40
2021-02-28T01:23:32.642102-05:00 DEBUG wpa_supplicant[626]:   * WPA Versions 0x2
2021-02-28T01:23:32.642283-05:00 DEBUG wpa_supplicant[626]:   * pairwise=0xfac04
2021-02-28T01:23:32.642436-05:00 DEBUG wpa_supplicant[626]:   * group=0xfac04
2021-02-28T01:23:32.642585-05:00 DEBUG wpa_supplicant[626]:   * akm=0xfac02
2021-02-28T01:23:32.642804-05:00 DEBUG wpa_supplicant[626]:   * htcaps - hexdump(len=26): 63 00 00 00 00 00 00 00 00 00 00 00 00 00 00 00 00 00 00 00 00 00 00 00 00 00
2021-02-28T01:23:32.642974-05:00 DEBUG wpa_supplicant[626]:   * htcaps_mask - hexdump(len=26): 63 00 00 00 00 00 00 00 00 00 00 00 00 00 00 00 00 00 00 00 00 00 00 00 00 00
2021-02-28T01:23:32.643150-05:00 DEBUG wpa_supplicant[626]:   * vhtcaps - hexdump(len=12): 00 00 00 00 00 00 00 00 00 00 00 00
2021-02-28T01:23:32.643295-05:00 DEBUG wpa_supplicant[626]:   * vhtcaps_mask - hexdump(len=12): 00 00 00 00 00 00 00 00 00 00 00 00
2021-02-28T01:23:32.643492-05:00 DEBUG wpa_supplicant[626]: nl80211: Association request send successfully
2021-02-28T01:23:32.644754-05:00 INFO shill[1351]: [INFO:wifi.cc(1798)] WiFi wlan0 StateChanged authenticating -> associating
2021-02-28T01:23:32.671085-05:00 DEBUG wpa_supplicant[626]: l2_packet_receive: src=7a:f9:fe:a1:20:19 len=99
2021-02-28T01:23:32.671394-05:00 DEBUG wpa_supplicant[626]: wlan0: RX EAPOL from 7a:f9:fe:a1:20:19
2021-02-28T01:23:32.671487-05:00 DEBUG wpa_supplicant[626]: wlan0: Not associated - Delay processing of received EAPOL frame (state=ASSOCIATING bssid=00:00:00:00:00:00)
2021-02-28T01:23:32.672521-05:00 DEBUG wpa_supplicant[626]: RTM_NEWLINK: ifi_index=2 ifname=wlan0 wext ifi_family=0 ifi_flags=0x11003 ([UP][LOWER_UP])
2021-02-28T01:23:32.672634-05:00 DEBUG wpa_supplicant[626]: RTM_NEWLINK: ifi_index=2 ifname=wlan0 wext ifi_family=0 ifi_flags=0x11003 ([UP][LOWER_UP])
2021-02-28T01:23:32.672725-05:00 DEBUG wpa_supplicant[626]: RTM_NEWLINK: ifi_index=2 ifname=wlan0 operstate=5 linkmode=1 ifi_family=0 ifi_flags=0x11003 ([UP][LOWER_UP])
2021-02-28T01:23:32.672858-05:00 DEBUG wpa_supplicant[626]: nl80211: Drv Event 38 (NL80211_CMD_ASSOCIATE) received for wlan0
2021-02-28T01:23:32.672942-05:00 DEBUG wpa_supplicant[626]: nl80211: Associate event
2021-02-28T01:23:32.673036-05:00 DEBUG wpa_supplicant[626]: wlan0: Event ASSOC (0) received
2021-02-28T01:23:32.673114-05:00 DEBUG wpa_supplicant[626]: wlan0: Association info event
2021-02-28T01:23:32.673187-05:00 DEBUG wpa_supplicant[626]: resp_ies - hexdump(len=97): 01 08 82 84 8b 96 0c 12 18 24 32 04 30 48 60 6c 2d 1a ad 01 13 ff ff 00 00 00 00 00 00 00 00 00 00 00 00 00 00 00 00 00 00 00 00 00 3d 16 01 00 00 00 00 00 00 00 00 00 00 00 00 00 00 00 00 00 00 00 00 00 dd 18 00 50 f2 02 01 01 81 00 03 a4 00 00 27 a4 00 00 42 43 5e 00 62 32 2f 00 7f 01 04
2021-02-28T01:23:32.673264-05:00 DEBUG wpa_supplicant[626]: wlan0: freq=2412 MHz
2021-02-28T01:23:32.673361-05:00 DEBUG wpa_supplicant[626]: FT: Stored MDIE and FTIE from (Re)Association Response - hexdump(len=0):
2021-02-28T01:23:32.673434-05:00 DEBUG wpa_supplicant[626]: wlan0: State: ASSOCIATING -> ASSOCIATED
2021-02-28T01:23:32.673507-05:00 DEBUG wpa_supplicant[626]: nl80211: Set wlan0 operstate 0->0 (DORMANT)
2021-02-28T01:23:32.673579-05:00 DEBUG wpa_supplicant[626]: netlink: Operstate: ifindex=2 linkmode=-1 (no change), operstate=5 (IF_OPER_DORMANT)
2021-02-28T01:23:32.673652-05:00 DEBUG wpa_supplicant[626]: wlan0: Associated to a new BSS: BSSID=7a:f9:fe:a1:20:19
2021-02-28T01:23:32.673724-05:00 NOTICE wpa_supplicant[626]: wlan0: Associated with 7a:f9:fe:a1:20:19
2021-02-28T01:23:32.673798-05:00 DEBUG wpa_supplicant[626]: wlan0: WPA: Association event - clear replay counter
2021-02-28T01:23:32.673870-05:00 DEBUG wpa_supplicant[626]: wlan0: WPA: Clear old PTK
2021-02-28T01:23:32.673952-05:00 DEBUG wpa_supplicant[626]: TDLS: Remove peers on association
2021-02-28T01:23:32.674036-05:00 DEBUG wpa_supplicant[626]: nl80211: Disabling high bitrates
2021-02-28T01:23:32.674108-05:00 DEBUG wpa_supplicant[626]: EAPOL: External notification - portEnabled=0
2021-02-28T01:23:32.674181-05:00 DEBUG wpa_supplicant[626]: EAPOL: External notification - portValid=0
2021-02-28T01:23:32.674253-05:00 DEBUG wpa_supplicant[626]: EAPOL: External notification - EAP success=0
2021-02-28T01:23:32.674325-05:00 DEBUG wpa_supplicant[626]: EAPOL: External notification - portEnabled=1
2021-02-28T01:23:32.674414-05:00 DEBUG wpa_supplicant[626]: EAPOL: SUPP_PAE entering state CONNECTING
2021-02-28T01:23:32.674492-05:00 DEBUG wpa_supplicant[626]: EAPOL: enable timer tick
2021-02-28T01:23:32.674574-05:00 DEBUG wpa_supplicant[626]: EAPOL: SUPP_BE entering state IDLE
2021-02-28T01:23:32.674646-05:00 DEBUG wpa_supplicant[626]: wlan0: Setting authentication timeout: 10 sec 0 usec
2021-02-28T01:23:32.674718-05:00 DEBUG wpa_supplicant[626]: wlan0: Cancelling scan request
2021-02-28T01:23:32.674790-05:00 DEBUG wpa_supplicant[626]: wlan0: Process pending EAPOL frame that was received just before association notification
2021-02-28T01:23:32.674863-05:00 DEBUG wpa_supplicant[626]: wlan0: RX EAPOL from 7a:f9:fe:a1:20:19
2021-02-28T01:23:32.674936-05:00 DEBUG wpa_supplicant[626]: wlan0: Setting authentication timeout: 10 sec 0 usec
2021-02-28T01:23:32.675021-05:00 DEBUG wpa_supplicant[626]: wlan0: IEEE 802.1X RX: version=2 type=3 length=95
2021-02-28T01:23:32.675095-05:00 DEBUG wpa_supplicant[626]: wlan0:   EAPOL-Key type=2
2021-02-28T01:23:32.675205-05:00 DEBUG wpa_supplicant[626]: wlan0:   key_info 0x8a (ver=2 keyidx=0 rsvd=0 Pairwise Ack)
2021-02-28T01:23:32.675287-05:00 DEBUG wpa_supplicant[626]: wlan0:   key_length=16 key_data_length=0
2021-02-28T01:23:32.675374-05:00 DEBUG wpa_supplicant[626]:   replay_counter - hexdump(len=8): 00 00 00 00 00 00 00 01
2021-02-28T01:23:32.675452-05:00 DEBUG wpa_supplicant[626]:   key_nonce - hexdump(len=32): 45 93 ed ce 28 23 04 3c 12 58 23 47 ea b7 be 71 50 23 c4 d8 a0 aa 07 d0 cb af 03 db 54 b1 fb 26
2021-02-28T01:23:32.675540-05:00 DEBUG wpa_supplicant[626]:   key_iv - hexdump(len=16): 00 00 00 00 00 00 00 00 00 00 00 00 00 00 00 00
2021-02-28T01:23:32.675614-05:00 DEBUG wpa_supplicant[626]:   key_rsc - hexdump(len=8): 00 00 00 00 00 00 00 00
2021-02-28T01:23:32.675687-05:00 DEBUG wpa_supplicant[626]:   key_id (reserved) - hexdump(len=8): 00 00 00 00 00 00 00 00
2021-02-28T01:23:32.675760-05:00 DEBUG wpa_supplicant[626]:   key_mic - hexdump(len=16): 00 00 00 00 00 00 00 00 00 00 00 00 00 00 00 00
2021-02-28T01:23:32.675839-05:00 DEBUG wpa_supplicant[626]: wlan0: State: ASSOCIATED -> 4WAY_HANDSHAKE
2021-02-28T01:23:32.675920-05:00 DEBUG wpa_supplicant[626]: wlan0: WPA: RX message 1 of 4-Way Handshake from 7a:f9:fe:a1:20:19 (ver=2)
2021-02-28T01:23:32.675995-05:00 DEBUG wpa_supplicant[626]: RSN: msg 1/4 key data - hexdump(len=0):
2021-02-28T01:23:32.676098-05:00 DEBUG wpa_supplicant[626]: WPA: Renewed SNonce - hexdump(len=32): c8 71 2e 67 bc c6 cb cc 05 34 2b 09 0c ef 9b 97 98 8c 4b cf e0 e6 80 11 1d 43 e4 d1 71 fd 5f 74
2021-02-28T01:23:32.676210-05:00 DEBUG wpa_supplicant[626]: WPA: PTK derivation - A1=10:4a:7d:15:50:95 A2=7a:f9:fe:a1:20:19
2021-02-28T01:23:32.676285-05:00 DEBUG wpa_supplicant[626]: WPA: Nonce1 - hexdump(len=32): c8 71 2e 67 bc c6 cb cc 05 34 2b 09 0c ef 9b 97 98 8c 4b cf e0 e6 80 11 1d 43 e4 d1 71 fd 5f 74
2021-02-28T01:23:32.676360-05:00 DEBUG wpa_supplicant[626]: WPA: Nonce2 - hexdump(len=32): 45 93 ed ce 28 23 04 3c 12 58 23 47 ea b7 be 71 50 23 c4 d8 a0 aa 07 d0 cb af 03 db 54 b1 fb 26
2021-02-28T01:23:32.676436-05:00 DEBUG wpa_supplicant[626]: WPA: PMK - hexdump(len=32): [REMOVED]
2021-02-28T01:23:32.676509-05:00 DEBUG wpa_supplicant[626]: WPA: PTK - hexdump(len=48): [REMOVED]
2021-02-28T01:23:32.676581-05:00 DEBUG wpa_supplicant[626]: WPA: KCK - hexdump(len=16): [REMOVED]
2021-02-28T01:23:32.676654-05:00 DEBUG wpa_supplicant[626]: WPA: KEK - hexdump(len=16): [REMOVED]
2021-02-28T01:23:32.676750-05:00 DEBUG wpa_supplicant[626]: WPA: TK - hexdump(len=16): [REMOVED]
2021-02-28T01:23:32.676828-05:00 DEBUG wpa_supplicant[626]: WPA: WPA IE for msg 2/4 - hexdump(len=22): 30 14 01 00 00 0f ac 04 01 00 00 0f ac 04 01 00 00 0f ac 02 00 00
2021-02-28T01:23:32.678167-05:00 DEBUG wpa_supplicant[626]: WPA: Replay Counter - hexdump(len=8): 00 00 00 00 00 00 00 01
2021-02-28T01:23:32.678309-05:00 DEBUG wpa_supplicant[626]: wlan0: WPA: Sending EAPOL-Key 2/4
2021-02-28T01:23:32.678388-05:00 DEBUG wpa_supplicant[626]: WPA: KCK - hexdump(len=16): [REMOVED]
2021-02-28T01:23:32.678486-05:00 DEBUG wpa_supplicant[626]: WPA: Derived Key MIC - hexdump(len=16): 6b a8 98 77 41 a2 41 59 77 88 d4 98 59 44 5a 35
2021-02-28T01:23:32.678563-05:00 DEBUG wpa_supplicant[626]: WMM AC: AC mandatory: AC_BE=0 AC_BK=0 AC_VI=0 AC_VO=0
2021-02-28T01:23:32.678639-05:00 DEBUG wpa_supplicant[626]: WMM AC: U-APSD queues=0x0
2021-02-28T01:23:32.678733-05:00 DEBUG wpa_supplicant[626]: WMM AC: Valid WMM association, WMM AC is enabled
2021-02-28T01:23:32.678809-05:00 NOTICE wpa_supplicant[626]: wlan0: CTRL-EVENT-SUBNET-STATUS-UPDATE status=0
2021-02-28T01:23:32.678885-05:00 DEBUG wpa_supplicant[626]: nl80211: Drv Event 46 (NL80211_CMD_CONNECT) received for wlan0
2021-02-28T01:23:32.678961-05:00 DEBUG wpa_supplicant[626]: nl80211: Ignore connect event (cmd=46) when using userspace SME
2021-02-28T01:23:32.679069-05:00 DEBUG wpa_supplicant[626]: dbus: flush_object_timeout_handler: Timeout - sending changed properties of object /fi/w1/wpa_supplicant1/Interfaces/1
2021-02-28T01:23:32.679554-05:00 DEBUG wpa_supplicant[626]: wlan0: Setting roam threshold: 18 dB
2021-02-28T01:23:32.680053-05:00 INFO shill[1351]: [INFO:wifi.cc(1798)] WiFi wlan0 StateChanged associating -> 4way_handshake
2021-02-28T01:23:32.683473-05:00 DEBUG wpa_supplicant[626]: l2_packet_receive: src=7a:f9:fe:a1:20:19 len=155
2021-02-28T01:23:32.683600-05:00 DEBUG wpa_supplicant[626]: wlan0: RX EAPOL from 7a:f9:fe:a1:20:19
2021-02-28T01:23:32.683673-05:00 DEBUG wpa_supplicant[626]: wlan0: IEEE 802.1X RX: version=2 type=3 length=151
2021-02-28T01:23:32.683747-05:00 DEBUG wpa_supplicant[626]: wlan0:   EAPOL-Key type=2
2021-02-28T01:23:32.683821-05:00 DEBUG wpa_supplicant[626]: wlan0:   key_info 0x13ca (ver=2 keyidx=0 rsvd=0 Pairwise Install Ack MIC Secure Encr)
2021-02-28T01:23:32.683895-05:00 DEBUG wpa_supplicant[626]: wlan0:   key_length=16 key_data_length=56
2021-02-28T01:23:32.683970-05:00 DEBUG wpa_supplicant[626]:   replay_counter - hexdump(len=8): 00 00 00 00 00 00 00 02
2021-02-28T01:23:32.684061-05:00 DEBUG wpa_supplicant[626]:   key_nonce - hexdump(len=32): 45 93 ed ce 28 23 04 3c 12 58 23 47 ea b7 be 71 50 23 c4 d8 a0 aa 07 d0 cb af 03 db 54 b1 fb 26
2021-02-28T01:23:32.684171-05:00 DEBUG wpa_supplicant[626]:   key_iv - hexdump(len=16): 00 00 00 00 00 00 00 00 00 00 00 00 00 00 00 00
2021-02-28T01:23:32.684246-05:00 DEBUG wpa_supplicant[626]:   key_rsc - hexdump(len=8): 00 00 00 00 00 00 00 00
2021-02-28T01:23:32.684328-05:00 DEBUG wpa_supplicant[626]:   key_id (reserved) - hexdump(len=8): 00 00 00 00 00 00 00 00
2021-02-28T01:23:32.684405-05:00 DEBUG wpa_supplicant[626]:   key_mic - hexdump(len=16): 90 28 44 ba 6d 2b fd a7 db 1c fb 88 09 d8 26 3e
2021-02-28T01:23:32.684497-05:00 DEBUG wpa_supplicant[626]: RSN: encrypted key data - hexdump(len=56): f5 d0 5f 10 79 b4 16 8b 05 38 a3 18 df 96 ca 64 1d 15 18 b3 c4 6c be 4d fa e8 a0 29 11 3e 84 79 5e fc 2d 4f 22 35 fd bf 52 a6 e9 0e e1 cc 1d d7 ce 3e 3b 23 bf 16 85 5c
2021-02-28T01:23:32.684578-05:00 DEBUG wpa_supplicant[626]: WPA: decrypted EAPOL-Key key data - hexdump(len=48): [REMOVED]
2021-02-28T01:23:32.684655-05:00 DEBUG wpa_supplicant[626]: wlan0: State: 4WAY_HANDSHAKE -> 4WAY_HANDSHAKE
2021-02-28T01:23:32.684733-05:00 DEBUG wpa_supplicant[626]: wlan0: WPA: RX message 3 of 4-Way Handshake from 7a:f9:fe:a1:20:19 (ver=2)
2021-02-28T01:23:32.684827-05:00 DEBUG wpa_supplicant[626]: WPA: IE KeyData - hexdump(len=48): 30 14 01 00 00 0f ac 04 01 00 00 0f ac 04 01 00 00 0f ac 02 0c 00 dd 16 00 0f ac 01 01 00 1a 8b 40 5d b2 d0 04 8a 8b 09 68 67 32 f2 92 f1 dd 00
2021-02-28T01:23:32.684907-05:00 DEBUG wpa_supplicant[626]: WPA: RSN IE in EAPOL-Key - hexdump(len=22): 30 14 01 00 00 0f ac 04 01 00 00 0f ac 04 01 00 00 0f ac 02 0c 00
2021-02-28T01:23:32.684985-05:00 DEBUG wpa_supplicant[626]: WPA: GTK in EAPOL-Key - hexdump(len=24): [REMOVED]
2021-02-28T01:23:32.685076-05:00 DEBUG wpa_supplicant[626]: wlan0: WPA: Sending EAPOL-Key 4/4
2021-02-28T01:23:32.685153-05:00 DEBUG wpa_supplicant[626]: WPA: KCK - hexdump(len=16): [REMOVED]
2021-02-28T01:23:32.685230-05:00 DEBUG wpa_supplicant[626]: WPA: Derived Key MIC - hexdump(len=16): 48 e3 ae 82 e8 99 39 2f 88 dc 8a 66 e4 16 f3 9f
2021-02-28T01:23:32.685307-05:00 DEBUG wpa_supplicant[626]: wlan0: WPA: Installing PTK to the driver
2021-02-28T01:23:32.685413-05:00 DEBUG wpa_supplicant[626]: wpa_driver_nl80211_set_key: ifindex=2 (wlan0) alg=3 addr=0x5a70ed616bc8 key_idx=0 set_tx=1 seq_len=6 key_len=16
2021-02-28T01:23:32.685492-05:00 DEBUG wpa_supplicant[626]: nl80211: KEY_DATA - hexdump(len=16): [REMOVED]
2021-02-28T01:23:32.685569-05:00 DEBUG wpa_supplicant[626]: nl80211: KEY_SEQ - hexdump(len=6): 00 00 00 00 00 00
2021-02-28T01:23:32.685657-05:00 DEBUG wpa_supplicant[626]:    addr=7a:f9:fe:a1:20:19
2021-02-28T01:23:32.770725-05:00 DEBUG wpa_supplicant[626]: EAPOL: External notification - portValid=1
2021-02-28T01:23:32.770861-05:00 DEBUG wpa_supplicant[626]: wlan0: State: 4WAY_HANDSHAKE -> GROUP_HANDSHAKE
2021-02-28T01:23:32.770937-05:00 DEBUG wpa_supplicant[626]: RSN: received GTK in pairwise handshake - hexdump(len=18): [REMOVED]
2021-02-28T01:23:32.771040-05:00 DEBUG wpa_supplicant[626]: WPA: Group Key - hexdump(len=16): [REMOVED]
2021-02-28T01:23:32.771156-05:00 DEBUG wpa_supplicant[626]: wlan0: WPA: Installing GTK to the driver (keyidx=1 tx=0 len=16)
2021-02-28T01:23:32.771234-05:00 DEBUG wpa_supplicant[626]: WPA: RSC - hexdump(len=6): 00 00 00 00 00 00
2021-02-28T01:23:32.771314-05:00 DEBUG wpa_supplicant[626]: wpa_driver_nl80211_set_key: ifindex=2 (wlan0) alg=3 addr=0x5a70ece9b620 key_idx=1 set_tx=0 seq_len=6 key_len=16
2021-02-28T01:23:32.771394-05:00 DEBUG wpa_supplicant[626]: nl80211: KEY_DATA - hexdump(len=16): [REMOVED]
2021-02-28T01:23:32.771472-05:00 DEBUG wpa_supplicant[626]: nl80211: KEY_SEQ - hexdump(len=6): 00 00 00 00 00 00
2021-02-28T01:23:32.771549-05:00 DEBUG wpa_supplicant[626]:    broadcast key
2021-02-28T01:23:32.772194-05:00 NOTICE wpa_supplicant[626]: wlan0: WPA: Key negotiation completed with 7a:f9:fe:a1:20:19 [PTK=CCMP GTK=CCMP]
2021-02-28T01:23:32.772362-05:00 DEBUG wpa_supplicant[626]: wlan0: Cancelling authentication timeout
2021-02-28T01:23:32.772449-05:00 DEBUG wpa_supplicant[626]: wlan0: State: GROUP_HANDSHAKE -> COMPLETED
2021-02-28T01:23:32.772528-05:00 DEBUG wpa_supplicant[626]: wlan0: Radio work 'sme-connect'@0x5a70ed63cee0 done in 0.148494 seconds
2021-02-28T01:23:32.772617-05:00 DEBUG wpa_supplicant[626]: wlan0: radio_work_free('sme-connect'@0x5a70ed63cee0: num_active_works --> 0
2021-02-28T01:23:32.772698-05:00 NOTICE wpa_supplicant[626]: wlan0: CTRL-EVENT-CONNECTED - Connection to 7a:f9:fe:a1:20:19 completed [id=0 id_str=]
2021-02-28T01:23:32.772776-05:00 DEBUG wpa_supplicant[626]: nl80211: Set wlan0 operstate 0->1 (UP)
2021-02-28T01:23:32.772859-05:00 DEBUG wpa_supplicant[626]: netlink: Operstate: ifindex=2 linkmode=-1 (no change), operstate=6 (IF_OPER_UP)
2021-02-28T01:23:32.772963-05:00 DEBUG wpa_supplicant[626]: EAPOL: External notification - portValid=1
2021-02-28T01:23:32.773107-05:00 DEBUG wpa_supplicant[626]: EAPOL: External notification - EAP success=1
2021-02-28T01:23:32.773188-05:00 DEBUG wpa_supplicant[626]: EAPOL: SUPP_PAE entering state AUTHENTICATING
2021-02-28T01:23:32.773286-05:00 DEBUG wpa_supplicant[626]: EAPOL: SUPP_BE entering state SUCCESS
2021-02-28T01:23:32.773366-05:00 DEBUG wpa_supplicant[626]: EAP: EAP entering state DISABLED
2021-02-28T01:23:32.773454-05:00 DEBUG wpa_supplicant[626]: EAPOL: SUPP_PAE entering state AUTHENTICATED
2021-02-28T01:23:32.773533-05:00 DEBUG wpa_supplicant[626]: EAPOL: Supplicant port status: Authorized
2021-02-28T01:23:32.773611-05:00 DEBUG wpa_supplicant[626]: nl80211: Set supplicant port authorized for 7a:f9:fe:a1:20:19
2021-02-28T01:23:32.773705-05:00 DEBUG wpa_supplicant[626]: EAPOL: SUPP_BE entering state IDLE
2021-02-28T01:23:32.773784-05:00 DEBUG wpa_supplicant[626]: EAPOL authentication completed - result=SUCCESS
2021-02-28T01:23:32.773862-05:00 DEBUG wpa_supplicant[626]: nl80211: Set rekey offload
2021-02-28T01:23:32.773940-05:00 DEBUG wpa_supplicant[626]: RTM_NEWLINK: ifi_index=2 ifname=wlan0 operstate=6 linkmode=1 ifi_family=0 ifi_flags=0x11043 ([UP][RUNNING][LOWER_UP])
2021-02-28T01:23:32.776226-05:00 DEBUG wpa_supplicant[626]: dbus: flush_object_timeout_handler: Timeout - sending changed properties of object /fi/w1/wpa_supplicant1/Interfaces/1
2021-02-28T01:23:32.777488-05:00 INFO shill[1351]: [INFO:wifi.cc(1798)] WiFi wlan0 StateChanged 4way_handshake -> completed
2021-02-28T01:23:32.805521-05:00 INFO shill[1351]: [INFO:dhcp_config.cc(187)] Spawned /sbin/dhcpcd with pid: 3229
2021-02-28T01:23:32.805696-05:00 INFO shill[1351]: [INFO:wifi.cc(1853)] wlan0 is up; started L3 configuration.
2021-02-28T01:23:32.805789-05:00 INFO shill[1351]: [INFO:service.cc(401)] Service 10: state Associating -> Configuring
2021-02-28T01:23:32.805865-05:00 INFO shill[1351]: [INFO:manager.cc(1480)] Service 10 updated; state: Configuring
2021-02-28T01:23:32.810066-05:00 INFO shill[1351]: [INFO:service.cc(291)] Suppressed autoconnect to service 0 (no endpoints)
2021-02-28T01:23:32.816454-05:00 NOTICE dhcpcd[3229]: dhcpcd is running with reduced privileges
2021-02-28T01:23:32.818633-05:00 INFO dhcpcd[3229]: status changed to Init
2021-02-28T01:23:32.819622-05:00 INFO shill[1351]: [INFO:dhcp_config.cc(134)] Init DHCP Proxy: wlan0 at :1.43
2021-02-28T01:23:32.913950-05:00 INFO dhcpcd[3229]: status changed to Discover
2021-02-28T01:23:32.914121-05:00 INFO dhcpcd[3229]: wlan0: soliciting a DHCP lease
2021-02-28T01:23:32.914212-05:00 INFO dhcpcd[3229]: wlan0: sending DISCOVER (xid 0x597552d6), next in 3.3 seconds
2021-02-28T01:23:34.675320-05:00 DEBUG wpa_supplicant[626]: EAPOL: startWhen --> 0
2021-02-28T01:23:34.675478-05:00 DEBUG wpa_supplicant[626]: EAPOL: disable timer tick
2021-02-28T01:23:36.150065-05:00 DEBUG wpa_supplicant[626]: RTM_NEWLINK: ifi_index=2 ifname=wlan0 operstate=2 linkmode=1 ifi_family=0 ifi_flags=0x1003 ([UP])
2021-02-28T01:23:36.174706-05:00 DEBUG wpa_supplicant[626]: nl80211: Drv Event 20 (NL80211_CMD_DEL_STATION) received for wlan0
2021-02-28T01:23:36.174843-05:00 DEBUG wpa_supplicant[626]: nl80211: Delete station 7a:f9:fe:a1:20:19
2021-02-28T01:23:36.177404-05:00 DEBUG wpa_supplicant[626]: nl80211: Drv Event 40 (NL80211_CMD_DISASSOCIATE) received for wlan0
2021-02-28T01:23:36.177548-05:00 DEBUG wpa_supplicant[626]: nl80211: Disassociate event
2021-02-28T01:23:36.177626-05:00 DEBUG wpa_supplicant[626]: wlan0: Event DISASSOC (1) received
2021-02-28T01:23:36.177705-05:00 DEBUG wpa_supplicant[626]: wlan0: Disassociation notification
2021-02-28T01:23:36.177781-05:00 DEBUG wpa_supplicant[626]: wlan0:  * reason 1 (UNSPECIFIED)
2021-02-28T01:23:36.177884-05:00 DEBUG wpa_supplicant[626]: wlan0:  * address 7a:f9:fe:a1:20:19
2021-02-28T01:23:36.177960-05:00 DEBUG wpa_supplicant[626]: Disassociation frame IE(s) - hexdump(len=0): [NULL]
2021-02-28T01:23:36.178069-05:00 DEBUG wpa_supplicant[626]: wlan0: SME: Disassociation event received
2021-02-28T01:23:36.178148-05:00 DEBUG wpa_supplicant[626]: wlan0: SME: Deauthenticate to clear driver state
2021-02-28T01:23:36.178223-05:00 DEBUG wpa_supplicant[626]: wpa_driver_nl80211_deauthenticate(addr=7a:f9:fe:a1:20:19 reason_code=3)
2021-02-28T01:23:36.185838-05:00 DEBUG wpa_supplicant[626]: wlan0: nl80211: MLME command failed: reason=3 ret=-107 (Transport endpoint is not connected)
2021-02-28T01:23:36.185946-05:00 NOTICE wpa_supplicant[626]: wlan0: CTRL-EVENT-DISCONNECTED bssid=7a:f9:fe:a1:20:19 reason=1 (UNSPECIFIED)
2021-02-28T01:23:36.186073-05:00 DEBUG wpa_supplicant[626]: wlan0: Auto connect enabled: try to reconnect (wps=0/0 wpa_state=9)
2021-02-28T01:23:36.186181-05:00 DEBUG wpa_supplicant[626]: wlan0: Setting scan request: 0.100000 sec
2021-02-28T01:23:36.186261-05:00 DEBUG wpa_supplicant[626]: Added BSSID 7a:f9:fe:a1:20:19 into blacklist
2021-02-28T01:23:36.186337-05:00 DEBUG wpa_supplicant[626]: wlan0: Blacklist count 1 --> request scan in 100 ms
2021-02-28T01:23:36.186415-05:00 DEBUG wpa_supplicant[626]: wlan0: Ignore new scan request for 0.100000 sec since an earlier request is scheduled to trigger sooner
2021-02-28T01:23:36.186495-05:00 DEBUG wpa_supplicant[626]: TDLS: Remove peers on disassociation
2021-02-28T01:23:36.186575-05:00 DEBUG wpa_supplicant[626]: wlan0: WPA: Clear old PMK and PTK
2021-02-28T01:23:36.186675-05:00 DEBUG wpa_supplicant[626]: wlan0: Disconnect event - remove keys
2021-02-28T01:23:36.186753-05:00 DEBUG wpa_supplicant[626]: wpa_driver_nl80211_set_key: ifindex=2 (wlan0) alg=0 addr=(nil) key_idx=0 set_tx=0 seq_len=0 key_len=0
2021-02-28T01:23:36.186831-05:00 DEBUG wpa_supplicant[626]: wpa_driver_nl80211_set_key: ifindex=2 (wlan0) alg=0 addr=(nil) key_idx=1 set_tx=0 seq_len=0 key_len=0
2021-02-28T01:23:36.186910-05:00 DEBUG wpa_supplicant[626]: wpa_driver_nl80211_set_key: ifindex=2 (wlan0) alg=0 addr=0x5a70ed612ee0 key_idx=0 set_tx=0 seq_len=0 key_len=0
2021-02-28T01:23:36.186986-05:00 DEBUG wpa_supplicant[626]:    addr=7a:f9:fe:a1:20:19
2021-02-28T01:23:36.187080-05:00 DEBUG wpa_supplicant[626]: nl80211: Data frame filter flags=0x0
2021-02-28T01:23:36.187156-05:00 ERR wpa_supplicant[626]: nl80211: Failed to open /proc/sys/net/ipv4/conf/wlan0/drop_unicast_in_l2_multicast: No such file or directory
2021-02-28T01:23:36.187233-05:00 ERR wpa_supplicant[626]: nl80211: Failed to set IPv4 unicast in multicast filter
2021-02-28T01:23:36.187419-05:00 DEBUG wpa_supplicant[626]: wlan0: State: COMPLETED -> DISCONNECTED
2021-02-28T01:23:36.187501-05:00 DEBUG wpa_supplicant[626]: nl80211: Set wlan0 operstate 1->0 (DORMANT)
2021-02-28T01:23:36.187576-05:00 DEBUG wpa_supplicant[626]: netlink: Operstate: ifindex=2 linkmode=-1 (no change), operstate=5 (IF_OPER_DORMANT)
2021-02-28T01:23:36.187651-05:00 DEBUG wpa_supplicant[626]: WMM AC: WMM AC is disabled
2021-02-28T01:23:36.187727-05:00 DEBUG wpa_supplicant[626]: EAPOL: External notification - portEnabled=0
2021-02-28T01:23:36.187803-05:00 DEBUG wpa_supplicant[626]: EAPOL: SUPP_PAE entering state DISCONNECTED
2021-02-28T01:23:36.187880-05:00 DEBUG wpa_supplicant[626]: EAPOL: Supplicant port status: Unauthorized
2021-02-28T01:23:36.187957-05:00 DEBUG wpa_supplicant[626]: nl80211: Skip set_supp_port(unauthorized) while not associated
2021-02-28T01:23:36.188078-05:00 DEBUG wpa_supplicant[626]: EAPOL: SUPP_BE entering state INITIALIZE
2021-02-28T01:23:36.188154-05:00 DEBUG wpa_supplicant[626]: EAPOL: External notification - portValid=0
2021-02-28T01:23:36.188229-05:00 DEBUG wpa_supplicant[626]: EAPOL: External notification - EAP success=0
2021-02-28T01:23:36.188304-05:00 DEBUG wpa_supplicant[626]: RTM_NEWLINK: ifi_index=2 ifname=wlan0 wext ifi_family=0 ifi_flags=0x1003 ([UP])
2021-02-28T01:23:36.188380-05:00 DEBUG wpa_supplicant[626]: nl80211: Drv Event 48 (NL80211_CMD_DISCONNECT) received for wlan0
2021-02-28T01:23:36.188454-05:00 DEBUG wpa_supplicant[626]: nl80211: Ignore disconnect event when using userspace SME
2021-02-28T01:23:36.188809-05:00 INFO shill[1351]: [INFO:wifi.cc(919)] WiFi wlan0 supplicant updated DisconnectReason to 1 (Unspecified reason)
2021-02-28T01:23:36.191920-05:00 DEBUG wpa_supplicant[626]: dbus: flush_object_timeout_handler: Timeout - sending changed properties of object /fi/w1/wpa_supplicant1/Interfaces/1
2021-02-28T01:23:36.192848-05:00 INFO shill[1351]: [INFO:wifi.cc(839)] Current BSS signal strength at disconnect: -27
2021-02-28T01:23:36.193967-05:00 INFO shill[1351]: [INFO:service.cc(401)] Service 10: state Configuring -> Failure
2021-02-28T01:23:36.194164-05:00 INFO shill[1351]: [INFO:service.cc(981)] Noting an unexpected failure to connect.
2021-02-28T01:23:36.194400-05:00 INFO shill[1351]: [INFO:manager.cc(1480)] Service 10 updated; state: Failure failure: unknown-failure
2021-02-28T01:23:36.194539-05:00 ERR shill[1351]: [ERROR:wifi.cc(1065)] Disconnected due to reason: unknown-failure
2021-02-28T01:23:36.194693-05:00 INFO shill[1351]: [INFO:service.cc(401)] Service 10: state Failure -> Idle
2021-02-28T01:23:36.194825-05:00 INFO shill[1351]: [INFO:manager.cc(1480)] Service 10 updated; state: Idle
2021-02-28T01:23:36.194979-05:00 INFO shill[1351]: [INFO:dhcp_config.cc(194)] Stopping 3229 (ReleaseIP)
2021-02-28T01:23:36.195385-05:00 INFO dhcpcd[3229]: received SIGTERM, stopping
2021-02-28T01:23:36.195590-05:00 INFO dhcpcd[3229]: wlan0: removing interface
2021-02-28T01:23:36.195765-05:00 DEBUG wpa_supplicant[626]: nl80211: Drv Event 36 (NL80211_CMD_REG_CHANGE) received for wlan0
2021-02-28T01:23:36.195955-05:00 DEBUG wpa_supplicant[626]: nl80211: Regulatory domain change
2021-02-28T01:23:36.196168-05:00 DEBUG wpa_supplicant[626]:  * initiator=0
2021-02-28T01:23:36.196329-05:00 DEBUG wpa_supplicant[626]:  * type=1
2021-02-28T01:23:36.196521-05:00 DEBUG wpa_supplicant[626]: wlan0: Event CHANNEL_LIST_CHANGED (28) received
2021-02-28T01:23:36.196699-05:00 NOTICE wpa_supplicant[626]: wlan0: CTRL-EVENT-REGDOM-CHANGE init=CORE type=WORLD
2021-02-28T01:23:36.196853-05:00 DEBUG wpa_supplicant[626]: wlan0: Updating hw mode
2021-02-28T01:23:36.197021-05:00 DEBUG wpa_supplicant[626]: nl80211: Regulatory information - country=00
2021-02-28T01:23:36.197190-05:00 DEBUG wpa_supplicant[626]: nl80211: 2402-2472 @ 40 MHz 20 mBm
2021-02-28T01:23:36.197364-05:00 DEBUG wpa_supplicant[626]: nl80211: 2457-2482 @ 20 MHz 20 mBm (no IR)
2021-02-28T01:23:36.197515-05:00 DEBUG wpa_supplicant[626]: nl80211: 2474-2494 @ 20 MHz 20 mBm (no IR)
2021-02-28T01:23:36.197700-05:00 DEBUG wpa_supplicant[626]: nl80211: 5170-5250 @ 80 MHz 20 mBm (no IR)
2021-02-28T01:23:36.197864-05:00 DEBUG wpa_supplicant[626]: nl80211: 5250-5330 @ 80 MHz 20 mBm (DFS) (no IR)
2021-02-28T01:23:36.198060-05:00 DEBUG wpa_supplicant[626]: nl80211: 5490-5730 @ 160 MHz 20 mBm (DFS) (no IR)
2021-02-28T01:23:36.198248-05:00 DEBUG wpa_supplicant[626]: nl80211: 5735-5835 @ 80 MHz 20 mBm (no IR)
2021-02-28T01:23:36.198400-05:00 DEBUG wpa_supplicant[626]: nl80211: 57240-63720 @ 2160 MHz 0 mBm
2021-02-28T01:23:36.198547-05:00 DEBUG wpa_supplicant[626]: nl80211: Added 802.11b mode based on 802.11g information
2021-02-28T01:23:36.201420-05:00 DEBUG wpa_supplicant[626]: nl80211: Drv Event 36 (NL80211_CMD_REG_CHANGE) received for wlan0
2021-02-28T01:23:36.201691-05:00 DEBUG wpa_supplicant[626]: nl80211: Regulatory domain change
2021-02-28T01:23:36.201883-05:00 INFO dhcpcd[3229]: status changed to Release
2021-02-28T01:23:36.202081-05:00 DEBUG wpa_supplicant[626]:  * initiator=1
2021-02-28T01:23:36.202230-05:00 DEBUG wpa_supplicant[626]:  * type=0
2021-02-28T01:23:36.202364-05:00 DEBUG wpa_supplicant[626]:  * alpha2=US
2021-02-28T01:23:36.202507-05:00 DEBUG wpa_supplicant[626]: wlan0: Event CHANNEL_LIST_CHANGED (28) received
2021-02-28T01:23:36.202661-05:00 NOTICE wpa_supplicant[626]: wlan0: CTRL-EVENT-REGDOM-CHANGE init=USER type=COUNTRY alpha2=US
2021-02-28T01:23:36.202860-05:00 DEBUG wpa_supplicant[626]: wlan0: Updating hw mode
2021-02-28T01:23:36.203071-05:00 INFO dhcpcd[3229]: dhcpcd exited
2021-02-28T01:23:36.203284-05:00 DEBUG wpa_supplicant[626]: nl80211: Regulatory information - country=US
2021-02-28T01:23:36.203435-05:00 DEBUG wpa_supplicant[626]: nl80211: 2402-2472 @ 40 MHz 30 mBm
2021-02-28T01:23:36.203600-05:00 DEBUG wpa_supplicant[626]: nl80211: 5170-5250 @ 80 MHz 17 mBm
2021-02-28T01:23:36.203851-05:00 DEBUG wpa_supplicant[626]: nl80211: 5250-5330 @ 80 MHz 23 mBm (DFS)
2021-02-28T01:23:36.204096-05:00 DEBUG wpa_supplicant[626]: nl80211: 5490-5730 @ 160 MHz 23 mBm (DFS)
2021-02-28T01:23:36.204321-05:00 DEBUG wpa_supplicant[626]: nl80211: 5735-5835 @ 80 MHz 30 mBm
2021-02-28T01:23:36.204505-05:00 DEBUG wpa_supplicant[626]: nl80211: 57240-63720 @ 2160 MHz 40 mBm
2021-02-28T01:23:36.204649-05:00 DEBUG wpa_supplicant[626]: nl80211: Added 802.11b mode based on 802.11g information
2021-02-28T01:23:36.205734-05:00 INFO shill[1351]: [INFO:wifi.cc(1798)] WiFi wlan0 StateChanged completed -> disconnected
2021-02-28T01:23:36.206684-05:00 INFO shill[1351]: [INFO:manager.cc(1625)] Default physical service: 0 (not connected)
2021-02-28T01:23:36.206918-05:00 INFO shill[1351]: [INFO:service.cc(291)] Suppressed autoconnect to service 0 (no endpoints)
2021-02-28T01:23:36.293601-05:00 INFO shill[1351]: [INFO:wifi.cc(1798)] WiFi wlan0 StateChanged disconnected -> inactive
2021-02-28T01:23:46.143910-05:00 INFO shill[1351]: [INFO:wifi.cc(319)] Scan on wlan0 from RequestScan
2021-02-28T01:23:48.770652-05:00 NOTICE wpa_supplicant[626]: Removed BSSID 7a:f9:fe:a1:20:19 from blacklist (clear)
2021-02-28T01:23:48.771610-05:00 INFO shill[1351]: [INFO:wifi.cc(389)] ScanDone
2021-02-28T01:23:48.771774-05:00 INFO shill[1351]: [INFO:service.cc(269)] wifi service 18 constructed.
2021-02-28T01:23:48.771871-05:00 INFO shill[1351]: [INFO:wifi_service.cc(173)] Constructed WiFi service 18 name: [SSID=Ravenclaw]
2021-02-28T01:23:48.771967-05:00 INFO shill[1351]: [INFO:wifi_service.cc(771)] Rep ep updated for 18. [SSID=Ravenclaw], bssid: 74:da:88:69:23:1c, sig: -87, sec: rsn, freq: 2457
2021-02-28T01:23:48.774344-05:00 INFO shill[1351]: [INFO:service.cc(291)] Suppressed autoconnect to service 0 (no endpoints)
2021-02-28T01:23:56.144065-05:00 INFO shill[1351]: [INFO:wifi.cc(319)] Scan on wlan0 from RequestScan
2021-02-28T01:23:58.771607-05:00 INFO shill[1351]: [INFO:wifi.cc(389)] ScanDone
2021-02-28T01:23:58.771759-05:00 INFO shill[1351]: [INFO:service.cc(291)] Suppressed autoconnect to service 0 (no endpoints)
2021-02-28T01:24:06.146091-05:00 INFO shill[1351]: [INFO:wifi.cc(319)] Scan on wlan0 from RequestScan
2021-02-28T01:24:08.786886-05:00 INFO shill[1351]: [INFO:wifi.cc(389)] ScanDone
2021-02-28T01:24:08.787531-05:00 INFO shill[1351]: [INFO:service.cc(291)] Suppressed autoconnect to service 0 (no endpoints)
2021-02-28T01:24:08.802588-05:00 INFO shill[1351]: [INFO:service.cc(275)] Service 18 destroyed.
2021-02-28T01:24:08.803615-05:00 INFO shill[1351]: [INFO:service.cc(275)] Service 17 destroyed.
2021-02-28T01:24:08.805233-05:00 INFO shill[1351]: [INFO:service.cc(291)] Suppressed autoconnect to service 0 (no endpoints)
2021-02-28T01:24:14.443472-05:00 INFO shill[1351]: [INFO:manager.cc(1505)] Device wlan0 updated: disabled
2021-02-28T01:24:14.491437-05:00 ERR wpa_supplicant[626]: nl80211: Failed to open /proc/sys/net/ipv4/conf/wlan0/drop_unicast_in_l2_multicast: No such file or directory
2021-02-28T01:24:14.491695-05:00 ERR wpa_supplicant[626]: nl80211: Failed to set IPv4 unicast in multicast filter
2021-02-28T01:24:14.495569-05:00 INFO shill[1351]: [INFO:service.cc(275)] Service 6 destroyed.
2021-02-28T01:24:14.496143-05:00 INFO shill[1351]: [INFO:wifi_service.cc(771)] Rep ep updated for 3. [SSID=ChamplainPSK], bssid: 38:17:c3:6b:8d:d2, sig: -74, sec: rsn, freq: 5240
2021-02-28T01:24:14.496421-05:00 INFO shill[1351]: [INFO:wifi_service.cc(771)] Rep ep updated for 4. [SSID=eduroam], bssid: 38:17:c3:6b:8d:d3, sig: -75, sec: 802_1x, freq: 5240
2021-02-28T01:24:14.496655-05:00 INFO shill[1351]: [INFO:wifi_service.cc(771)] Rep ep updated for 5. [SSID=Champlain], bssid: 38:17:c3:6b:8d:d4, sig: -75, sec: 802_1x, freq: 5240
2021-02-28T01:24:14.500935-05:00 INFO shill[1351]: [INFO:service.cc(275)] Service 4 destroyed.
2021-02-28T01:24:14.501147-05:00 INFO shill[1351]: [INFO:wifi_service.cc(771)] Rep ep updated for 7. [SSID=ChamplainGuest], bssid: 38:17:c3:6b:8d:d5, sig: -76, sec: none, freq: 5240
2021-02-28T01:24:14.501263-05:00 INFO shill[1351]: [INFO:service.cc(275)] Service 7 destroyed.
2021-02-28T01:24:14.501359-05:00 INFO shill[1351]: [INFO:service.cc(275)] Service 5 destroyed.
2021-02-28T01:24:14.501658-05:00 INFO shill[1351]: [INFO:service.cc(275)] Service 3 destroyed.
2021-02-28T01:24:14.510078-05:00 ERR wpa_supplicant[626]: nl80211: Failed to open /proc/sys/net/ipv4/conf/wlan0/drop_unicast_in_l2_multicast: No such file or directory
2021-02-28T01:24:14.510292-05:00 ERR wpa_supplicant[626]: nl80211: Failed to set IPv4 unicast in multicast filter
2021-02-28T01:24:14.520623-05:00 ERR wpa_supplicant[626]: nl80211: Failed to open /proc/sys/net/ipv4/conf/wlan0/drop_unicast_in_l2_multicast: No such file or directory
2021-02-28T01:24:14.520780-05:00 ERR wpa_supplicant[626]: nl80211: Failed to set IPv4 unicast in multicast filter
2021-02-28T01:24:14.520882-05:00 NOTICE wpa_supplicant[626]: nl80211: deinit ifname=wlan0 disabled_11b_rates=0
2021-02-28T01:24:14.526836-05:00 ERR wpa_supplicant[626]: rmdir[ctrl_interface=/run/wpa_supplicant]: Permission denied
2021-02-28T01:24:14.529834-05:00 INFO shill[1351]: [INFO:service.cc(291)] Suppressed autoconnect to service 0 (no endpoints)
2021-02-28T01:24:15.537852-05:00 INFO shill[1351]: [INFO:manager.cc(1505)] Device wlan0 updated: enabled
2021-02-28T01:24:15.555019-05:00 INFO shill[1351]: [INFO:wifi.cc(2573)] wlan0: enabled supplicant: present proxy: null
2021-02-28T01:24:15.835837-05:00 INFO shill[1351]: [INFO:wifi.cc(2621)] connected to supplicant on attempt 1
2021-02-28T01:24:15.847055-05:00 INFO shill[1351]: [INFO:wifi.cc(319)] Scan on wlan0 from ConnectToSupplicant
2021-02-28T01:24:15.852120-05:00 INFO shill[1351]: [INFO:wifi.cc(1798)] WiFi wlan0 StateChanged inactive -> disconnected
