2021-03-04T03:07:56.899151-05:00 WARNING shill[1352]: [WARNING:traffic_monitor.cc(212)] Congested tx queues detected, out-of-credits?
2021-03-04T03:09:21.794208-05:00 INFO shill[1352]: [INFO:wifi_service.cc(771)] Rep ep updated for 0. [SSID=NETGEAR-345], bssid: 16:f6:d8:42:43:7a, sig: -49, sec: rsn, freq: 2462
2021-03-04T03:09:41.798917-05:00 INFO shill[1352]: [INFO:wifi_service.cc(771)] Rep ep updated for 0. [SSID=NETGEAR-345], bssid: 16:f6:d8:42:43:7a, sig: -31, sec: rsn, freq: 2462
2021-03-04T03:30:53.955140-05:00 INFO shill[1352]: [INFO:manager.cc(1505)] Device wlan0 updated: disabled
2021-03-04T03:30:53.984680-05:00 INFO shill[1352]: [INFO:dhcp_config.cc(194)] Stopping 3454 (ReleaseIP)
2021-03-04T03:30:53.985208-05:00 INFO dhcpcd[3454]: received SIGTERM, stopping
2021-03-04T03:30:53.985419-05:00 INFO dhcpcd[3454]: wlan0: removing interface
2021-03-04T03:30:53.985536-05:00 INFO dhcpcd[3454]: status changed to Release
2021-03-04T03:30:53.985624-05:00 INFO dhcpcd[3454]: dhcpcd exited
2021-03-04T03:30:53.994926-05:00 INFO shill[1352]: [INFO:service.cc(401)] Service 0: state Online -> Idle
2021-03-04T03:30:53.995255-05:00 INFO shill[1352]: [INFO:manager.cc(1480)] Service 0 updated; state: Idle
2021-03-04T03:30:54.002759-05:00 NOTICE wpa_supplicant[604]: wlan0: CTRL-EVENT-DISCONNECTED bssid=16:f6:d8:42:43:7a reason=3 (DEAUTH_LEAVING) locally_generated=1
2021-03-04T03:30:54.021869-05:00 ERR wpa_supplicant[604]: nl80211: Failed to open /proc/sys/net/ipv4/conf/wlan0/drop_unicast_in_l2_multicast: No such file or directory
2021-03-04T03:30:54.022021-05:00 ERR wpa_supplicant[604]: nl80211: Failed to set IPv4 unicast in multicast filter
2021-03-04T03:30:54.022906-05:00 ERR wpa_supplicant[604]: nl80211: Failed to open /proc/sys/net/ipv4/conf/wlan0/drop_unicast_in_l2_multicast: No such file or directory
2021-03-04T03:30:54.023067-05:00 ERR wpa_supplicant[604]: nl80211: Failed to set IPv4 unicast in multicast filter
2021-03-04T03:30:54.024503-05:00 ERR shill[1352]: [ERROR:object_proxy.cc(581)] Failed to call method: fi.w1.wpa_supplicant1.Interface.Disconnect: object_path= /fi/w1/wpa_supplicant1/Interfaces/1: fi.w1.wpa_supplicant1.NotConnected: This interface is not connected
2021-03-04T03:30:54.024710-05:00 ERR shill[1352]: [ERROR:dbus_method_invoker.h(113)] CallMethodAndBlockWithTimeout(...): Domain=dbus, Code=fi.w1.wpa_supplicant1.NotConnected, Message=This interface is not connected
2021-03-04T03:30:54.024839-05:00 ERR shill[1352]: [ERROR:chromeos_supplicant_interface_proxy.cc(184)] Failed to disconnect: fi.w1.wpa_supplicant1.NotConnected This interface is not connected
2021-03-04T03:30:54.024942-05:00 INFO shill[1352]: [INFO:manager.cc(1480)] Service 0 updated; state: Idle
2021-03-04T03:30:54.026832-05:00 ERR wpa_supplicant[604]: nl80211: Failed to open /proc/sys/net/ipv4/conf/wlan0/drop_unicast_in_l2_multicast: No such file or directory
2021-03-04T03:30:54.027069-05:00 ERR wpa_supplicant[604]: nl80211: Failed to set IPv4 unicast in multicast filter
2021-03-04T03:30:54.038435-05:00 NOTICE wpa_supplicant[604]: Removed BSSID 16:f6:d8:42:43:7a from blacklist (clear)
2021-03-04T03:30:54.038658-05:00 ERR wpa_supplicant[604]: nl80211: Failed to open /proc/sys/net/ipv4/conf/wlan0/drop_unicast_in_l2_multicast: No such file or directory
2021-03-04T03:30:54.038764-05:00 ERR wpa_supplicant[604]: nl80211: Failed to set IPv4 unicast in multicast filter
2021-03-04T03:30:54.038855-05:00 NOTICE wpa_supplicant[604]: nl80211: deinit ifname=wlan0 disabled_11b_rates=0
2021-03-04T03:30:54.042712-05:00 ERR wpa_supplicant[604]: rmdir[ctrl_interface=/run/wpa_supplicant]: Permission denied
2021-03-04T03:30:54.046093-05:00 INFO shill[1352]: [INFO:manager.cc(1625)] Default physical service: 12 (not connected)
2021-03-04T03:30:54.046327-05:00 INFO shill[1352]: [INFO:service.cc(291)] Suppressed autoconnect to service 12 (no endpoints)
2021-03-04T03:30:54.046449-05:00 INFO shill[1352]: [INFO:service.cc(291)] Suppressed autoconnect to service 0 (no endpoints)
2021-03-04T03:30:57.080019-05:00 INFO shill[1352]: [INFO:manager.cc(591)] Skipping unload of service 0: wasn't using this profile.
2021-03-04T03:30:57.080191-05:00 INFO shill[1352]: [INFO:manager.cc(616)] PopProfileInternal finished; 1 profile(s) still present.
2021-03-04T03:30:57.080312-05:00 INFO shill[1352]: [INFO:service.cc(275)] Service 12 destroyed.
2021-03-04T03:30:57.080428-05:00 INFO shill[1352]: [INFO:manager.cc(1625)] Default physical service: 0 (not connected)
2021-03-04T03:30:57.080531-05:00 INFO shill[1352]: [INFO:service.cc(291)] Suppressed autoconnect to service 0 (no endpoints)
2021-03-04T03:31:09.493768-05:00 INFO shill[1352]: [INFO:shill_daemon.cc(38)] ShillDaemon received shutdown.
2021-03-04T03:31:09.494101-05:00 INFO shill[1352]: [INFO:manager.cc(1505)] Device wlan0 updated: disabled
2021-03-04T03:31:09.561597-05:00 INFO shill[1352]: [INFO:device.cc(1921)] Already in desired enable state.
2021-03-04T03:31:09.595071-05:00 INFO shill[1352]: [INFO:service.cc(275)] Service 0 destroyed.
2021-03-04T03:31:09.606663-05:00 INFO shill[1352]: [INFO:modem_manager_1.cc(51)] Stop watching modem manager service: org.freedesktop.ModemManager1
2021-03-04T03:31:09.606900-05:00 INFO shill[1352]: [INFO:power_manager.cc(60)] Stop
2021-03-04T03:31:09.607047-05:00 INFO shill[1352]: [INFO:chromeos_power_manager_proxy.cc(212)] UnregisterSuspendDelayInternal(67960833, dark=false)
2021-03-04T03:31:09.607585-05:00 INFO shill[1352]: [INFO:chromeos_power_manager_proxy.cc(212)] UnregisterSuspendDelayInternal(67993601, dark=true)
2021-03-04T03:31:09.608152-05:00 INFO shill[1352]: [INFO:device.cc(217)] Device destructed: wlan0 index 2
2021-03-04T03:31:09.608302-05:00 INFO shill[1352]: [INFO:service.cc(275)] Service 2 destroyed.
2021-03-04T03:31:09.608406-05:00 INFO shill[1352]: [INFO:service.cc(275)] Service 1 destroyed.
2021-03-04T03:31:09.609139-05:00 INFO shill[1352]: [INFO:shill_main.cc(249)] Process exiting.
2021-03-04T03:31:10.251793-05:00 INFO ModemManager[1647]: <info>  Caught signal, shutting down...
2021-03-04T03:31:10.257840-05:00 INFO ModemManager[1647]: <info>  ModemManager is shut down
2021-03-08T18:50:03.914657-05:00 NOTICE wpa_supplicant[619]: Successfully initialized wpa_supplicant
2021-03-08T18:50:04.444287-05:00 INFO shill[1346]: [INFO:manager.cc(294)] Manager started.
2021-03-08T18:50:04.446525-05:00 INFO shill[1346]: [INFO:chromeos_power_manager_proxy.cc(356)] OnSignalConnected interface: org.chromium.PowerManager signal: SuspendImminentsuccess: 1
2021-03-08T18:50:04.446794-05:00 INFO shill[1346]: [INFO:chromeos_power_manager_proxy.cc(356)] OnSignalConnected interface: org.chromium.PowerManager signal: SuspendDonesuccess: 1
2021-03-08T18:50:04.447713-05:00 INFO shill[1346]: [INFO:chromeos_power_manager_proxy.cc(356)] OnSignalConnected interface: org.chromium.PowerManager signal: DarkSuspendImminentsuccess: 1
2021-03-08T18:50:04.481997-05:00 INFO shill[1346]: [INFO:service.cc(269)] wifi service 0 constructed.
2021-03-08T18:50:04.485171-05:00 INFO shill[1346]: [INFO:wifi_service.cc(173)] Constructed WiFi service 0 name: [SSID=NETGEAR-345]
2021-03-08T18:50:04.486162-05:00 INFO shill[1346]: [INFO:manager.cc(545)] PushProfileInternal finished; 1 profile(s) now present.
2021-03-08T18:50:04.494701-05:00 INFO shill[1346]: [INFO:modem_manager_1.cc(35)] Start watching modem manager service: org.freedesktop.ModemManager1
2021-03-08T18:50:04.495588-05:00 INFO shill[1346]: [INFO:service.cc(269)] ethernet service 1 constructed.
2021-03-08T18:50:04.496498-05:00 INFO shill[1346]: [INFO:service.cc(269)] etherneteap service 2 constructed.
2021-03-08T18:50:04.497869-05:00 INFO shill[1346]: [INFO:device_info.cc(1330)] Creating WiFi device for station mode interface wlan0 at interface index 2
2021-03-08T18:50:04.498036-05:00 INFO shill[1346]: [INFO:device.cc(212)] Device created: wlan0 index 2
2021-03-08T18:50:04.500266-05:00 INFO shill[1346]: [INFO:manager.cc(1224)] Device wlan0 registered.
2021-03-08T18:50:04.500453-05:00 INFO shill[1346]: [INFO:manager.cc(1505)] Device wlan0 updated: disabled
2021-03-08T18:50:04.526041-05:00 INFO shill[1346]: [INFO:manager.cc(1625)] Default physical service: 0 (not connected)
2021-03-08T18:50:04.526242-05:00 INFO shill[1346]: [INFO:service.cc(291)] Suppressed autoconnect to service 0 (no endpoints)
2021-03-08T18:50:04.526855-05:00 INFO shill[1346]: [INFO:power_manager.cc(171)] OnPowerManagerAppeared
2021-03-08T18:50:04.526983-05:00 INFO shill[1346]: [INFO:chromeos_power_manager_proxy.cc(174)] RegisterSuspendDelayInternal(19500, dark=false)
2021-03-08T18:50:04.528707-05:00 INFO shill[1346]: [INFO:chromeos_power_manager_proxy.cc(174)] RegisterSuspendDelayInternal(19500, dark=true)
2021-03-08T18:50:04.529503-05:00 INFO shill[1346]: [INFO:wifi.cc(2491)] WPA supplicant appeared.
2021-03-08T18:50:04.529745-05:00 INFO shill[1346]: [INFO:wifi.cc(2573)] wlan0: disabled supplicant: present proxy: null
2021-03-08T18:50:07.608218-05:00 INFO ModemManager[1677]: <info>  ModemManager (version 1.11.0) starting in system bus...
2021-03-08T18:50:07.726071-05:00 INFO shill[1346]: [INFO:chromeos_dbus_objectmanager_proxy.cc(94)] OnServiceOwnerChanged old:  new: :1.16
2021-03-08T18:50:07.726275-05:00 INFO shill[1346]: [INFO:chromeos_dbus_objectmanager_proxy.cc(80)] OnServiceAvailable: 1
2021-03-08T18:50:07.727799-05:00 INFO shill[1346]: [INFO:chromeos_dbus_objectmanager_proxy.cc(80)] OnServiceAvailable: 1
2021-03-08T18:50:07.727926-05:00 INFO shill[1346]: [INFO:modem_manager.cc(44)] Modem manager org.freedesktop.ModemManager1 appeared.
2021-03-08T18:50:07.728041-05:00 INFO shill[1346]: [INFO:modem_manager.cc(44)] Modem manager org.freedesktop.ModemManager1 appeared.
2021-03-08T18:50:10.248943-05:00 INFO ModemManager[1677]: <info>  Couldn't check support for device '/sys/devices/pci0000:00/0000:00:1c.0/0000:01:00.0': not supported by any plugin
2021-03-08T18:50:16.335369-05:00 INFO shill[1346]: [INFO:service.cc(269)] wifi service 3 constructed.
2021-03-08T18:50:16.335548-05:00 INFO shill[1346]: [INFO:wifi_service.cc(173)] Constructed WiFi service 3 name: [SSID=NETGEAR_1337]
2021-03-08T18:50:16.335653-05:00 INFO shill[1346]: [INFO:manager.cc(545)] PushProfileInternal finished; 2 profile(s) now present.
2021-03-08T18:50:16.335770-05:00 INFO shill[1346]: [INFO:manager.cc(1625)] Default physical service: 3 (not connected)
2021-03-08T18:50:16.335860-05:00 INFO shill[1346]: [INFO:service.cc(291)] Suppressed autoconnect to service 3 (no endpoints)
2021-03-08T18:50:16.335963-05:00 INFO shill[1346]: [INFO:service.cc(291)] Suppressed autoconnect to service 0 (no endpoints)
2021-03-08T18:50:42.928046-05:00 INFO shill[1346]: [INFO:manager.cc(1505)] Device wlan0 updated: enabled
2021-03-08T18:50:42.958613-05:00 INFO shill[1346]: [INFO:wifi.cc(2573)] wlan0: enabled supplicant: present proxy: null
2021-03-08T18:50:43.235631-05:00 INFO shill[1346]: [INFO:wifi.cc(2621)] connected to supplicant on attempt 1
2021-03-08T18:50:43.243406-05:00 INFO shill[1346]: [INFO:wifi.cc(319)] Scan on wlan0 from ConnectToSupplicant
2021-03-08T18:50:43.244154-05:00 INFO shill[1346]: [INFO:wifi.cc(319)] Scan on wlan0 from RequestScan
2021-03-08T18:50:43.250130-05:00 NOTICE wpa_supplicant[619]: wlan0: Reject scan trigger since one is already pending
2021-03-08T18:50:43.250535-05:00 ERR shill[1346]: [ERROR:object_proxy.cc(581)] Failed to call method: fi.w1.wpa_supplicant1.Interface.Scan: object_path= /fi/w1/wpa_supplicant1/Interfaces/1: fi.w1.wpa_supplicant1.Interface.ScanError: Scan request rejected
2021-03-08T18:50:43.250734-05:00 ERR shill[1346]: [ERROR:dbus_method_invoker.h(113)] CallMethodAndBlockWithTimeout(...): Domain=dbus, Code=fi.w1.wpa_supplicant1.Interface.ScanError, Message=Scan request rejected
2021-03-08T18:50:43.250867-05:00 ERR shill[1346]: [ERROR:chromeos_supplicant_interface_proxy.cc(293)] Failed to scan: fi.w1.wpa_supplicant1.Interface.ScanError Scan request rejected
2021-03-08T18:50:43.250970-05:00 WARNING shill[1346]: [WARNING:wifi.cc(1754)] Scan failed
2021-03-08T18:50:46.053969-05:00 INFO shill[1346]: [INFO:service.cc(269)] wifi service 4 constructed.
2021-03-08T18:50:46.054196-05:00 INFO shill[1346]: [INFO:wifi_service.cc(173)] Constructed WiFi service 4 name: [SSID=ChamplainPSK]
2021-03-08T18:50:46.054279-05:00 INFO shill[1346]: [INFO:wifi_service.cc(771)] Rep ep updated for 4. [SSID=ChamplainPSK], bssid: c8:b5:ad:d2:ef:92, sig: -50, sec: rsn, freq: 5765
2021-03-08T18:50:46.056123-05:00 INFO shill[1346]: [INFO:service.cc(269)] wifi service 5 constructed.
2021-03-08T18:50:46.056290-05:00 INFO shill[1346]: [INFO:wifi_service.cc(173)] Constructed WiFi service 5 name: [SSID=eduroam]
2021-03-08T18:50:46.056395-05:00 INFO shill[1346]: [INFO:wifi_service.cc(771)] Rep ep updated for 5. [SSID=eduroam], bssid: c8:b5:ad:d2:ef:93, sig: -50, sec: 802_1x, freq: 5765
2021-03-08T18:50:46.062589-05:00 INFO shill[1346]: [INFO:wifi.cc(389)] ScanDone
2021-03-08T18:50:46.063679-05:00 INFO shill[1346]: [INFO:service.cc(291)] Suppressed autoconnect to service 3 (no endpoints)
2021-03-08T18:50:46.064032-05:00 INFO shill[1346]: [INFO:service.cc(291)] Suppressed autoconnect to service 0 (no endpoints)
2021-03-08T18:50:46.064639-05:00 INFO shill[1346]: [INFO:service.cc(269)] wifi service 6 constructed.
2021-03-08T18:50:46.065514-05:00 INFO shill[1346]: [INFO:wifi_service.cc(173)] Constructed WiFi service 6 name: [SSID=Champlain]
2021-03-08T18:50:46.066088-05:00 INFO shill[1346]: [INFO:wifi_service.cc(771)] Rep ep updated for 6. [SSID=Champlain], bssid: c8:b5:ad:d2:ef:94, sig: -50, sec: 802_1x, freq: 5765
2021-03-08T18:50:46.070746-05:00 INFO shill[1346]: [INFO:wifi_service.cc(771)] Rep ep updated for 0. [SSID=NETGEAR-345], bssid: 16:f6:d8:42:43:7a, sig: -30, sec: rsn, freq: 2412
2021-03-08T18:50:46.075501-05:00 INFO shill[1346]: [INFO:service.cc(269)] wifi service 7 constructed.
2021-03-08T18:50:46.075673-05:00 INFO shill[1346]: [INFO:wifi_service.cc(173)] Constructed WiFi service 7 name: [SSID=ChamplainGuest]
2021-03-08T18:50:46.075773-05:00 INFO shill[1346]: [INFO:wifi_service.cc(771)] Rep ep updated for 7. [SSID=ChamplainGuest], bssid: c8:b5:ad:d2:ef:95, sig: -50, sec: none, freq: 5765
2021-03-08T18:50:46.078662-05:00 INFO shill[1346]: [INFO:wifi.cc(1798)] WiFi wlan0 StateChanged shill-unknown -> inactive
2021-03-08T18:50:46.079096-05:00 INFO shill[1346]: [INFO:service.cc(291)] Suppressed autoconnect to service 3 (no endpoints)
2021-03-08T18:50:46.079229-05:00 INFO shill[1346]: [INFO:service.cc(282)] Auto-connecting to service 0
2021-03-08T18:50:46.079343-05:00 INFO shill[1346]: [INFO:service.cc(298)] Connect to service 0: AutoConnect
2021-03-08T18:50:46.079431-05:00 INFO shill[1346]: [INFO:wifi.cc(670)] Background scan disabled -- single Endpoint for Service.
2021-03-08T18:50:46.095747-05:00 NOTICE wpa_supplicant[619]: wlan0: SME: Trying to authenticate with 16:f6:d8:42:43:7a (SSID='NETGEAR-345' freq=2412 MHz)
2021-03-08T18:50:46.096050-05:00 INFO shill[1346]: [INFO:service.cc(401)] Service 0: state Idle -> Associating
2021-03-08T18:50:46.096364-05:00 INFO shill[1346]: [INFO:manager.cc(1480)] Service 0 updated; state: Associating
2021-03-08T18:50:46.099030-05:00 INFO shill[1346]: [INFO:manager.cc(1625)] Default physical service: 0 (not connected)
2021-03-08T18:50:46.099218-05:00 INFO shill[1346]: [INFO:service.cc(291)] Suppressed autoconnect to service 0 (connecting)
2021-03-08T18:50:46.099319-05:00 INFO shill[1346]: [INFO:service.cc(291)] Suppressed autoconnect to service 3 (no endpoints)
2021-03-08T18:50:46.102639-05:00 INFO shill[1346]: [INFO:wifi.cc(1798)] WiFi wlan0 StateChanged inactive -> authenticating
2021-03-08T18:50:46.132532-05:00 NOTICE wpa_supplicant[619]: wlan0: Trying to associate with 16:f6:d8:42:43:7a (SSID='NETGEAR-345' freq=2412 MHz)
2021-03-08T18:50:46.133916-05:00 INFO shill[1346]: [INFO:wifi.cc(1798)] WiFi wlan0 StateChanged authenticating -> associating
2021-03-08T18:50:46.217761-05:00 NOTICE wpa_supplicant[619]: wlan0: Associated with 16:f6:d8:42:43:7a
2021-03-08T18:50:46.219511-05:00 NOTICE wpa_supplicant[619]: wlan0: CTRL-EVENT-SUBNET-STATUS-UPDATE status=0
2021-03-08T18:50:46.224933-05:00 INFO shill[1346]: [INFO:wifi.cc(1798)] WiFi wlan0 StateChanged associating -> 4way_handshake
2021-03-08T18:50:46.307311-05:00 NOTICE wpa_supplicant[619]: wlan0: WPA: Key negotiation completed with 16:f6:d8:42:43:7a [PTK=CCMP GTK=CCMP]
2021-03-08T18:50:46.307491-05:00 NOTICE wpa_supplicant[619]: wlan0: CTRL-EVENT-CONNECTED - Connection to 16:f6:d8:42:43:7a completed [id=0 id_str=]
2021-03-08T18:50:46.312195-05:00 INFO shill[1346]: [INFO:wifi.cc(1798)] WiFi wlan0 StateChanged 4way_handshake -> completed
2021-03-08T18:50:46.336236-05:00 INFO shill[1346]: [INFO:dhcp_config.cc(187)] Spawned /sbin/dhcpcd with pid: 2980
2021-03-08T18:50:46.336434-05:00 INFO shill[1346]: [INFO:wifi.cc(1853)] wlan0 is up; started L3 configuration.
2021-03-08T18:50:46.336536-05:00 INFO shill[1346]: [INFO:service.cc(401)] Service 0: state Associating -> Configuring
2021-03-08T18:50:46.336624-05:00 INFO shill[1346]: [INFO:manager.cc(1480)] Service 0 updated; state: Configuring
2021-03-08T18:50:46.338364-05:00 INFO shill[1346]: [INFO:service.cc(291)] Suppressed autoconnect to service 0 (connecting)
2021-03-08T18:50:46.338508-05:00 INFO shill[1346]: [INFO:service.cc(291)] Suppressed autoconnect to service 3 (no endpoints)
2021-03-08T18:50:46.346442-05:00 NOTICE dhcpcd[2980]: dhcpcd is running with reduced privileges
2021-03-08T18:50:46.348265-05:00 INFO dhcpcd[2980]: status changed to Init
2021-03-08T18:50:46.349214-05:00 INFO shill[1346]: [INFO:dhcp_config.cc(134)] Init DHCP Proxy: wlan0 at :1.43
2021-03-08T18:50:47.176642-05:00 INFO dhcpcd[2980]: status changed to Reboot
2021-03-08T18:50:47.183595-05:00 INFO dhcpcd[2980]: wlan0: ARP probing 192.168.137.1 (1 of 3), next in 2.0 seconds
2021-03-08T18:50:47.183779-05:00 INFO dhcpcd[2980]: wlan0: rebinding lease of 192.168.137.135
2021-03-08T18:50:47.183874-05:00 INFO dhcpcd[2980]: wlan0: sending REQUEST (xid 0x85bd0ccf), next in 3.4 seconds
2021-03-08T18:50:47.268732-05:00 INFO dhcpcd[2980]: wlan0: received ACK with xid 0x85bd0ccf
2021-03-08T18:50:47.268921-05:00 INFO dhcpcd[2980]: wlan0: acknowledged 192.168.137.135 from 192.168.137.1
2021-03-08T18:50:47.269067-05:00 INFO dhcpcd[2980]: wlan0: ARP probing 192.168.137.1 (1 of 3), next in 1.7 seconds
2021-03-08T18:50:47.269162-05:00 INFO dhcpcd[2980]: status changed to ArpGateway
2021-03-08T18:50:47.283676-05:00 INFO dhcpcd[2980]: wlan0: leased 192.168.137.135 for 604800 seconds
2021-03-08T18:50:47.284144-05:00 INFO dhcpcd[2980]: event REBOOT on interface wlan0
2021-03-08T18:50:47.284282-05:00 INFO dhcpcd[2980]: status changed to Bound
2021-03-08T18:50:47.285454-05:00 INFO shill[1346]: [INFO:dhcpv4_config.cc(111)] Event reason: REBOOT
2021-03-08T18:50:47.286351-05:00 INFO shill[1346]: [INFO:connection.cc(243)] UpdateFromIPConfig: Installing with parameters: local=192.168.137.135 broadcast=192.168.137.255 peer=<unknown> gateway=192.168.137.1
2021-03-08T18:50:47.287340-05:00 INFO shill[1346]: [INFO:service.cc(401)] Service 0: state Configuring -> Connected
2021-03-08T18:50:47.329955-05:00 INFO shill[1346]: [INFO:manager.cc(1480)] Service 0 updated; state: Connected
2021-03-08T18:50:47.350718-05:00 INFO shill[1346]: [INFO:wifi.cc(2677)] Enabling high bitrates.
2021-03-08T18:50:47.363496-05:00 INFO shill[1346]: [INFO:manager.cc(1629)] Default physical service: 0 (connected)
2021-03-08T18:50:47.363688-05:00 INFO shill[1346]: [INFO:service.cc(291)] Suppressed autoconnect to service 3 (no endpoints)
2021-03-08T18:50:47.670884-05:00 INFO shill[1346]: [INFO:http_transport_curl.cc(489)] Response: 204 (No Content)
2021-03-08T18:50:47.872344-05:00 INFO shill[1346]: [INFO:http_transport_curl.cc(489)] Response: 204 (No Content)
2021-03-08T18:50:47.872513-05:00 INFO shill[1346]: [INFO:portal_detector.cc(285)] wlan0 HTTPS probe succeeded, probably no portal, attempt count==1
2021-03-08T18:50:47.872686-05:00 INFO shill[1346]: [INFO:portal_detector.cc(321)] wlan0 Portal detection completed attempt 1 with phase==Content, status==Success
2021-03-08T18:50:47.872779-05:00 INFO shill[1346]: [INFO:service.cc(401)] Service 0: state Connected -> Online
2021-03-08T18:50:47.873606-05:00 INFO shill[1346]: [INFO:manager.cc(1480)] Service 0 updated; state: Online
2021-03-08T18:50:47.928483-05:00 INFO shill[1346]: [INFO:service.cc(291)] Suppressed autoconnect to service 3 (no endpoints)
2021-03-08T18:50:52.962511-05:00 INFO shill[1346]: [INFO:wifi.cc(319)] Scan on wlan0 from RequestScan
2021-03-08T18:50:56.614928-05:00 INFO shill[1346]: [INFO:wifi.cc(389)] ScanDone
2021-03-08T18:50:56.615134-05:00 INFO shill[1346]: [INFO:service.cc(291)] Suppressed autoconnect to service 3 (no endpoints)
2021-03-08T18:50:56.618095-05:00 INFO shill[1346]: [INFO:service.cc(269)] wifi service 8 constructed.
2021-03-08T18:50:56.618265-05:00 INFO shill[1346]: [INFO:wifi_service.cc(173)] Constructed WiFi service 8 name: [SSID=DIRECT-D5-HP DeskJet 3630 series]
2021-03-08T18:50:56.618604-05:00 INFO shill[1346]: [INFO:wifi_service.cc(771)] Rep ep updated for 8. [SSID=DIRECT-D5-HP DeskJet 3630 series], bssid: 48:ba:4e:74:46:d6, sig: -85, sec: rsn, freq: 2437
2021-03-08T18:50:56.624918-05:00 INFO shill[1346]: [INFO:service.cc(291)] Suppressed autoconnect to service 3 (no endpoints)
2021-03-08T18:51:02.963084-05:00 INFO shill[1346]: [INFO:wifi.cc(319)] Scan on wlan0 from RequestScan
2021-03-08T18:51:06.584335-05:00 INFO shill[1346]: [INFO:wifi.cc(389)] ScanDone
2021-03-08T18:51:06.584471-05:00 INFO shill[1346]: [INFO:service.cc(291)] Suppressed autoconnect to service 3 (no endpoints)
2021-03-08T18:51:06.590355-05:00 INFO shill[1346]: [INFO:service.cc(269)] wifi service 9 constructed.
2021-03-08T18:51:06.590529-05:00 INFO shill[1346]: [INFO:wifi_service.cc(173)] Constructed WiFi service 9 name: [SSID=CoughlinWIFI]
2021-03-08T18:51:06.590633-05:00 INFO shill[1346]: [INFO:wifi_service.cc(771)] Rep ep updated for 9. [SSID=CoughlinWIFI], bssid: b0:da:f9:9b:38:18, sig: -77, sec: rsn, freq: 2437
2021-03-08T18:51:06.593103-05:00 INFO shill[1346]: [INFO:wifi_service.cc(771)] Rep ep updated for 4. [SSID=ChamplainPSK], bssid: 38:17:c3:6b:6e:b2, sig: -62, sec: rsn, freq: 5785
2021-03-08T18:51:06.593432-05:00 INFO shill[1346]: [INFO:wifi_service.cc(771)] Rep ep updated for 5. [SSID=eduroam], bssid: 38:17:c3:6b:6e:b3, sig: -62, sec: 802_1x, freq: 5785
2021-03-08T18:51:06.593642-05:00 INFO shill[1346]: [INFO:wifi_service.cc(771)] Rep ep updated for 6. [SSID=Champlain], bssid: 38:17:c3:6b:6e:b4, sig: -65, sec: 802_1x, freq: 5785
2021-03-08T18:51:06.594217-05:00 INFO shill[1346]: [INFO:wifi_service.cc(771)] Rep ep updated for 7. [SSID=ChamplainGuest], bssid: 38:17:c3:6b:8d:c5, sig: -64, sec: none, freq: 2437
2021-03-08T18:51:06.597096-05:00 INFO shill[1346]: [INFO:service.cc(291)] Suppressed autoconnect to service 3 (no endpoints)
2021-03-08T18:52:07.398088-05:00 WARNING shill[1346]: [WARNING:traffic_monitor.cc(212)] Congested tx queues detected, out-of-credits?
2021-03-08T18:53:53.425255-05:00 INFO shill[1346]: [INFO:service.cc(275)] Service 8 destroyed.
2021-03-08T18:53:53.425481-05:00 INFO shill[1346]: [INFO:service.cc(291)] Suppressed autoconnect to service 3 (no endpoints)
2021-03-08T18:54:13.439906-05:00 INFO shill[1346]: [INFO:service.cc(291)] Suppressed autoconnect to service 3 (no endpoints)
2021-03-08T18:54:13.447448-05:00 INFO shill[1346]: [INFO:service.cc(275)] Service 5 destroyed.
2021-03-08T18:54:13.448273-05:00 INFO shill[1346]: [INFO:service.cc(275)] Service 6 destroyed.
2021-03-08T18:54:13.448432-05:00 INFO shill[1346]: [INFO:service.cc(275)] Service 4 destroyed.
2021-03-08T18:54:13.449760-05:00 INFO shill[1346]: [INFO:service.cc(275)] Service 9 destroyed.
2021-03-08T18:54:13.449931-05:00 INFO shill[1346]: [INFO:service.cc(291)] Suppressed autoconnect to service 3 (no endpoints)
2021-03-08T18:54:13.455852-05:00 INFO shill[1346]: [INFO:service.cc(275)] Service 7 destroyed.
2021-03-08T18:54:13.456675-05:00 INFO shill[1346]: [INFO:service.cc(291)] Suppressed autoconnect to service 3 (no endpoints)
