2021-03-08T19:04:06.719118-05:00 INFO tlsdate[5326]: V: time is currently 1615248246.718230331
2021-03-08T19:04:06.719433-05:00 INFO tlsdate[5326]: V: time is greater than RECENT_COMPILE_DATE
2021-03-08T19:04:06.722405-05:00 INFO tlsdate[5327]: V: using TLSv1_client_method()
2021-03-08T19:04:06.739587-05:00 INFO tlsdate[5327]: V: setting up connection to clients3.google.com:443
2021-03-08T19:04:07.314439-05:00 INFO tlsdate[5327]: V: certificate verification passed
2021-03-08T19:04:07.314667-05:00 INFO tlsdate[5327]: V: commonName mismatch! Expected: clients3.google.com - received: *.google.com
2021-03-08T19:04:07.314763-05:00 INFO tlsdate[5327]: V: found non subjectAltName extension
2021-03-08T19:04:07.315466-05:00 INFO tlsdate[5327]: message repeated 5 times: [ V: found non subjectAltName extension]
2021-03-08T19:04:07.316914-05:00 INFO tlsdate[5327]: V: Inspecting 'clients3.google.com' for possible wildcard match against '*.google.com'
2021-03-08T19:04:07.317091-05:00 INFO tlsdate[5327]: V: label found; total label count: 1
2021-03-08T19:04:07.317208-05:00 INFO tlsdate[5327]: V: label found; total label count: 2
2021-03-08T19:04:07.317327-05:00 INFO tlsdate[5327]: V: label found; total label count: 3
2021-03-08T19:04:07.317457-05:00 INFO tlsdate[5327]: V: Found wildcard in at start of provided certificate name
2021-03-08T19:04:07.317568-05:00 INFO tlsdate[5327]: V: Attempting match of 'clients3' against '*'
2021-03-08T19:04:07.317680-05:00 INFO tlsdate[5327]: V: Forced match of 'clients3' against '*'
2021-03-08T19:04:07.317798-05:00 INFO tlsdate[5327]: V: Attempting match of 'google' against 'google'
2021-03-08T19:04:07.317938-05:00 INFO tlsdate[5327]: V: Attempting match of 'com' against 'com'
2021-03-08T19:04:07.318110-05:00 INFO tlsdate[5327]: V: remaining labels match!
2021-03-08T19:04:07.318231-05:00 INFO tlsdate[5327]: V: wildcard match of clients3.google.com against *.google.com
2021-03-08T19:04:07.318343-05:00 INFO tlsdate[5327]: V: hostname verification passed
2021-03-08T19:04:07.318480-05:00 INFO tlsdate[5327]: V: public key is ready for inspection
2021-03-08T19:04:07.318587-05:00 INFO tlsdate[5327]: V: key type: EVP_PKEY_RSA
2021-03-08T19:04:07.318706-05:00 INFO tlsdate[5327]: V: keybits: 2048
2021-03-08T19:04:07.318817-05:00 INFO tlsdate[5327]: V: key length appears safe
2021-03-08T19:04:07.320046-05:00 INFO tlsdate[5326]: V: server time 1615248246 (difference is about 0 s) was fetched in 602 ms
2021-03-08T19:11:43.119831-05:00 INFO tlsdated[2133]: [event:action_sigterm] starting graceful shutdown . . .
2021-03-08T19:14:04.226151-05:00 INFO tlsdated[2116]: spawning time setting helper . . .
2021-03-08T19:14:04.233520-05:00 INFO tlsdated[2116]: disk timestamp available: yes
2021-03-08T19:14:04.233728-05:00 INFO tlsdated[2116]: initial time sync type: system-clock
2021-03-08T19:14:04.236389-05:00 INFO tlsdated[2116]: Entering dispatch . . .
2021-03-08T19:14:04.236574-05:00 INFO tlsdated[2116]: [event:action_resolve_proxy] resolving proxy for clients3.google.com:443
2021-03-08T19:14:04.236667-05:00 INFO tlsdated[2116]: [event:handle_time_setter] time set from the system-clock (1615248844)
2021-03-08T19:14:04.819994-05:00 INFO tlsdated[2116]: [cros] DBus name acquired successfully
2021-03-08T19:14:04.820202-05:00 INFO tlsdated[2116]: [cros] DBus name acquired successfully
2021-03-08T19:14:05.820573-05:00 INFO tlsdated[2116]: [event:action_run_tlsdate] attempt 1 backoff 10
2021-03-08T19:14:05.827287-05:00 INFO tlsdate[2438]: V: time is currently 1615248845.826662381
2021-03-08T19:14:05.827615-05:00 INFO tlsdate[2438]: V: time is greater than RECENT_COMPILE_DATE
2021-03-08T19:14:05.831504-05:00 INFO tlsdate[2439]: V: using TLSv1_client_method()
2021-03-08T19:14:05.832166-05:00 INFO tlsdate[2439]: V: setting up connection to clients3.google.com:443
2021-03-08T19:14:05.834503-05:00 INFO tlsdated[2116]: [event:handle_child_death] tlsdate reaped => pid:4 uid:234 status:1 code:1
2021-03-08T19:14:25.837326-05:00 INFO tlsdated[2116]: [event:action_resolve_proxy] resolving proxy for clients3.google.com:443
2021-03-08T19:14:26.841092-05:00 INFO tlsdated[2116]: [event:action_run_tlsdate] attempt 2 backoff 20
2021-03-08T19:14:26.844507-05:00 INFO tlsdate[2937]: V: time is currently 1615248866.843801316
2021-03-08T19:14:26.844663-05:00 INFO tlsdate[2937]: V: time is greater than RECENT_COMPILE_DATE
2021-03-08T19:14:26.847514-05:00 INFO tlsdate[2938]: V: using TLSv1_client_method()
2021-03-08T19:14:26.847728-05:00 INFO tlsdate[2938]: V: setting up connection to clients3.google.com:443
2021-03-08T19:14:26.849671-05:00 INFO tlsdated[2116]: [event:handle_child_death] tlsdate reaped => pid:6 uid:234 status:1 code:1
2021-03-08T19:15:06.852600-05:00 INFO tlsdated[2116]: [event:action_resolve_proxy] resolving proxy for clients3.google.com:443
2021-03-08T19:15:07.856556-05:00 INFO tlsdated[2116]: [event:action_run_tlsdate] attempt 3 backoff 40
2021-03-08T19:15:07.864202-05:00 INFO tlsdate[3123]: V: time is currently 1615248907.862414657
2021-03-08T19:15:07.864409-05:00 INFO tlsdate[3123]: V: time is greater than RECENT_COMPILE_DATE
2021-03-08T19:15:07.868088-05:00 INFO tlsdate[3124]: V: using TLSv1_client_method()
2021-03-08T19:15:07.868692-05:00 INFO tlsdate[3124]: V: setting up connection to clients3.google.com:443
2021-03-08T19:15:07.871375-05:00 INFO tlsdated[2116]: [event:handle_child_death] tlsdate reaped => pid:8 uid:234 status:1 code:1
2021-03-08T19:16:27.873364-05:00 INFO tlsdated[2116]: [event:action_resolve_proxy] resolving proxy for clients3.google.com:443
2021-03-08T19:16:28.877597-05:00 INFO tlsdated[2116]: [event:action_run_tlsdate] attempt 4 backoff 80
2021-03-08T19:16:28.882115-05:00 INFO tlsdate[3320]: V: time is currently 1615248988.881276689
2021-03-08T19:16:28.882280-05:00 INFO tlsdate[3320]: V: time is greater than RECENT_COMPILE_DATE
2021-03-08T19:16:28.886172-05:00 INFO tlsdate[3321]: V: using TLSv1_client_method()
2021-03-08T19:16:28.886338-05:00 INFO tlsdate[3321]: V: setting up connection to clients3.google.com:443
2021-03-08T19:16:28.889774-05:00 INFO tlsdated[2116]: [event:handle_child_death] tlsdate reaped => pid:10 uid:234 status:1 code:1
2021-03-08T19:19:08.892802-05:00 INFO tlsdated[2116]: [event:action_resolve_proxy] resolving proxy for clients3.google.com:443
2021-03-08T19:19:09.897344-05:00 INFO tlsdated[2116]: [event:action_run_tlsdate] attempt 5 backoff 160
2021-03-08T19:19:09.901963-05:00 INFO tlsdate[3410]: V: time is currently 1615249149.900302935
2021-03-08T19:19:09.902513-05:00 INFO tlsdate[3410]: V: time is greater than RECENT_COMPILE_DATE
2021-03-08T19:19:09.905737-05:00 INFO tlsdate[3411]: V: using TLSv1_client_method()
2021-03-08T19:19:09.906518-05:00 INFO tlsdate[3411]: V: setting up connection to clients3.google.com:443
2021-03-08T19:19:09.907540-05:00 INFO tlsdated[2116]: [event:handle_child_death] tlsdate reaped => pid:12 uid:234 status:1 code:1
2021-03-08T19:20:17.345203-05:00 INFO tlsdated[2116]: [event:action_resolve_proxy] resolving proxy for clients3.google.com:443
2021-03-08T19:20:17.345594-05:00 INFO tlsdated[2116]: [cros] service org.chromium.NetworkProxyService is missing
2021-03-08T19:20:17.346036-05:00 INFO tlsdated[2116]: [cros] skipping proxy resolution for now
2021-03-08T19:20:17.656088-05:00 INFO tlsdated[2116]: [event:action_sigterm] starting graceful shutdown . . .
2021-03-08T19:20:17.656303-05:00 INFO tlsdated[2116]: [event:action_time_set] time setter pipe truncated! (0): Resource temporarily unavailable
2021-03-08T21:52:43.191979-05:00 INFO tlsdated[2094]: spawning time setting helper . . .
2021-03-08T21:52:43.195655-05:00 INFO tlsdated[2094]: disk timestamp available: yes
2021-03-08T21:52:43.195830-05:00 INFO tlsdated[2094]: initial time sync type: system-clock
2021-03-08T21:52:43.196645-05:00 INFO tlsdated[2094]: Entering dispatch . . .
2021-03-08T21:52:43.196821-05:00 INFO tlsdated[2094]: [event:action_resolve_proxy] resolving proxy for clients3.google.com:443
2021-03-08T21:52:43.198077-05:00 INFO tlsdated[2094]: [cros] DBus name acquired successfully
2021-03-08T21:52:43.198237-05:00 INFO tlsdated[2094]: [cros] DBus name acquired successfully
2021-03-08T21:52:43.213609-05:00 INFO tlsdated[2094]: [event:handle_time_setter] time set from the system-clock (1615258363)
2021-03-08T21:52:44.255459-05:00 INFO tlsdated[2094]: [event:action_run_tlsdate] attempt 1 backoff 10
2021-03-08T21:52:44.260994-05:00 INFO tlsdate[2396]: V: time is currently 1615258364.260357891
2021-03-08T21:52:44.261188-05:00 INFO tlsdate[2396]: V: time is greater than RECENT_COMPILE_DATE
2021-03-08T21:52:44.264376-05:00 INFO tlsdate[2397]: V: using TLSv1_client_method()
2021-03-08T21:52:44.264541-05:00 INFO tlsdate[2397]: V: setting up connection to clients3.google.com:443
2021-03-08T21:52:44.266738-05:00 INFO tlsdated[2094]: [event:handle_child_death] tlsdate reaped => pid:4 uid:234 status:1 code:1
2021-03-08T21:52:49.058853-05:00 INFO tlsdated[2094]: [event:action_sigterm] starting graceful shutdown . . .
2021-03-08T21:59:33.018037-05:00 INFO tlsdated[2099]: spawning time setting helper . . .
2021-03-08T21:59:33.031139-05:00 INFO tlsdated[2099]: disk timestamp available: yes
2021-03-08T21:59:33.031318-05:00 INFO tlsdated[2099]: initial time sync type: system-clock
2021-03-08T21:59:33.034687-05:00 INFO tlsdated[2099]: Entering dispatch . . .
2021-03-08T21:59:33.035167-05:00 INFO tlsdated[2099]: [event:action_resolve_proxy] resolving proxy for clients3.google.com:443
2021-03-08T21:59:33.037751-05:00 INFO tlsdated[2099]: [event:handle_time_setter] time set from the system-clock (1615258773)
2021-03-08T21:59:33.038638-05:00 INFO tlsdated[2099]: [cros] DBus name acquired successfully
2021-03-08T21:59:33.038924-05:00 INFO tlsdated[2099]: [cros] DBus name acquired successfully
2021-03-08T21:59:34.157779-05:00 INFO tlsdated[2099]: [event:action_run_tlsdate] attempt 1 backoff 10
2021-03-08T21:59:34.169393-05:00 INFO tlsdate[2438]: V: time is currently 1615258774.168794161
2021-03-08T21:59:34.169671-05:00 INFO tlsdate[2438]: V: time is greater than RECENT_COMPILE_DATE
2021-03-08T21:59:34.182686-05:00 INFO tlsdate[2439]: V: using TLSv1_client_method()
2021-03-08T21:59:34.183445-05:00 INFO tlsdate[2439]: V: setting up connection to clients3.google.com:443
2021-03-08T21:59:34.188663-05:00 INFO tlsdated[2099]: [event:handle_child_death] tlsdate reaped => pid:4 uid:234 status:1 code:1
2021-03-08T21:59:54.190083-05:00 INFO tlsdated[2099]: [event:action_resolve_proxy] resolving proxy for clients3.google.com:443
2021-03-08T21:59:55.192448-05:00 INFO tlsdated[2099]: [event:action_run_tlsdate] attempt 2 backoff 20
2021-03-08T21:59:55.196150-05:00 INFO tlsdate[2669]: V: time is currently 1615258795.195481604
2021-03-08T21:59:55.196323-05:00 INFO tlsdate[2669]: V: time is greater than RECENT_COMPILE_DATE
2021-03-08T21:59:55.199516-05:00 INFO tlsdate[2670]: V: using TLSv1_client_method()
2021-03-08T21:59:55.199651-05:00 INFO tlsdate[2670]: V: setting up connection to clients3.google.com:443
2021-03-08T21:59:55.201527-05:00 INFO tlsdated[2099]: [event:handle_child_death] tlsdate reaped => pid:6 uid:234 status:1 code:1
2021-03-08T23:55:22.866988-05:00 INFO tlsdated[2014]: spawning time setting helper . . .
2021-03-08T23:55:22.878128-05:00 INFO tlsdated[2014]: disk timestamp available: yes
2021-03-08T23:55:22.878289-05:00 INFO tlsdated[2014]: initial time sync type: system-clock
2021-03-08T23:55:22.878394-05:00 INFO tlsdated[2014]: Entering dispatch . . .
2021-03-08T23:55:22.878474-05:00 INFO tlsdated[2014]: [event:action_resolve_proxy] resolving proxy for clients3.google.com:443
2021-03-08T23:55:22.878549-05:00 INFO tlsdated[2014]: [event:handle_time_setter] time set from the system-clock (1615265722)
2021-03-08T23:55:23.121536-05:00 INFO tlsdated[2014]: [cros] DBus name acquired successfully
2021-03-08T23:55:23.121678-05:00 INFO tlsdated[2014]: [cros] DBus name acquired successfully
2021-03-08T23:55:24.212159-05:00 INFO tlsdated[2014]: [event:action_run_tlsdate] attempt 1 backoff 10
2021-03-08T23:55:24.223390-05:00 INFO tlsdate[2353]: V: time is currently 1615265724.220086999
2021-03-08T23:55:24.223506-05:00 INFO tlsdate[2353]: V: time is greater than RECENT_COMPILE_DATE
2021-03-08T23:55:24.223823-05:00 INFO tlsdate[2354]: V: using TLSv1_client_method()
2021-03-08T23:55:24.223900-05:00 INFO tlsdate[2354]: V: setting up connection to clients3.google.com:443
2021-03-08T23:55:24.225860-05:00 INFO tlsdated[2014]: [event:handle_child_death] tlsdate reaped => pid:4 uid:234 status:1 code:1
2021-03-08T23:55:24.574305-05:00 INFO tlsdated[2014]: [event:action_sigterm] starting graceful shutdown . . .
2021-03-08T23:55:24.574463-05:00 INFO tlsdated[2014]: [event:action_time_set] time setter pipe truncated! (0): Resource temporarily unavailable
2021-03-09T10:38:24.424121-05:00 INFO tlsdated[2103]: spawning time setting helper . . .
2021-03-09T10:38:24.448714-05:00 INFO tlsdated[2103]: disk timestamp available: yes
2021-03-09T10:38:24.449111-05:00 INFO tlsdated[2103]: initial time sync type: system-clock
2021-03-09T10:38:24.452559-05:00 INFO tlsdated[2103]: Entering dispatch . . .
2021-03-09T10:38:24.453150-05:00 INFO tlsdated[2103]: [event:action_resolve_proxy] resolving proxy for clients3.google.com:443
2021-03-09T10:38:24.455904-05:00 INFO tlsdated[2103]: [event:handle_time_setter] time set from the system-clock (1615304304)
2021-03-09T10:38:24.468314-05:00 INFO tlsdated[2103]: [cros] DBus name acquired successfully
2021-03-09T10:38:24.468495-05:00 INFO tlsdated[2103]: [cros] DBus name acquired successfully
2021-03-09T10:38:25.540055-05:00 INFO tlsdated[2103]: [event:action_run_tlsdate] attempt 1 backoff 10
2021-03-09T10:38:25.549896-05:00 INFO tlsdate[2418]: V: time is currently 1615304305.549278914
2021-03-09T10:38:25.550112-05:00 INFO tlsdate[2418]: V: time is greater than RECENT_COMPILE_DATE
2021-03-09T10:38:25.565673-05:00 INFO tlsdate[2419]: V: using TLSv1_client_method()
2021-03-09T10:38:25.566422-05:00 INFO tlsdate[2419]: V: setting up connection to clients3.google.com:443
2021-03-09T10:38:25.568565-05:00 INFO tlsdated[2103]: [event:handle_child_death] tlsdate reaped => pid:4 uid:234 status:1 code:1
2021-03-09T10:38:32.319540-05:00 INFO tlsdated[2103]: [event:action_sigterm] starting graceful shutdown . . .
2021-04-04T22:51:56.627805-04:00 INFO tlsdated[2108]: spawning time setting helper . . .
2021-04-04T22:51:56.633774-04:00 INFO tlsdated[2108]: disk timestamp available: yes
2021-04-04T22:51:56.633935-04:00 INFO tlsdated[2108]: initial time sync type: system-clock
2021-04-04T22:51:56.638663-04:00 INFO tlsdated[2108]: Entering dispatch . . .
2021-04-04T22:51:56.638822-04:00 INFO tlsdated[2108]: [cros] DBus name acquired successfully
2021-04-04T22:51:56.638941-04:00 INFO tlsdated[2108]: [cros] DBus name acquired successfully
2021-04-04T22:51:56.639034-04:00 INFO tlsdated[2108]: [event:action_resolve_proxy] resolving proxy for clients3.google.com:443
2021-04-04T22:51:56.640506-04:00 INFO tlsdated[2108]: [event:handle_time_setter] time set from the system-clock (1617591116)
2021-04-04T22:51:57.690168-04:00 INFO tlsdated[2108]: [event:action_run_tlsdate] attempt 1 backoff 10
2021-04-04T22:51:57.701151-04:00 INFO tlsdate[2425]: V: time is currently 1617591117.700500941
2021-04-04T22:51:57.701318-04:00 INFO tlsdate[2425]: V: time is greater than RECENT_COMPILE_DATE
2021-04-04T22:51:57.717490-04:00 INFO tlsdate[2426]: V: using TLSv1_client_method()
2021-04-04T22:51:57.718321-04:00 INFO tlsdate[2426]: V: setting up connection to clients3.google.com:443
2021-04-04T22:51:57.721931-04:00 INFO tlsdated[2108]: [event:handle_child_death] tlsdate reaped => pid:4 uid:234 status:1 code:1
2021-04-04T22:52:17.723466-04:00 INFO tlsdated[2108]: [event:action_resolve_proxy] resolving proxy for clients3.google.com:443
2021-04-04T22:52:18.752598-04:00 INFO tlsdated[2108]: [event:action_run_tlsdate] attempt 2 backoff 20
2021-04-04T22:52:18.757015-04:00 INFO tlsdate[2998]: V: time is currently 1617591138.756140663
2021-04-04T22:52:18.757231-04:00 INFO tlsdate[2998]: V: time is greater than RECENT_COMPILE_DATE
2021-04-04T22:52:18.760599-04:00 INFO tlsdate[2999]: V: using TLSv1_client_method()
2021-04-04T22:52:18.760732-04:00 INFO tlsdate[2999]: V: setting up connection to clients3.google.com:443
2021-04-04T22:52:18.762860-04:00 INFO tlsdated[2108]: [event:handle_child_death] tlsdate reaped => pid:6 uid:234 status:1 code:1
2021-04-04T22:52:57.508610-04:00 INFO tlsdated[2108]: [event:action_sigterm] starting graceful shutdown . . .
2021-04-05T01:08:49.554199-04:00 INFO tlsdated[2125]: spawning time setting helper . . .
2021-04-05T01:08:49.577700-04:00 INFO tlsdated[2125]: disk timestamp available: yes
2021-04-05T01:08:49.577982-04:00 INFO tlsdated[2125]: initial time sync type: system-clock
2021-04-05T01:08:49.581887-04:00 INFO tlsdated[2125]: Entering dispatch . . .
2021-04-05T01:08:49.582037-04:00 INFO tlsdated[2125]: [event:action_resolve_proxy] resolving proxy for clients3.google.com:443
2021-04-05T01:08:49.582166-04:00 INFO tlsdated[2125]: [event:handle_time_setter] time set from the system-clock (1617599329)
2021-04-05T01:08:49.738591-04:00 INFO tlsdated[2125]: [cros] DBus name acquired successfully
2021-04-05T01:08:49.738752-04:00 INFO tlsdated[2125]: [cros] DBus name acquired successfully
2021-04-05T01:08:50.751350-04:00 INFO tlsdated[2125]: [event:action_run_tlsdate] attempt 1 backoff 10
2021-04-05T01:08:50.757548-04:00 INFO tlsdate[2419]: V: time is currently 1617599330.756802232
2021-04-05T01:08:50.757740-04:00 INFO tlsdate[2419]: V: time is greater than RECENT_COMPILE_DATE
2021-04-05T01:08:50.762072-04:00 INFO tlsdate[2420]: V: using TLSv1_client_method()
2021-04-05T01:08:50.762226-04:00 INFO tlsdate[2420]: V: setting up connection to clients3.google.com:443
2021-04-05T01:08:50.764259-04:00 INFO tlsdated[2125]: [event:handle_child_death] tlsdate reaped => pid:4 uid:234 status:1 code:1
2021-04-05T01:15:47.945066-04:00 INFO tlsdated[2098]: spawning time setting helper . . .
2021-04-05T01:15:47.956198-04:00 INFO tlsdated[2098]: disk timestamp available: yes
2021-04-05T01:15:47.956371-04:00 INFO tlsdated[2098]: initial time sync type: system-clock
2021-04-05T01:15:47.960521-04:00 INFO tlsdated[2098]: Entering dispatch . . .
2021-04-05T01:15:47.960642-04:00 INFO tlsdated[2098]: [event:action_resolve_proxy] resolving proxy for clients3.google.com:443
2021-04-05T01:15:47.961516-04:00 INFO tlsdated[2098]: [event:handle_time_setter] time set from the system-clock (1617599747)
2021-04-05T01:15:48.260543-04:00 INFO tlsdated[2098]: [cros] DBus name acquired successfully
2021-04-05T01:15:48.260686-04:00 INFO tlsdated[2098]: [cros] DBus name acquired successfully
2021-04-05T01:15:49.277077-04:00 INFO tlsdated[2098]: [event:action_run_tlsdate] attempt 1 backoff 10
2021-04-05T01:15:49.299210-04:00 INFO tlsdate[2483]: V: time is currently 1617599749.298585708
2021-04-05T01:15:49.299442-04:00 INFO tlsdate[2483]: V: time is greater than RECENT_COMPILE_DATE
2021-04-05T01:15:49.311231-04:00 INFO tlsdate[2484]: V: using TLSv1_client_method()
2021-04-05T01:15:49.313078-04:00 INFO tlsdate[2484]: V: setting up connection to clients3.google.com:443
2021-04-05T01:15:49.319253-04:00 INFO tlsdated[2098]: [event:handle_child_death] tlsdate reaped => pid:4 uid:234 status:1 code:1
2021-04-05T01:36:38.618938-04:00 INFO tlsdated[2088]: spawning time setting helper . . .
2021-04-05T01:36:38.621514-04:00 INFO tlsdated[2088]: disk timestamp available: yes
2021-04-05T01:36:38.621654-04:00 INFO tlsdated[2088]: initial time sync type: system-clock
2021-04-05T01:36:38.622582-04:00 INFO tlsdated[2088]: Entering dispatch . . .
2021-04-05T01:36:38.622689-04:00 INFO tlsdated[2088]: [event:action_resolve_proxy] resolving proxy for clients3.google.com:443
2021-04-05T01:36:38.630933-04:00 INFO tlsdated[2088]: [event:handle_time_setter] time set from the system-clock (1617600998)
2021-04-05T01:36:39.283890-04:00 INFO tlsdated[2088]: [cros] DBus name acquired successfully
2021-04-05T01:36:39.284067-04:00 INFO tlsdated[2088]: [cros] DBus name acquired successfully
2021-04-05T01:36:40.308929-04:00 INFO tlsdated[2088]: [event:action_run_tlsdate] attempt 1 backoff 10
2021-04-05T01:36:40.316247-04:00 INFO tlsdate[2415]: V: time is currently 1617601000.315469911
2021-04-05T01:36:40.316368-04:00 INFO tlsdate[2415]: V: time is greater than RECENT_COMPILE_DATE
2021-04-05T01:36:40.319830-04:00 INFO tlsdate[2416]: V: using TLSv1_client_method()
2021-04-05T01:36:40.319991-04:00 INFO tlsdate[2416]: V: setting up connection to clients3.google.com:443
2021-04-05T01:36:40.322520-04:00 INFO tlsdated[2088]: [event:handle_child_death] tlsdate reaped => pid:4 uid:234 status:1 code:1
2021-04-05T01:37:00.325027-04:00 INFO tlsdated[2088]: [event:action_resolve_proxy] resolving proxy for clients3.google.com:443
2021-04-05T01:37:01.327823-04:00 INFO tlsdated[2088]: [event:action_run_tlsdate] attempt 2 backoff 20
2021-04-05T01:37:01.331816-04:00 INFO tlsdate[2678]: V: time is currently 1617601021.331186234
2021-04-05T01:37:01.331973-04:00 INFO tlsdate[2678]: V: time is greater than RECENT_COMPILE_DATE
2021-04-05T01:37:01.335660-04:00 INFO tlsdate[2679]: V: using TLSv1_client_method()
2021-04-05T01:37:01.336204-04:00 INFO tlsdate[2679]: V: setting up connection to clients3.google.com:443
2021-04-05T01:37:01.338561-04:00 INFO tlsdated[2088]: [event:handle_child_death] tlsdate reaped => pid:6 uid:234 status:1 code:1
2021-04-05T01:37:31.891084-04:00 INFO tlsdated[2088]: [event:action_sigterm] starting graceful shutdown . . .
2021-04-05T03:41:06.616715-04:00 INFO tlsdated[2130]: spawning time setting helper . . .
2021-04-05T03:41:06.621280-04:00 INFO tlsdated[2130]: disk timestamp available: yes
2021-04-05T03:41:06.621430-04:00 INFO tlsdated[2130]: initial time sync type: system-clock
2021-04-05T03:41:06.621927-04:00 INFO tlsdated[2130]: Entering dispatch . . .
2021-04-05T03:41:06.622068-04:00 INFO tlsdated[2130]: [event:action_resolve_proxy] resolving proxy for clients3.google.com:443
2021-04-05T03:41:06.631143-04:00 INFO tlsdated[2130]: [cros] DBus name acquired successfully
2021-04-05T03:41:06.631303-04:00 INFO tlsdated[2130]: [cros] DBus name acquired successfully
2021-04-05T03:41:06.635685-04:00 INFO tlsdated[2130]: [event:handle_time_setter] time set from the system-clock (1617608466)
2021-04-05T03:41:07.701049-04:00 INFO tlsdated[2130]: [event:action_run_tlsdate] attempt 1 backoff 10
2021-04-05T03:41:07.710892-04:00 INFO tlsdate[2440]: V: time is currently 1617608467.710254125
2021-04-05T03:41:07.711067-04:00 INFO tlsdate[2440]: V: time is greater than RECENT_COMPILE_DATE
2021-04-05T03:41:07.714099-04:00 INFO tlsdate[2441]: V: using TLSv1_client_method()
2021-04-05T03:41:07.714259-04:00 INFO tlsdate[2441]: V: setting up connection to clients3.google.com:443
2021-04-05T03:41:07.716272-04:00 INFO tlsdated[2130]: [event:handle_child_death] tlsdate reaped => pid:4 uid:234 status:1 code:1
2021-04-05T03:41:12.520577-04:00 INFO tlsdated[2130]: [event:action_sigterm] starting graceful shutdown . . .
2021-04-05T03:41:29.913971-04:00 INFO tlsdated[2156]: spawning time setting helper . . .
2021-04-05T03:41:29.922850-04:00 INFO tlsdated[2156]: disk timestamp available: yes
2021-04-05T03:41:29.923015-04:00 INFO tlsdated[2156]: initial time sync type: system-clock
2021-04-05T03:41:29.926647-04:00 INFO tlsdated[2156]: Entering dispatch . . .
2021-04-05T03:41:29.926771-04:00 INFO tlsdated[2156]: [event:action_resolve_proxy] resolving proxy for clients3.google.com:443
2021-04-05T03:41:29.926875-04:00 INFO tlsdated[2156]: [event:handle_time_setter] time set from the system-clock (1617608489)
2021-04-05T03:41:29.964603-04:00 INFO tlsdated[2156]: [cros] DBus name acquired successfully
2021-04-05T03:41:29.964771-04:00 INFO tlsdated[2156]: [cros] DBus name acquired successfully
2021-04-05T03:41:30.977845-04:00 INFO tlsdated[2156]: [event:action_run_tlsdate] attempt 1 backoff 10
2021-04-05T03:41:30.985156-04:00 INFO tlsdate[2462]: V: time is currently 1617608490.984483647
2021-04-05T03:41:30.985322-04:00 INFO tlsdate[2462]: V: time is greater than RECENT_COMPILE_DATE
2021-04-05T03:41:30.988733-04:00 INFO tlsdate[2463]: V: using TLSv1_client_method()
2021-04-05T03:41:30.988858-04:00 INFO tlsdate[2463]: V: setting up connection to clients3.google.com:443
2021-04-05T03:41:30.991026-04:00 INFO tlsdated[2156]: [event:handle_child_death] tlsdate reaped => pid:4 uid:234 status:1 code:1
2021-04-05T03:41:34.979405-04:00 INFO tlsdated[2156]: [event:action_time_set] time setter pipe truncated! (0): Resource temporarily unavailable
2021-04-05T03:41:34.979526-04:00 INFO tlsdated[2156]: [event:action_sigterm] starting graceful shutdown . . .
2021-04-05T03:41:34.979632-04:00 INFO tlsdated[2156]: [event:action_sync_and_save] time setter is gone!
2021-04-05T03:41:34.979718-04:00 INFO tlsdated[2156]: tlsdate-setter exitting: code:KILLED status:15 pid:3 uid:0
2021-04-05T03:41:34.979791-04:00 INFO tlsdated[2156]: tlsdated terminating gracefully
2021-04-05T03:48:46.159628-04:00 INFO tlsdated[2123]: spawning time setting helper . . .
2021-04-05T03:48:46.164228-04:00 INFO tlsdated[2123]: disk timestamp available: yes
2021-04-05T03:48:46.164394-04:00 INFO tlsdated[2123]: initial time sync type: system-clock
2021-04-05T03:48:46.166415-04:00 INFO tlsdated[2123]: Entering dispatch . . .
2021-04-05T03:48:46.166574-04:00 INFO tlsdated[2123]: [event:action_resolve_proxy] resolving proxy for clients3.google.com:443
2021-04-05T03:48:46.169690-04:00 INFO tlsdated[2123]: [event:handle_time_setter] time set from the system-clock (1617608926)
2021-04-05T03:48:46.292080-04:00 INFO tlsdated[2123]: [cros] DBus name acquired successfully
2021-04-05T03:48:46.292251-04:00 INFO tlsdated[2123]: [cros] DBus name acquired successfully
2021-04-05T03:48:47.315990-04:00 INFO tlsdated[2123]: [event:action_run_tlsdate] attempt 1 backoff 10
2021-04-05T03:48:47.337803-04:00 INFO tlsdate[2482]: V: time is currently 1617608927.337141160
2021-04-05T03:48:47.337981-04:00 INFO tlsdate[2482]: V: time is greater than RECENT_COMPILE_DATE
2021-04-05T03:48:47.348590-04:00 INFO tlsdate[2483]: V: using TLSv1_client_method()
2021-04-05T03:48:47.348773-04:00 INFO tlsdate[2483]: V: setting up connection to clients3.google.com:443
2021-04-05T03:48:47.351459-04:00 INFO tlsdated[2123]: [event:handle_child_death] tlsdate reaped => pid:4 uid:234 status:1 code:1
2021-04-05T03:49:07.353278-04:00 INFO tlsdated[2123]: [event:action_resolve_proxy] resolving proxy for clients3.google.com:443
2021-04-05T03:49:08.355867-04:00 INFO tlsdated[2123]: [event:action_run_tlsdate] attempt 2 backoff 20
2021-04-05T03:49:08.359056-04:00 INFO tlsdate[2689]: V: time is currently 1617608948.358381720
2021-04-05T03:49:08.359223-04:00 INFO tlsdate[2689]: V: time is greater than RECENT_COMPILE_DATE
2021-04-05T03:49:08.362084-04:00 INFO tlsdate[2690]: V: using TLSv1_client_method()
2021-04-05T03:49:08.362240-04:00 INFO tlsdate[2690]: V: setting up connection to clients3.google.com:443
2021-04-05T03:49:08.364710-04:00 INFO tlsdated[2123]: [event:handle_child_death] tlsdate reaped => pid:6 uid:234 status:1 code:1
