2021-02-24T18:51:16.432600-05:00 INFO tlsdated[2092]: [event:action_sigterm] starting graceful shutdown . . .
2021-02-28T01:19:07.820253-05:00 INFO tlsdated[2077]: spawning time setting helper . . .
2021-02-28T01:19:07.832319-05:00 INFO tlsdated[2077]: disk timestamp available: yes
2021-02-28T01:19:07.832483-05:00 INFO tlsdated[2077]: initial time sync type: system-clock
2021-02-28T01:19:07.843619-05:00 INFO tlsdated[2077]: Entering dispatch . . .
2021-02-28T01:19:07.843754-05:00 INFO tlsdated[2077]: [event:action_resolve_proxy] resolving proxy for clients3.google.com:443
2021-02-28T01:19:07.843873-05:00 INFO tlsdated[2077]: [event:handle_time_setter] time set from the system-clock (1614493147)
2021-02-28T01:19:07.844382-05:00 INFO tlsdated[2077]: [cros] DBus name acquired successfully
2021-02-28T01:19:07.844642-05:00 INFO tlsdated[2077]: [cros] DBus name acquired successfully
2021-02-28T01:19:08.861163-05:00 INFO tlsdated[2077]: [event:action_run_tlsdate] attempt 1 backoff 10
2021-02-28T01:19:08.867075-05:00 INFO tlsdate[2399]: V: time is currently 1614493148.866489847
2021-02-28T01:19:08.867524-05:00 INFO tlsdate[2399]: V: time is greater than RECENT_COMPILE_DATE
2021-02-28T01:19:08.871057-05:00 INFO tlsdate[2400]: V: using TLSv1_client_method()
2021-02-28T01:19:08.871580-05:00 INFO tlsdate[2400]: V: setting up connection to clients3.google.com:443
2021-02-28T01:19:08.874235-05:00 INFO tlsdated[2077]: [event:handle_child_death] tlsdate reaped => pid:4 uid:234 status:1 code:1
2021-02-28T01:19:28.874438-05:00 INFO tlsdated[2077]: [event:action_resolve_proxy] resolving proxy for clients3.google.com:443
2021-02-28T01:19:30.151430-05:00 INFO tlsdated[2077]: [event:action_run_tlsdate] attempt 2 backoff 20
2021-02-28T01:19:30.165371-05:00 INFO tlsdate[2763]: V: time is currently 1614493170.164695090
2021-02-28T01:19:30.165497-05:00 INFO tlsdate[2763]: V: time is greater than RECENT_COMPILE_DATE
2021-02-28T01:19:30.176604-05:00 INFO tlsdate[2764]: V: using TLSv1_client_method()
2021-02-28T01:19:30.176771-05:00 INFO tlsdate[2764]: V: setting up connection to clients3.google.com:443
2021-02-28T01:19:30.178753-05:00 INFO tlsdated[2077]: [event:handle_child_death] tlsdate reaped => pid:6 uid:234 status:1 code:1
2021-02-28T01:20:10.180325-05:00 INFO tlsdated[2077]: [event:action_resolve_proxy] resolving proxy for clients3.google.com:443
2021-02-28T01:20:11.188704-05:00 INFO tlsdated[2077]: [event:action_run_tlsdate] attempt 3 backoff 40
2021-02-28T01:20:11.199566-05:00 INFO tlsdate[3032]: V: time is currently 1614493211.197815854
2021-02-28T01:20:11.200020-05:00 INFO tlsdate[3032]: V: time is greater than RECENT_COMPILE_DATE
2021-02-28T01:20:11.208576-05:00 INFO tlsdate[3033]: V: using TLSv1_client_method()
2021-02-28T01:20:11.209453-05:00 INFO tlsdate[3033]: V: setting up connection to clients3.google.com:443
2021-02-28T01:20:11.212965-05:00 INFO tlsdated[2077]: [event:handle_child_death] tlsdate reaped => pid:8 uid:234 status:1 code:1
2021-02-28T01:21:31.217531-05:00 INFO tlsdated[2077]: [event:action_resolve_proxy] resolving proxy for clients3.google.com:443
2021-02-28T01:21:32.222991-05:00 INFO tlsdated[2077]: [event:action_run_tlsdate] attempt 4 backoff 80
2021-02-28T01:21:32.233820-05:00 INFO tlsdate[3152]: V: time is currently 1614493292.231960699
2021-02-28T01:21:32.234040-05:00 INFO tlsdate[3152]: V: time is greater than RECENT_COMPILE_DATE
2021-02-28T01:21:32.240619-05:00 INFO tlsdate[3153]: V: using TLSv1_client_method()
2021-02-28T01:21:32.240784-05:00 INFO tlsdate[3153]: V: setting up connection to clients3.google.com:443
2021-02-28T01:21:32.244874-05:00 INFO tlsdated[2077]: [event:handle_child_death] tlsdate reaped => pid:10 uid:234 status:1 code:1
2021-02-28T01:23:42.806509-05:00 INFO tlsdated[2077]: [event:action_resolve_proxy] resolving proxy for clients3.google.com:443
2021-02-28T01:23:43.811734-05:00 INFO tlsdated[2077]: [event:action_run_tlsdate] attempt 3 backoff 10
2021-02-28T01:23:43.822937-05:00 INFO tlsdate[3233]: V: time is currently 1614493423.821352179
2021-02-28T01:23:43.823126-05:00 INFO tlsdate[3233]: V: time is greater than RECENT_COMPILE_DATE
2021-02-28T01:23:43.828873-05:00 INFO tlsdate[3234]: V: using TLSv1_client_method()
2021-02-28T01:23:43.829028-05:00 INFO tlsdate[3234]: V: setting up connection to clients3.google.com:443
2021-02-28T01:23:43.832816-05:00 INFO tlsdated[2077]: [event:handle_child_death] tlsdate reaped => pid:12 uid:234 status:1 code:1
2021-02-28T01:24:03.835054-05:00 INFO tlsdated[2077]: [event:action_resolve_proxy] resolving proxy for clients3.google.com:443
2021-02-28T01:24:04.838876-05:00 INFO tlsdated[2077]: [event:action_run_tlsdate] attempt 4 backoff 20
2021-02-28T01:24:04.843291-05:00 INFO tlsdate[3236]: V: time is currently 1614493444.842329285
2021-02-28T01:24:04.843497-05:00 INFO tlsdate[3236]: V: time is greater than RECENT_COMPILE_DATE
2021-02-28T01:24:04.847707-05:00 INFO tlsdate[3237]: V: using TLSv1_client_method()
2021-02-28T01:24:04.847891-05:00 INFO tlsdate[3237]: V: setting up connection to clients3.google.com:443
2021-02-28T01:24:04.849905-05:00 INFO tlsdated[2077]: [event:handle_child_death] tlsdate reaped => pid:14 uid:234 status:1 code:1
