2021-03-08T18:50:09.253311-05:00 INFO tlsdated[2133]: spawning time setting helper . . .
2021-03-08T18:50:09.258288-05:00 INFO tlsdated[2133]: disk timestamp available: yes
2021-03-08T18:50:09.258486-05:00 INFO tlsdated[2133]: initial time sync type: system-clock
2021-03-08T18:50:09.261225-05:00 INFO tlsdated[2133]: Entering dispatch . . .
2021-03-08T18:50:09.261398-05:00 INFO tlsdated[2133]: [event:action_resolve_proxy] resolving proxy for clients3.google.com:443
2021-03-08T18:50:09.269226-05:00 INFO tlsdated[2133]: [event:handle_time_setter] time set from the system-clock (1615247409)
2021-03-08T18:50:09.354241-05:00 INFO tlsdated[2133]: [cros] DBus name acquired successfully
2021-03-08T18:50:09.354374-05:00 INFO tlsdated[2133]: [cros] DBus name acquired successfully
2021-03-08T18:50:10.367032-05:00 INFO tlsdated[2133]: [event:action_run_tlsdate] attempt 1 backoff 10
2021-03-08T18:50:10.376985-05:00 INFO tlsdate[2434]: V: time is currently 1615247410.376419015
2021-03-08T18:50:10.377256-05:00 INFO tlsdate[2434]: V: time is greater than RECENT_COMPILE_DATE
2021-03-08T18:50:10.380880-05:00 INFO tlsdate[2435]: V: using TLSv1_client_method()
2021-03-08T18:50:10.381465-05:00 INFO tlsdate[2435]: V: setting up connection to clients3.google.com:443
2021-03-08T18:50:10.383811-05:00 INFO tlsdated[2133]: [event:handle_child_death] tlsdate reaped => pid:4 uid:234 status:1 code:1
2021-03-08T18:50:30.386732-05:00 INFO tlsdated[2133]: [event:action_resolve_proxy] resolving proxy for clients3.google.com:443
2021-03-08T18:50:31.395437-05:00 INFO tlsdated[2133]: [event:action_run_tlsdate] attempt 2 backoff 20
2021-03-08T18:50:31.406948-05:00 INFO tlsdate[2963]: V: time is currently 1615247431.405245051
2021-03-08T18:50:31.407281-05:00 INFO tlsdate[2963]: V: time is greater than RECENT_COMPILE_DATE
2021-03-08T18:50:31.413873-05:00 INFO tlsdate[2964]: V: using TLSv1_client_method()
2021-03-08T18:50:31.414188-05:00 INFO tlsdate[2964]: V: setting up connection to clients3.google.com:443
2021-03-08T18:50:31.417639-05:00 INFO tlsdated[2133]: [event:handle_child_death] tlsdate reaped => pid:6 uid:234 status:1 code:1
2021-03-08T18:50:56.220580-05:00 INFO tlsdated[2133]: [event:action_resolve_proxy] resolving proxy for clients3.google.com:443
2021-03-08T18:50:57.224820-05:00 INFO tlsdated[2133]: [event:action_run_tlsdate] attempt 1 backoff 10
2021-03-08T18:50:57.229181-05:00 INFO tlsdate[3124]: V: time is currently 1615247457.228444463
2021-03-08T18:50:57.229328-05:00 INFO tlsdate[3124]: V: time is greater than RECENT_COMPILE_DATE
2021-03-08T18:50:57.232722-05:00 INFO tlsdate[3125]: V: using TLSv1_client_method()
2021-03-08T18:50:57.232823-05:00 INFO tlsdate[3125]: V: setting up connection to clients3.google.com:443
2021-03-08T18:50:57.728243-05:00 INFO tlsdate[3125]: V: freezing time for x509 verification
2021-03-08T18:50:57.728445-05:00 INFO tlsdate[3125]: V: remote peer provided: 1615247457, preferred over compile time: 1566950687
2021-03-08T18:50:57.728551-05:00 INFO tlsdate[3125]: V: freezing time with X509_VERIFY_PARAM_set_time
2021-03-08T18:50:57.917044-05:00 INFO tlsdate[3125]: V: certificate verification passed
2021-03-08T18:50:57.917181-05:00 INFO tlsdate[3125]: V: commonName mismatch! Expected: clients3.google.com - received: *.google.com
2021-03-08T18:50:57.917294-05:00 INFO tlsdate[3125]: V: found non subjectAltName extension
2021-03-08T18:50:57.917728-05:00 INFO tlsdate[3125]: message repeated 5 times: [ V: found non subjectAltName extension]
2021-03-08T18:50:57.918102-05:00 INFO tlsdate[3125]: V: Inspecting 'clients3.google.com' for possible wildcard match against '*.google.com'
2021-03-08T18:50:57.918271-05:00 INFO tlsdate[3125]: V: label found; total label count: 1
2021-03-08T18:50:57.918362-05:00 INFO tlsdate[3125]: V: label found; total label count: 2
2021-03-08T18:50:57.918471-05:00 INFO tlsdate[3125]: V: label found; total label count: 3
2021-03-08T18:50:57.918558-05:00 INFO tlsdate[3125]: V: Found wildcard in at start of provided certificate name
2021-03-08T18:50:57.918674-05:00 INFO tlsdate[3125]: V: Attempting match of 'clients3' against '*'
2021-03-08T18:50:57.918752-05:00 INFO tlsdate[3125]: V: Forced match of 'clients3' against '*'
2021-03-08T18:50:57.918839-05:00 INFO tlsdate[3125]: V: Attempting match of 'google' against 'google'
2021-03-08T18:50:57.918929-05:00 INFO tlsdate[3125]: V: Attempting match of 'com' against 'com'
2021-03-08T18:50:57.919035-05:00 INFO tlsdate[3125]: V: remaining labels match!
2021-03-08T18:50:57.919940-05:00 INFO tlsdate[3125]: V: wildcard match of clients3.google.com against *.google.com
2021-03-08T18:50:57.920087-05:00 INFO tlsdate[3125]: V: hostname verification passed
2021-03-08T18:50:57.920217-05:00 INFO tlsdate[3125]: V: public key is ready for inspection
2021-03-08T18:50:57.920310-05:00 INFO tlsdate[3125]: V: key type: EVP_PKEY_RSA
2021-03-08T18:50:57.920388-05:00 INFO tlsdate[3125]: V: keybits: 2048
2021-03-08T18:50:57.920466-05:00 INFO tlsdate[3125]: V: key length appears safe
2021-03-08T18:50:57.920577-05:00 INFO tlsdate[3124]: V: server time 1615247457 (difference is about 0 s) was fetched in 689 ms
2021-03-08T18:50:57.920662-05:00 INFO tlsdated[2133]: [event:handle_time_setter] time set from the network (1615247457)
2021-03-08T18:50:57.920742-05:00 INFO tlsdated[2133]: [event:handle_child_death] tlsdate reaped => pid:8 uid:234 status:0 code:1
