2021-02-22T10:40:00.453363+00:00 INFO tlsdated[2132]: spawning time setting helper . . .
2021-02-22T10:40:00.458640+00:00 INFO tlsdated[2132]: Can't read seconds from /var/cache/tlsdated/timestamp: Resource temporarily unavailable
2021-02-22T10:40:00.458771+00:00 INFO tlsdated[2132]: disk timestamp available: no
2021-02-22T10:40:00.458884+00:00 INFO tlsdated[2132]: initial time sync type: system-clock
2021-02-22T10:40:00.461406+00:00 INFO tlsdated[2132]: Entering dispatch . . .
2021-02-22T10:40:00.461526+00:00 INFO tlsdated[2132]: [event:action_resolve_proxy] resolving proxy for clients3.google.com:443
2021-02-22T10:40:00.461601+00:00 INFO tlsdated[2132]: [event:handle_time_setter] time set from the system-clock (1613990400)
2021-02-22T10:40:00.465310+00:00 INFO tlsdated[2132]: [cros] DBus name acquired successfully
2021-02-22T10:40:00.465654+00:00 INFO tlsdated[2132]: [cros] DBus name acquired successfully
2021-02-22T10:40:01.484182+00:00 INFO tlsdated[2132]: [event:action_run_tlsdate] attempt 1 backoff 10
2021-02-22T10:40:01.492586+00:00 INFO tlsdate[2536]: V: time is currently 1613990401.491989821
2021-02-22T10:40:01.492826+00:00 INFO tlsdate[2536]: V: time is greater than RECENT_COMPILE_DATE
2021-02-22T10:40:01.496564+00:00 INFO tlsdate[2537]: V: using TLSv1_client_method()
2021-02-22T10:40:01.497240+00:00 INFO tlsdate[2537]: V: setting up connection to clients3.google.com:443
2021-02-22T10:40:01.501832+00:00 INFO tlsdated[2132]: [event:handle_child_death] tlsdate reaped => pid:4 uid:234 status:1 code:1
2021-02-22T10:40:21.501614+00:00 INFO tlsdated[2132]: [event:action_resolve_proxy] resolving proxy for clients3.google.com:443
2021-02-22T10:40:22.504551+00:00 INFO tlsdated[2132]: [event:action_run_tlsdate] attempt 2 backoff 20
2021-02-22T10:40:22.509989+00:00 INFO tlsdate[2762]: V: time is currently 1613990422.509226432
2021-02-22T10:40:22.510205+00:00 INFO tlsdate[2762]: V: time is greater than RECENT_COMPILE_DATE
2021-02-22T10:40:22.513335+00:00 INFO tlsdate[2763]: V: using TLSv1_client_method()
2021-02-22T10:40:22.513476+00:00 INFO tlsdate[2763]: V: setting up connection to clients3.google.com:443
2021-02-22T10:40:22.515655+00:00 INFO tlsdated[2132]: [event:handle_child_death] tlsdate reaped => pid:6 uid:234 status:1 code:1
2021-02-22T10:40:59.912197+00:00 INFO tlsdated[2132]: [event:action_resolve_proxy] resolving proxy for clients3.google.com:443
2021-02-22T10:41:00.915172+00:00 INFO tlsdated[2132]: [event:action_run_tlsdate] attempt 1 backoff 10
2021-02-22T10:41:00.919427+00:00 INFO tlsdate[2946]: V: time is currently 1613990460.918703932
2021-02-22T10:41:00.919560+00:00 INFO tlsdate[2946]: V: time is greater than RECENT_COMPILE_DATE
2021-02-22T10:41:00.923318+00:00 INFO tlsdate[2947]: V: using TLSv1_client_method()
2021-02-22T10:41:00.923433+00:00 INFO tlsdate[2947]: V: setting up connection to clients3.google.com:443
2021-02-22T10:41:01.531504+00:00 INFO tlsdate[2947]: V: freezing time for x509 verification
2021-02-22T10:41:01.531672+00:00 INFO tlsdate[2947]: V: remote peer provided: 1613990464, preferred over compile time: 1566950687
2021-02-22T10:41:01.531768+00:00 INFO tlsdate[2947]: V: freezing time with X509_VERIFY_PARAM_set_time
2021-02-22T10:41:01.633246+00:00 INFO tlsdate[2947]: V: certificate verification passed
2021-02-22T10:41:01.633427+00:00 INFO tlsdate[2947]: V: commonName mismatch! Expected: clients3.google.com - received: *.google.com
2021-02-22T10:41:01.633510+00:00 INFO tlsdate[2947]: V: found non subjectAltName extension
2021-02-22T10:41:01.633913+00:00 INFO tlsdate[2947]: message repeated 5 times: [ V: found non subjectAltName extension]
2021-02-22T10:41:01.633990+00:00 INFO tlsdate[2947]: V: Inspecting 'clients3.google.com' for possible wildcard match against '*.google.com'
2021-02-22T10:41:01.634096+00:00 INFO tlsdate[2947]: V: label found; total label count: 1
2021-02-22T10:41:01.634176+00:00 INFO tlsdate[2947]: V: label found; total label count: 2
2021-02-22T10:41:01.634281+00:00 INFO tlsdate[2947]: V: label found; total label count: 3
2021-02-22T10:41:01.634364+00:00 INFO tlsdate[2947]: V: Found wildcard in at start of provided certificate name
2021-02-22T10:41:01.634441+00:00 INFO tlsdate[2947]: V: Attempting match of 'clients3' against '*'
2021-02-22T10:41:01.634518+00:00 INFO tlsdate[2947]: V: Forced match of 'clients3' against '*'
2021-02-22T10:41:01.634594+00:00 INFO tlsdate[2947]: V: Attempting match of 'google' against 'google'
2021-02-22T10:41:01.634684+00:00 INFO tlsdate[2947]: V: Attempting match of 'com' against 'com'
2021-02-22T10:41:01.634759+00:00 INFO tlsdate[2947]: V: remaining labels match!
2021-02-22T10:41:01.634833+00:00 INFO tlsdate[2947]: V: wildcard match of clients3.google.com against *.google.com
2021-02-22T10:41:01.634909+00:00 INFO tlsdate[2947]: V: hostname verification passed
2021-02-22T10:41:01.634985+00:00 INFO tlsdate[2947]: V: public key is ready for inspection
2021-02-22T10:41:01.635077+00:00 INFO tlsdate[2947]: V: key type: EVP_PKEY_RSA
2021-02-22T10:41:01.635187+00:00 INFO tlsdate[2947]: V: keybits: 2048
2021-02-22T10:41:01.635263+00:00 INFO tlsdate[2947]: V: key length appears safe
2021-02-22T10:41:01.635342+00:00 INFO tlsdate[2946]: V: server time 1613990464 (difference is about -4 s) was fetched in 716 ms
2021-02-22T10:41:01.635421+00:00 INFO tlsdated[2132]: [event:handle_child_death] tlsdate reaped => pid:8 uid:234 status:0 code:1
2021-02-22T10:41:01.635513+00:00 INFO tlsdated[2132]: [event:handle_time_setter] time set from the network (1613990464)
2021-02-22T10:43:17.734116+00:00 INFO tlsdated[2132]: [event:action_sigterm] starting graceful shutdown . . .
2021-02-22T10:43:17.734307+00:00 INFO tlsdated[2132]: [event:action_time_set] time setter pipe truncated! (0): Resource temporarily unavailable
2021-02-22T10:43:17.734397+00:00 INFO tlsdated[2132]: tlsdate-setter exitting: code:KILLED status:15 pid:3 uid:0
2021-02-22T06:57:26.563229-05:00 INFO tlsdated[2105]: spawning time setting helper . . .
2021-02-22T06:57:26.568057-05:00 INFO tlsdated[2105]: disk timestamp available: yes
2021-02-22T06:57:26.568222-05:00 INFO tlsdated[2105]: initial time sync type: system-clock
2021-02-22T06:57:26.572113-05:00 INFO tlsdated[2105]: Entering dispatch . . .
2021-02-22T06:57:26.572233-05:00 INFO tlsdated[2105]: [event:action_resolve_proxy] resolving proxy for clients3.google.com:443
2021-02-22T06:57:26.575836-05:00 INFO tlsdated[2105]: [event:handle_time_setter] time set from the system-clock (1613995046)
2021-02-22T06:57:26.599436-05:00 INFO tlsdated[2105]: [cros] DBus name acquired successfully
2021-02-22T06:57:26.599564-05:00 INFO tlsdated[2105]: [cros] DBus name acquired successfully
2021-02-22T06:57:27.621039-05:00 INFO tlsdated[2105]: [event:action_run_tlsdate] attempt 1 backoff 10
2021-02-22T06:57:27.627799-05:00 INFO tlsdate[2390]: V: time is currently 1613995047.627208387
2021-02-22T06:57:27.628459-05:00 INFO tlsdate[2390]: V: time is greater than RECENT_COMPILE_DATE
2021-02-22T06:57:27.632200-05:00 INFO tlsdate[2391]: V: using TLSv1_client_method()
2021-02-22T06:57:27.632360-05:00 INFO tlsdate[2391]: V: setting up connection to clients3.google.com:443
2021-02-22T06:57:27.634449-05:00 INFO tlsdated[2105]: [event:handle_child_death] tlsdate reaped => pid:4 uid:234 status:1 code:1
2021-02-22T06:57:47.388081-05:00 INFO tlsdated[2105]: [event:action_sigterm] starting graceful shutdown . . .
2021-02-22T07:04:24.811715-05:00 INFO tlsdated[2132]: spawning time setting helper . . .
2021-02-22T07:04:24.817489-05:00 INFO tlsdated[2132]: disk timestamp available: yes
2021-02-22T07:04:24.817717-05:00 INFO tlsdated[2132]: initial time sync type: system-clock
2021-02-22T07:04:24.818836-05:00 INFO tlsdated[2132]: Entering dispatch . . .
2021-02-22T07:04:24.819030-05:00 INFO tlsdated[2132]: [event:action_resolve_proxy] resolving proxy for clients3.google.com:443
2021-02-22T07:04:24.819561-05:00 INFO tlsdated[2132]: [event:handle_time_setter] time set from the system-clock (1613995464)
2021-02-22T07:04:24.876150-05:00 INFO tlsdated[2132]: [cros] DBus name acquired successfully
2021-02-22T07:04:24.876280-05:00 INFO tlsdated[2132]: [cros] DBus name acquired successfully
2021-02-22T07:04:25.896475-05:00 INFO tlsdated[2132]: [event:action_run_tlsdate] attempt 1 backoff 10
2021-02-22T07:04:25.923848-05:00 INFO tlsdate[2491]: V: time is currently 1613995465.923153374
2021-02-22T07:04:25.924016-05:00 INFO tlsdate[2491]: V: time is greater than RECENT_COMPILE_DATE
2021-02-22T07:04:25.943583-05:00 INFO tlsdate[2492]: V: using TLSv1_client_method()
2021-02-22T07:04:25.945584-05:00 INFO tlsdate[2492]: V: setting up connection to clients3.google.com:443
2021-02-22T07:04:25.951793-05:00 INFO tlsdated[2132]: [event:handle_child_death] tlsdate reaped => pid:4 uid:234 status:1 code:1
2021-02-24T18:33:11.712373-05:00 INFO tlsdated[2092]: spawning time setting helper . . .
2021-02-24T18:33:11.725477-05:00 INFO tlsdated[2092]: disk timestamp available: yes
2021-02-24T18:33:11.725955-05:00 INFO tlsdated[2092]: initial time sync type: system-clock
2021-02-24T18:33:11.727420-05:00 INFO tlsdated[2092]: Entering dispatch . . .
2021-02-24T18:33:11.727631-05:00 INFO tlsdated[2092]: [event:action_resolve_proxy] resolving proxy for clients3.google.com:443
2021-02-24T18:33:11.730184-05:00 INFO tlsdated[2092]: [event:handle_time_setter] time set from the system-clock (1614209591)
2021-02-24T18:33:11.735248-05:00 INFO tlsdated[2092]: [cros] DBus name acquired successfully
2021-02-24T18:33:11.735484-05:00 INFO tlsdated[2092]: [cros] DBus name acquired successfully
2021-02-24T18:33:12.765057-05:00 INFO tlsdated[2092]: [event:action_run_tlsdate] attempt 1 backoff 10
2021-02-24T18:33:12.774049-05:00 INFO tlsdate[2430]: V: time is currently 1614209592.773446125
2021-02-24T18:33:12.774260-05:00 INFO tlsdate[2430]: V: time is greater than RECENT_COMPILE_DATE
2021-02-24T18:33:12.777812-05:00 INFO tlsdate[2431]: V: using TLSv1_client_method()
2021-02-24T18:33:12.778333-05:00 INFO tlsdate[2431]: V: setting up connection to clients3.google.com:443
2021-02-24T18:33:12.780579-05:00 INFO tlsdated[2092]: [event:handle_child_death] tlsdate reaped => pid:4 uid:234 status:1 code:1
2021-02-24T18:33:32.784144-05:00 INFO tlsdated[2092]: [event:action_resolve_proxy] resolving proxy for clients3.google.com:443
2021-02-24T18:33:33.790478-05:00 INFO tlsdated[2092]: [event:action_run_tlsdate] attempt 2 backoff 20
2021-02-24T18:33:33.794327-05:00 INFO tlsdate[2648]: V: time is currently 1614209613.793625177
2021-02-24T18:33:33.794476-05:00 INFO tlsdate[2648]: V: time is greater than RECENT_COMPILE_DATE
2021-02-24T18:33:33.798153-05:00 INFO tlsdate[2649]: V: using TLSv1_client_method()
2021-02-24T18:33:33.798272-05:00 INFO tlsdate[2649]: V: setting up connection to clients3.google.com:443
2021-02-24T18:33:33.800369-05:00 INFO tlsdated[2092]: [event:handle_child_death] tlsdate reaped => pid:6 uid:234 status:1 code:1
2021-02-24T18:34:06.250756-05:00 INFO tlsdated[2092]: [event:action_resolve_proxy] resolving proxy for clients3.google.com:443
2021-02-24T18:34:07.252524-05:00 INFO tlsdated[2092]: [event:action_run_tlsdate] attempt 1 backoff 10
2021-02-24T18:34:07.256619-05:00 INFO tlsdate[2840]: V: time is currently 1614209647.255862511
2021-02-24T18:34:07.256740-05:00 INFO tlsdate[2840]: V: time is greater than RECENT_COMPILE_DATE
2021-02-24T18:34:07.259564-05:00 INFO tlsdate[2841]: V: using TLSv1_client_method()
2021-02-24T18:34:07.259716-05:00 INFO tlsdate[2841]: V: setting up connection to clients3.google.com:443
2021-02-24T18:34:07.702208-05:00 INFO tlsdate[2841]: V: freezing time for x509 verification
2021-02-24T18:34:07.702332-05:00 INFO tlsdate[2841]: V: remote peer provided: 1614209649, preferred over compile time: 1566950687
2021-02-24T18:34:07.702444-05:00 INFO tlsdate[2841]: V: freezing time with X509_VERIFY_PARAM_set_time
2021-02-24T18:34:07.806409-05:00 INFO tlsdate[2841]: V: certificate verification passed
2021-02-24T18:34:07.806539-05:00 INFO tlsdate[2841]: V: commonName mismatch! Expected: clients3.google.com - received: *.google.com
2021-02-24T18:34:07.806614-05:00 INFO tlsdate[2841]: V: found non subjectAltName extension
2021-02-24T18:34:07.808219-05:00 INFO tlsdate[2841]: message repeated 5 times: [ V: found non subjectAltName extension]
2021-02-24T18:34:07.808296-05:00 INFO tlsdate[2841]: V: Inspecting 'clients3.google.com' for possible wildcard match against '*.google.com'
2021-02-24T18:34:07.808374-05:00 INFO tlsdate[2841]: V: label found; total label count: 1
2021-02-24T18:34:07.808451-05:00 INFO tlsdate[2841]: V: label found; total label count: 2
2021-02-24T18:34:07.808578-05:00 INFO tlsdate[2841]: V: label found; total label count: 3
2021-02-24T18:34:07.808656-05:00 INFO tlsdate[2841]: V: Found wildcard in at start of provided certificate name
2021-02-24T18:34:07.808733-05:00 INFO tlsdate[2841]: V: Attempting match of 'clients3' against '*'
2021-02-24T18:34:07.808811-05:00 INFO tlsdate[2841]: V: Forced match of 'clients3' against '*'
2021-02-24T18:34:07.808906-05:00 INFO tlsdate[2841]: V: Attempting match of 'google' against 'google'
2021-02-24T18:34:07.808987-05:00 INFO tlsdate[2841]: V: Attempting match of 'com' against 'com'
2021-02-24T18:34:07.809086-05:00 INFO tlsdate[2841]: V: remaining labels match!
2021-02-24T18:34:07.809165-05:00 INFO tlsdate[2841]: V: wildcard match of clients3.google.com against *.google.com
2021-02-24T18:34:07.809241-05:00 INFO tlsdate[2841]: V: hostname verification passed
2021-02-24T18:34:07.809318-05:00 INFO tlsdate[2841]: V: public key is ready for inspection
2021-02-24T18:34:07.809428-05:00 INFO tlsdate[2841]: V: key type: EVP_PKEY_RSA
2021-02-24T18:34:07.809503-05:00 INFO tlsdate[2841]: V: keybits: 2048
2021-02-24T18:34:07.809583-05:00 INFO tlsdate[2841]: V: key length appears safe
2021-02-24T18:34:07.810900-05:00 INFO tlsdate[2840]: V: server time 1614209649 (difference is about -2 s) was fetched in 553 ms
2021-02-24T18:34:07.811281-05:00 INFO tlsdated[2092]: [event:handle_child_death] tlsdate reaped => pid:8 uid:234 status:0 code:1
2021-02-24T18:34:07.811361-05:00 INFO tlsdated[2092]: [event:handle_time_setter] time set from the network (1614209649)
