+ progress_bar
+ local 'image_left=-297'
+ local 'image_top=-16'
+ showimage /etc/screens/progress_box.png -297,-16
+ local 'image=/etc/screens/progress_box.png'
+ local 'offset=-297,-16'
+ shift
+ shift
+ printf '\033]image:file=/etc/screens/progress_box.png;offset=-297,-16;scale=1\033\'
+ local 'incr_left=-445'
+ local 'incr_top=-16'
+ local 'leftmost=-445'
+ local 'percent='
+ read percent
+ local 'rightmost=-445'
+ '[' -445 -lt -445 ]
+ read percent
+ local 'rightmost=-439'
+ '[' -445 -lt -439 ]
+ showimage /etc/screens/progress_increment.png -445,-16
+ local 'image=/etc/screens/progress_increment.png'
+ local 'offset=-445,-16'
+ shift
+ shift
+ printf '\033]image:file=/etc/screens/progress_increment.png;offset=-445,-16;scale=1\033\'
+ leftmost=-442
+ '[' -442 -lt -439 ]
+ showimage /etc/screens/progress_increment.png -442,-16
+ local 'image=/etc/screens/progress_increment.png'
+ local 'offset=-442,-16'
+ shift
+ shift
+ printf '\033]image:file=/etc/screens/progress_increment.png;offset=-442,-16;scale=1\033\'
+ leftmost=-439
+ '[' -439 -lt -439 ]
+ read percent
+ local 'rightmost=-433'
+ '[' -439 -lt -433 ]
+ showimage /etc/screens/progress_increment.png -439,-16
+ local 'image=/etc/screens/progress_increment.png'
+ local 'offset=-439,-16'
+ shift
+ shift
+ printf '\033]image:file=/etc/screens/progress_increment.png;offset=-439,-16;scale=1\033\'
+ leftmost=-436
+ '[' -436 -lt -433 ]
+ showimage /etc/screens/progress_increment.png -436,-16
+ local 'image=/etc/screens/progress_increment.png'
+ local 'offset=-436,-16'
+ shift
+ shift
+ printf '\033]image:file=/etc/screens/progress_increment.png;offset=-436,-16;scale=1\033\'
+ leftmost=-433
+ '[' -433 -lt -433 ]
+ read percent
+ local 'rightmost=-427'
+ '[' -433 -lt -427 ]
+ showimage /etc/screens/progress_increment.png -433,-16
+ local 'image=/etc/screens/progress_increment.png'
+ local 'offset=-433,-16'
+ shift
+ shift
+ printf '\033]image:file=/etc/screens/progress_increment.png;offset=-433,-16;scale=1\033\'
+ leftmost=-430
+ '[' -430 -lt -427 ]
+ showimage /etc/screens/progress_increment.png -430,-16
+ local 'image=/etc/screens/progress_increment.png'
+ local 'offset=-430,-16'
+ shift
+ shift
+ printf '\033]image:file=/etc/screens/progress_increment.png;offset=-430,-16;scale=1\033\'
+ leftmost=-427
+ '[' -427 -lt -427 ]
+ read percent
+ local 'rightmost=-421'
+ '[' -427 -lt -421 ]
+ showimage /etc/screens/progress_increment.png -427,-16
+ local 'image=/etc/screens/progress_increment.png'
+ local 'offset=-427,-16'
+ shift
+ shift
+ printf '\033]image:file=/etc/screens/progress_increment.png;offset=-427,-16;scale=1\033\'
+ leftmost=-424
+ '[' -424 -lt -421 ]
+ showimage /etc/screens/progress_increment.png -424,-16
+ local 'image=/etc/screens/progress_increment.png'
+ local 'offset=-424,-16'
+ shift
+ shift
+ printf '\033]image:file=/etc/screens/progress_increment.png;offset=-424,-16;scale=1\033\'
+ leftmost=-421
+ '[' -421 -lt -421 ]
+ read percent
+ local 'rightmost=-418'
+ '[' -421 -lt -418 ]
+ showimage /etc/screens/progress_increment.png -421,-16
+ local 'image=/etc/screens/progress_increment.png'
+ local 'offset=-421,-16'
+ shift
+ shift
+ printf '\033]image:file=/etc/screens/progress_increment.png;offset=-421,-16;scale=1\033\'
+ leftmost=-418
+ '[' -418 -lt -418 ]
+ read percent
+ local 'rightmost=-415'
+ '[' -418 -lt -415 ]
+ showimage /etc/screens/progress_increment.png -418,-16
+ local 'image=/etc/screens/progress_increment.png'
+ local 'offset=-418,-16'
+ shift
+ shift
+ printf '\033]image:file=/etc/screens/progress_increment.png;offset=-418,-16;scale=1\033\'
+ leftmost=-415
+ '[' -415 -lt -415 ]
+ read percent
+ local 'rightmost=-409'
+ '[' -415 -lt -409 ]
+ showimage /etc/screens/progress_increment.png -415,-16
+ local 'image=/etc/screens/progress_increment.png'
+ local 'offset=-415,-16'
+ shift
+ shift
+ printf '\033]image:file=/etc/screens/progress_increment.png;offset=-415,-16;scale=1\033\'
+ leftmost=-412
+ '[' -412 -lt -409 ]
+ showimage /etc/screens/progress_increment.png -412,-16
+ local 'image=/etc/screens/progress_increment.png'
+ local 'offset=-412,-16'
+ shift
+ shift
+ printf '\033]image:file=/etc/screens/progress_increment.png;offset=-412,-16;scale=1\033\'
+ leftmost=-409
+ '[' -409 -lt -409 ]
+ read percent
+ local 'rightmost=-406'
+ '[' -409 -lt -406 ]
+ showimage /etc/screens/progress_increment.png -409,-16
+ local 'image=/etc/screens/progress_increment.png'
+ local 'offset=-409,-16'
+ shift
+ shift
+ printf '\033]image:file=/etc/screens/progress_increment.png;offset=-409,-16;scale=1\033\'
+ leftmost=-406
+ '[' -406 -lt -406 ]
+ read percent
+ local 'rightmost=-400'
+ '[' -406 -lt -400 ]
+ showimage /etc/screens/progress_increment.png -406,-16
+ local 'image=/etc/screens/progress_increment.png'
+ local 'offset=-406,-16'
+ shift
+ shift
+ printf '\033]image:file=/etc/screens/progress_increment.png;offset=-406,-16;scale=1\033\'
+ leftmost=-403
+ '[' -403 -lt -400 ]
+ showimage /etc/screens/progress_increment.png -403,-16
+ local 'image=/etc/screens/progress_increment.png'
+ local 'offset=-403,-16'
+ shift
+ shift
+ printf '\033]image:file=/etc/screens/progress_increment.png;offset=-403,-16;scale=1\033\'
+ leftmost=-400
+ '[' -400 -lt -400 ]
+ read percent
+ local 'rightmost=-394'
+ '[' -400 -lt -394 ]
+ showimage /etc/screens/progress_increment.png -400,-16
+ local 'image=/etc/screens/progress_increment.png'
+ local 'offset=-400,-16'
+ shift
+ shift
+ printf '\033]image:file=/etc/screens/progress_increment.png;offset=-400,-16;scale=1\033\'
+ leftmost=-397
+ '[' -397 -lt -394 ]
+ showimage /etc/screens/progress_increment.png -397,-16
+ local 'image=/etc/screens/progress_increment.png'
+ local 'offset=-397,-16'
+ shift
+ shift
+ printf '\033]image:file=/etc/screens/progress_increment.png;offset=-397,-16;scale=1\033\'
+ leftmost=-394
+ '[' -394 -lt -394 ]
+ read percent
+ local 'rightmost=-391'
+ '[' -394 -lt -391 ]
+ showimage /etc/screens/progress_increment.png -394,-16
+ local 'image=/etc/screens/progress_increment.png'
+ local 'offset=-394,-16'
+ shift
+ shift
+ printf '\033]image:file=/etc/screens/progress_increment.png;offset=-394,-16;scale=1\033\'
+ leftmost=-391
+ '[' -391 -lt -391 ]
+ read percent
+ local 'rightmost=-385'
+ '[' -391 -lt -385 ]
+ showimage /etc/screens/progress_increment.png -391,-16
+ local 'image=/etc/screens/progress_increment.png'
+ local 'offset=-391,-16'
+ shift
+ shift
+ printf '\033]image:file=/etc/screens/progress_increment.png;offset=-391,-16;scale=1\033\'
+ leftmost=-388
+ '[' -388 -lt -385 ]
+ showimage /etc/screens/progress_increment.png -388,-16
+ local 'image=/etc/screens/progress_increment.png'
+ local 'offset=-388,-16'
+ shift
+ shift
+ printf '\033]image:file=/etc/screens/progress_increment.png;offset=-388,-16;scale=1\033\'
+ leftmost=-385
+ '[' -385 -lt -385 ]
+ read percent
+ local 'rightmost=-382'
+ '[' -385 -lt -382 ]
+ showimage /etc/screens/progress_increment.png -385,-16
+ local 'image=/etc/screens/progress_increment.png'
+ local 'offset=-385,-16'
+ shift
+ shift
+ printf '\033]image:file=/etc/screens/progress_increment.png;offset=-385,-16;scale=1\033\'
+ leftmost=-382
+ '[' -382 -lt -382 ]
+ read percent
+ local 'rightmost=-379'
+ '[' -382 -lt -379 ]
+ showimage /etc/screens/progress_increment.png -382,-16
+ local 'image=/etc/screens/progress_increment.png'
+ local 'offset=-382,-16'
+ shift
+ shift
+ printf '\033]image:file=/etc/screens/progress_increment.png;offset=-382,-16;scale=1\033\'
+ leftmost=-379
+ '[' -379 -lt -379 ]
+ read percent
+ local 'rightmost=-373'
+ '[' -379 -lt -373 ]
+ showimage /etc/screens/progress_increment.png -379,-16
+ local 'image=/etc/screens/progress_increment.png'
+ local 'offset=-379,-16'
+ shift
+ shift
+ printf '\033]image:file=/etc/screens/progress_increment.png;offset=-379,-16;scale=1\033\'
+ leftmost=-376
+ '[' -376 -lt -373 ]
+ showimage /etc/screens/progress_increment.png -376,-16
+ local 'image=/etc/screens/progress_increment.png'
+ local 'offset=-376,-16'
+ shift
+ shift
+ printf '\033]image:file=/etc/screens/progress_increment.png;offset=-376,-16;scale=1\033\'
+ leftmost=-373
+ '[' -373 -lt -373 ]
+ read percent
+ local 'rightmost=-367'
+ '[' -373 -lt -367 ]
+ showimage /etc/screens/progress_increment.png -373,-16
+ local 'image=/etc/screens/progress_increment.png'
+ local 'offset=-373,-16'
+ shift
+ shift
+ printf '\033]image:file=/etc/screens/progress_increment.png;offset=-373,-16;scale=1\033\'
+ leftmost=-370
+ '[' -370 -lt -367 ]
+ showimage /etc/screens/progress_increment.png -370,-16
+ local 'image=/etc/screens/progress_increment.png'
+ local 'offset=-370,-16'
+ shift
+ shift
+ printf '\033]image:file=/etc/screens/progress_increment.png;offset=-370,-16;scale=1\033\'
+ leftmost=-367
+ '[' -367 -lt -367 ]
+ read percent
+ local 'rightmost=-364'
+ '[' -367 -lt -364 ]
+ showimage /etc/screens/progress_increment.png -367,-16
+ local 'image=/etc/screens/progress_increment.png'
+ local 'offset=-367,-16'
+ shift
+ shift
+ printf '\033]image:file=/etc/screens/progress_increment.png;offset=-367,-16;scale=1\033\'
+ leftmost=-364
+ '[' -364 -lt -364 ]
+ read percent
+ local 'rightmost=-358'
+ '[' -364 -lt -358 ]
+ showimage /etc/screens/progress_increment.png -364,-16
+ local 'image=/etc/screens/progress_increment.png'
+ local 'offset=-364,-16'
+ shift
+ shift
+ printf '\033]image:file=/etc/screens/progress_increment.png;offset=-364,-16;scale=1\033\'
+ leftmost=-361
+ '[' -361 -lt -358 ]
+ showimage /etc/screens/progress_increment.png -361,-16
+ local 'image=/etc/screens/progress_increment.png'
+ local 'offset=-361,-16'
+ shift
+ shift
+ printf '\033]image:file=/etc/screens/progress_increment.png;offset=-361,-16;scale=1\033\'
+ leftmost=-358
+ '[' -358 -lt -358 ]
+ read percent
+ local 'rightmost=-352'
+ '[' -358 -lt -352 ]
+ showimage /etc/screens/progress_increment.png -358,-16
+ local 'image=/etc/screens/progress_increment.png'
+ local 'offset=-358,-16'
+ shift
+ shift
+ printf '\033]image:file=/etc/screens/progress_increment.png;offset=-358,-16;scale=1\033\'
+ leftmost=-355
+ '[' -355 -lt -352 ]
+ showimage /etc/screens/progress_increment.png -355,-16
+ local 'image=/etc/screens/progress_increment.png'
+ local 'offset=-355,-16'
+ shift
+ shift
+ printf '\033]image:file=/etc/screens/progress_increment.png;offset=-355,-16;scale=1\033\'
+ leftmost=-352
+ '[' -352 -lt -352 ]
+ read percent
+ local 'rightmost=-349'
+ '[' -352 -lt -349 ]
+ showimage /etc/screens/progress_increment.png -352,-16
+ local 'image=/etc/screens/progress_increment.png'
+ local 'offset=-352,-16'
+ shift
+ shift
+ printf '\033]image:file=/etc/screens/progress_increment.png;offset=-352,-16;scale=1\033\'
+ leftmost=-349
+ '[' -349 -lt -349 ]
+ read percent
+ local 'rightmost=-346'
+ '[' -349 -lt -346 ]
+ showimage /etc/screens/progress_increment.png -349,-16
+ local 'image=/etc/screens/progress_increment.png'
+ local 'offset=-349,-16'
+ shift
+ shift
+ printf '\033]image:file=/etc/screens/progress_increment.png;offset=-349,-16;scale=1\033\'
+ leftmost=-346
+ '[' -346 -lt -346 ]
+ read percent
+ local 'rightmost=-340'
+ '[' -346 -lt -340 ]
+ showimage /etc/screens/progress_increment.png -346,-16
+ local 'image=/etc/screens/progress_increment.png'
+ local 'offset=-346,-16'
+ shift
+ shift
+ printf '\033]image:file=/etc/screens/progress_increment.png;offset=-346,-16;scale=1\033\'
+ leftmost=-343
+ '[' -343 -lt -340 ]
+ showimage /etc/screens/progress_increment.png -343,-16
+ local 'image=/etc/screens/progress_increment.png'
+ local 'offset=-343,-16'
+ shift
+ shift
+ printf '\033]image:file=/etc/screens/progress_increment.png;offset=-343,-16;scale=1\033\'
+ leftmost=-340
+ '[' -340 -lt -340 ]
+ read percent
+ local 'rightmost=-334'
+ '[' -340 -lt -334 ]
+ showimage /etc/screens/progress_increment.png -340,-16
+ local 'image=/etc/screens/progress_increment.png'
+ local 'offset=-340,-16'
+ shift
+ shift
+ printf '\033]image:file=/etc/screens/progress_increment.png;offset=-340,-16;scale=1\033\'
+ leftmost=-337
+ '[' -337 -lt -334 ]
+ showimage /etc/screens/progress_increment.png -337,-16
+ local 'image=/etc/screens/progress_increment.png'
+ local 'offset=-337,-16'
+ shift
+ shift
+ printf '\033]image:file=/etc/screens/progress_increment.png;offset=-337,-16;scale=1\033\'
+ leftmost=-334
+ '[' -334 -lt -334 ]
+ read percent
+ local 'rightmost=-328'
+ '[' -334 -lt -328 ]
+ showimage /etc/screens/progress_increment.png -334,-16
+ local 'image=/etc/screens/progress_increment.png'
+ local 'offset=-334,-16'
+ shift
+ shift
+ printf '\033]image:file=/etc/screens/progress_increment.png;offset=-334,-16;scale=1\033\'
+ leftmost=-331
+ '[' -331 -lt -328 ]
+ showimage /etc/screens/progress_increment.png -331,-16
+ local 'image=/etc/screens/progress_increment.png'
+ local 'offset=-331,-16'
+ shift
+ shift
+ printf '\033]image:file=/etc/screens/progress_increment.png;offset=-331,-16;scale=1\033\'
+ leftmost=-328
+ '[' -328 -lt -328 ]
+ read percent
+ local 'rightmost=-322'
+ '[' -328 -lt -322 ]
+ showimage /etc/screens/progress_increment.png -328,-16
+ local 'image=/etc/screens/progress_increment.png'
+ local 'offset=-328,-16'
+ shift
+ shift
+ printf '\033]image:file=/etc/screens/progress_increment.png;offset=-328,-16;scale=1\033\'
+ leftmost=-325
+ '[' -325 -lt -322 ]
+ showimage /etc/screens/progress_increment.png -325,-16
+ local 'image=/etc/screens/progress_increment.png'
+ local 'offset=-325,-16'
+ shift
+ shift
+ printf '\033]image:file=/etc/screens/progress_increment.png;offset=-325,-16;scale=1\033\'
+ leftmost=-322
+ '[' -322 -lt -322 ]
+ read percent
+ local 'rightmost=-319'
+ '[' -322 -lt -319 ]
+ showimage /etc/screens/progress_increment.png -322,-16
+ local 'image=/etc/screens/progress_increment.png'
+ local 'offset=-322,-16'
+ shift
+ shift
+ printf '\033]image:file=/etc/screens/progress_increment.png;offset=-322,-16;scale=1\033\'
+ leftmost=-319
+ '[' -319 -lt -319 ]
+ read percent
+ local 'rightmost=-313'
+ '[' -319 -lt -313 ]
+ showimage /etc/screens/progress_increment.png -319,-16
+ local 'image=/etc/screens/progress_increment.png'
+ local 'offset=-319,-16'
+ shift
+ shift
+ printf '\033]image:file=/etc/screens/progress_increment.png;offset=-319,-16;scale=1\033\'
+ leftmost=-316
+ '[' -316 -lt -313 ]
+ showimage /etc/screens/progress_increment.png -316,-16
+ local 'image=/etc/screens/progress_increment.png'
+ local 'offset=-316,-16'
+ shift
+ shift
+ printf '\033]image:file=/etc/screens/progress_increment.png;offset=-316,-16;scale=1\033\'
+ leftmost=-313
+ '[' -313 -lt -313 ]
+ read percent
+ local 'rightmost=-307'
+ '[' -313 -lt -307 ]
+ showimage /etc/screens/progress_increment.png -313,-16
+ local 'image=/etc/screens/progress_increment.png'
+ local 'offset=-313,-16'
+ shift
+ shift
+ printf '\033]image:file=/etc/screens/progress_increment.png;offset=-313,-16;scale=1\033\'
+ leftmost=-310
+ '[' -310 -lt -307 ]
+ showimage /etc/screens/progress_increment.png -310,-16
+ local 'image=/etc/screens/progress_increment.png'
+ local 'offset=-310,-16'
+ shift
+ shift
+ printf '\033]image:file=/etc/screens/progress_increment.png;offset=-310,-16;scale=1\033\'
+ leftmost=-307
+ '[' -307 -lt -307 ]
+ read percent
+ local 'rightmost=-301'
+ '[' -307 -lt -301 ]
+ showimage /etc/screens/progress_increment.png -307,-16
+ local 'image=/etc/screens/progress_increment.png'
+ local 'offset=-307,-16'
+ shift
+ shift
+ printf '\033]image:file=/etc/screens/progress_increment.png;offset=-307,-16;scale=1\033\'
+ leftmost=-304
+ '[' -304 -lt -301 ]
+ showimage /etc/screens/progress_increment.png -304,-16
+ local 'image=/etc/screens/progress_increment.png'
+ local 'offset=-304,-16'
+ shift
+ shift
+ printf '\033]image:file=/etc/screens/progress_increment.png;offset=-304,-16;scale=1\033\'
+ leftmost=-301
+ '[' -301 -lt -301 ]
+ read percent
+ local 'rightmost=-295'
+ '[' -301 -lt -295 ]
+ showimage /etc/screens/progress_increment.png -301,-16
+ local 'image=/etc/screens/progress_increment.png'
+ local 'offset=-301,-16'
+ shift
+ shift
+ printf '\033]image:file=/etc/screens/progress_increment.png;offset=-301,-16;scale=1\033\'
+ leftmost=-298
+ '[' -298 -lt -295 ]
+ showimage /etc/screens/progress_increment.png -298,-16
+ local 'image=/etc/screens/progress_increment.png'
+ local 'offset=-298,-16'
+ shift
+ shift
+ printf '\033]image:file=/etc/screens/progress_increment.png;offset=-298,-16;scale=1\033\'
+ leftmost=-295
+ '[' -295 -lt -295 ]
+ read percent
+ local 'rightmost=-289'
+ '[' -295 -lt -289 ]
+ showimage /etc/screens/progress_increment.png -295,-16
+ local 'image=/etc/screens/progress_increment.png'
+ local 'offset=-295,-16'
+ shift
+ shift
+ printf '\033]image:file=/etc/screens/progress_increment.png;offset=-295,-16;scale=1\033\'
+ leftmost=-292
+ '[' -292 -lt -289 ]
+ showimage /etc/screens/progress_increment.png -292,-16
+ local 'image=/etc/screens/progress_increment.png'
+ local 'offset=-292,-16'
+ shift
+ shift
+ printf '\033]image:file=/etc/screens/progress_increment.png;offset=-292,-16;scale=1\033\'
+ leftmost=-289
+ '[' -289 -lt -289 ]
+ read percent
+ local 'rightmost=-286'
+ '[' -289 -lt -286 ]
+ showimage /etc/screens/progress_increment.png -289,-16
+ local 'image=/etc/screens/progress_increment.png'
+ local 'offset=-289,-16'
+ shift
+ shift
+ printf '\033]image:file=/etc/screens/progress_increment.png;offset=-289,-16;scale=1\033\'
+ leftmost=-286
+ '[' -286 -lt -286 ]
+ read percent
+ local 'rightmost=-280'
+ '[' -286 -lt -280 ]
+ showimage /etc/screens/progress_increment.png -286,-16
+ local 'image=/etc/screens/progress_increment.png'
+ local 'offset=-286,-16'
+ shift
+ shift
+ printf '\033]image:file=/etc/screens/progress_increment.png;offset=-286,-16;scale=1\033\'
+ leftmost=-283
+ '[' -283 -lt -280 ]
+ showimage /etc/screens/progress_increment.png -283,-16
+ local 'image=/etc/screens/progress_increment.png'
+ local 'offset=-283,-16'
+ shift
+ shift
+ printf '\033]image:file=/etc/screens/progress_increment.png;offset=-283,-16;scale=1\033\'
+ leftmost=-280
+ '[' -280 -lt -280 ]
+ read percent
+ local 'rightmost=-274'
+ '[' -280 -lt -274 ]
+ showimage /etc/screens/progress_increment.png -280,-16
+ local 'image=/etc/screens/progress_increment.png'
+ local 'offset=-280,-16'
+ shift
+ shift
+ printf '\033]image:file=/etc/screens/progress_increment.png;offset=-280,-16;scale=1\033\'
+ leftmost=-277
+ '[' -277 -lt -274 ]
+ showimage /etc/screens/progress_increment.png -277,-16
+ local 'image=/etc/screens/progress_increment.png'
+ local 'offset=-277,-16'
+ shift
+ shift
+ printf '\033]image:file=/etc/screens/progress_increment.png;offset=-277,-16;scale=1\033\'
+ leftmost=-274
+ '[' -274 -lt -274 ]
+ read percent
+ local 'rightmost=-268'
+ '[' -274 -lt -268 ]
+ showimage /etc/screens/progress_increment.png -274,-16
+ local 'image=/etc/screens/progress_increment.png'
+ local 'offset=-274,-16'
+ shift
+ shift
+ printf '\033]image:file=/etc/screens/progress_increment.png;offset=-274,-16;scale=1\033\'
+ leftmost=-271
+ '[' -271 -lt -268 ]
+ showimage /etc/screens/progress_increment.png -271,-16
+ local 'image=/etc/screens/progress_increment.png'
+ local 'offset=-271,-16'
+ shift
+ shift
+ printf '\033]image:file=/etc/screens/progress_increment.png;offset=-271,-16;scale=1\033\'
+ leftmost=-268
+ '[' -268 -lt -268 ]
+ read percent
+ local 'rightmost=-262'
+ '[' -268 -lt -262 ]
+ showimage /etc/screens/progress_increment.png -268,-16
+ local 'image=/etc/screens/progress_increment.png'
+ local 'offset=-268,-16'
+ shift
+ shift
+ printf '\033]image:file=/etc/screens/progress_increment.png;offset=-268,-16;scale=1\033\'
+ leftmost=-265
+ '[' -265 -lt -262 ]
+ showimage /etc/screens/progress_increment.png -265,-16
+ local 'image=/etc/screens/progress_increment.png'
+ local 'offset=-265,-16'
+ shift
+ shift
+ printf '\033]image:file=/etc/screens/progress_increment.png;offset=-265,-16;scale=1\033\'
+ leftmost=-262
+ '[' -262 -lt -262 ]
+ read percent
+ local 'rightmost=-256'
+ '[' -262 -lt -256 ]
+ showimage /etc/screens/progress_increment.png -262,-16
+ local 'image=/etc/screens/progress_increment.png'
+ local 'offset=-262,-16'
+ shift
+ shift
+ printf '\033]image:file=/etc/screens/progress_increment.png;offset=-262,-16;scale=1\033\'
+ leftmost=-259
+ '[' -259 -lt -256 ]
+ showimage /etc/screens/progress_increment.png -259,-16
+ local 'image=/etc/screens/progress_increment.png'
+ local 'offset=-259,-16'
+ shift
+ shift
+ printf '\033]image:file=/etc/screens/progress_increment.png;offset=-259,-16;scale=1\033\'
+ leftmost=-256
+ '[' -256 -lt -256 ]
+ read percent
+ local 'rightmost=-253'
+ '[' -256 -lt -253 ]
+ showimage /etc/screens/progress_increment.png -256,-16
+ local 'image=/etc/screens/progress_increment.png'
+ local 'offset=-256,-16'
+ shift
+ shift
+ printf '\033]image:file=/etc/screens/progress_increment.png;offset=-256,-16;scale=1\033\'
+ leftmost=-253
+ '[' -253 -lt -253 ]
+ read percent
+ local 'rightmost=-247'
+ '[' -253 -lt -247 ]
+ showimage /etc/screens/progress_increment.png -253,-16
+ local 'image=/etc/screens/progress_increment.png'
+ local 'offset=-253,-16'
+ shift
+ shift
+ printf '\033]image:file=/etc/screens/progress_increment.png;offset=-253,-16;scale=1\033\'
+ leftmost=-250
+ '[' -250 -lt -247 ]
+ showimage /etc/screens/progress_increment.png -250,-16
+ local 'image=/etc/screens/progress_increment.png'
+ local 'offset=-250,-16'
+ shift
+ shift
+ printf '\033]image:file=/etc/screens/progress_increment.png;offset=-250,-16;scale=1\033\'
+ leftmost=-247
+ '[' -247 -lt -247 ]
+ read percent
+ local 'rightmost=-241'
+ '[' -247 -lt -241 ]
+ showimage /etc/screens/progress_increment.png -247,-16
+ local 'image=/etc/screens/progress_increment.png'
+ local 'offset=-247,-16'
+ shift
+ shift
+ printf '\033]image:file=/etc/screens/progress_increment.png;offset=-247,-16;scale=1\033\'
+ leftmost=-244
+ '[' -244 -lt -241 ]
+ showimage /etc/screens/progress_increment.png -244,-16
+ local 'image=/etc/screens/progress_increment.png'
+ local 'offset=-244,-16'
+ shift
+ shift
+ printf '\033]image:file=/etc/screens/progress_increment.png;offset=-244,-16;scale=1\033\'
+ leftmost=-241
+ '[' -241 -lt -241 ]
+ read percent
+ local 'rightmost=-235'
+ '[' -241 -lt -235 ]
+ showimage /etc/screens/progress_increment.png -241,-16
+ local 'image=/etc/screens/progress_increment.png'
+ local 'offset=-241,-16'
+ shift
+ shift
+ printf '\033]image:file=/etc/screens/progress_increment.png;offset=-241,-16;scale=1\033\'
+ leftmost=-238
+ '[' -238 -lt -235 ]
+ showimage /etc/screens/progress_increment.png -238,-16
+ local 'image=/etc/screens/progress_increment.png'
+ local 'offset=-238,-16'
+ shift
+ shift
+ printf '\033]image:file=/etc/screens/progress_increment.png;offset=-238,-16;scale=1\033\'
+ leftmost=-235
+ '[' -235 -lt -235 ]
+ read percent
+ local 'rightmost=-232'
+ '[' -235 -lt -232 ]
+ showimage /etc/screens/progress_increment.png -235,-16
+ local 'image=/etc/screens/progress_increment.png'
+ local 'offset=-235,-16'
+ shift
+ shift
+ printf '\033]image:file=/etc/screens/progress_increment.png;offset=-235,-16;scale=1\033\'
+ leftmost=-232
+ '[' -232 -lt -232 ]
+ read percent
+ local 'rightmost=-226'
+ '[' -232 -lt -226 ]
+ showimage /etc/screens/progress_increment.png -232,-16
+ local 'image=/etc/screens/progress_increment.png'
+ local 'offset=-232,-16'
+ shift
+ shift
+ printf '\033]image:file=/etc/screens/progress_increment.png;offset=-232,-16;scale=1\033\'
+ leftmost=-229
+ '[' -229 -lt -226 ]
+ showimage /etc/screens/progress_increment.png -229,-16
+ local 'image=/etc/screens/progress_increment.png'
+ local 'offset=-229,-16'
+ shift
+ shift
+ printf '\033]image:file=/etc/screens/progress_increment.png;offset=-229,-16;scale=1\033\'
+ leftmost=-226
+ '[' -226 -lt -226 ]
+ read percent
+ local 'rightmost=-223'
+ '[' -226 -lt -223 ]
+ showimage /etc/screens/progress_increment.png -226,-16
+ local 'image=/etc/screens/progress_increment.png'
+ local 'offset=-226,-16'
+ shift
+ shift
+ printf '\033]image:file=/etc/screens/progress_increment.png;offset=-226,-16;scale=1\033\'
+ leftmost=-223
+ '[' -223 -lt -223 ]
+ read percent
+ local 'rightmost=-217'
+ '[' -223 -lt -217 ]
+ showimage /etc/screens/progress_increment.png -223,-16
+ local 'image=/etc/screens/progress_increment.png'
+ local 'offset=-223,-16'
+ shift
+ shift
+ printf '\033]image:file=/etc/screens/progress_increment.png;offset=-223,-16;scale=1\033\'
+ leftmost=-220
+ '[' -220 -lt -217 ]
+ showimage /etc/screens/progress_increment.png -220,-16
+ local 'image=/etc/screens/progress_increment.png'
+ local 'offset=-220,-16'
+ shift
+ shift
+ printf '\033]image:file=/etc/screens/progress_increment.png;offset=-220,-16;scale=1\033\'
+ leftmost=-217
+ '[' -217 -lt -217 ]
+ read percent
+ local 'rightmost=-211'
+ '[' -217 -lt -211 ]
+ showimage /etc/screens/progress_increment.png -217,-16
+ local 'image=/etc/screens/progress_increment.png'
+ local 'offset=-217,-16'
+ shift
+ shift
+ printf '\033]image:file=/etc/screens/progress_increment.png;offset=-217,-16;scale=1\033\'
+ leftmost=-214
+ '[' -214 -lt -211 ]
+ showimage /etc/screens/progress_increment.png -214,-16
+ local 'image=/etc/screens/progress_increment.png'
+ local 'offset=-214,-16'
+ shift
+ shift
+ printf '\033]image:file=/etc/screens/progress_increment.png;offset=-214,-16;scale=1\033\'
+ leftmost=-211
+ '[' -211 -lt -211 ]
+ read percent
+ local 'rightmost=-205'
+ '[' -211 -lt -205 ]
+ showimage /etc/screens/progress_increment.png -211,-16
+ local 'image=/etc/screens/progress_increment.png'
+ local 'offset=-211,-16'
+ shift
+ shift
+ printf '\033]image:file=/etc/screens/progress_increment.png;offset=-211,-16;scale=1\033\'
+ leftmost=-208
+ '[' -208 -lt -205 ]
+ showimage /etc/screens/progress_increment.png -208,-16
+ local 'image=/etc/screens/progress_increment.png'
+ local 'offset=-208,-16'
+ shift
+ shift
+ printf '\033]image:file=/etc/screens/progress_increment.png;offset=-208,-16;scale=1\033\'
+ leftmost=-205
+ '[' -205 -lt -205 ]
+ read percent
+ local 'rightmost=-202'
+ '[' -205 -lt -202 ]
+ showimage /etc/screens/progress_increment.png -205,-16
+ local 'image=/etc/screens/progress_increment.png'
+ local 'offset=-205,-16'
+ shift
+ shift
+ printf '\033]image:file=/etc/screens/progress_increment.png;offset=-205,-16;scale=1\033\'
+ leftmost=-202
+ '[' -202 -lt -202 ]
+ read percent
+ local 'rightmost=-196'
+ '[' -202 -lt -196 ]
+ showimage /etc/screens/progress_increment.png -202,-16
+ local 'image=/etc/screens/progress_increment.png'
+ local 'offset=-202,-16'
+ shift
+ shift
+ printf '\033]image:file=/etc/screens/progress_increment.png;offset=-202,-16;scale=1\033\'
+ leftmost=-199
+ '[' -199 -lt -196 ]
+ showimage /etc/screens/progress_increment.png -199,-16
+ local 'image=/etc/screens/progress_increment.png'
+ local 'offset=-199,-16'
+ shift
+ shift
+ printf '\033]image:file=/etc/screens/progress_increment.png;offset=-199,-16;scale=1\033\'
+ leftmost=-196
+ '[' -196 -lt -196 ]
+ read percent
+ local 'rightmost=-190'
+ '[' -196 -lt -190 ]
+ showimage /etc/screens/progress_increment.png -196,-16
+ local 'image=/etc/screens/progress_increment.png'
+ local 'offset=-196,-16'
+ shift
+ shift
+ printf '\033]image:file=/etc/screens/progress_increment.png;offset=-196,-16;scale=1\033\'
+ leftmost=-193
+ '[' -193 -lt -190 ]
+ showimage /etc/screens/progress_increment.png -193,-16
+ local 'image=/etc/screens/progress_increment.png'
+ local 'offset=-193,-16'
+ shift
+ shift
+ printf '\033]image:file=/etc/screens/progress_increment.png;offset=-193,-16;scale=1\033\'
+ leftmost=-190
+ '[' -190 -lt -190 ]
+ read percent
+ local 'rightmost=-187'
+ '[' -190 -lt -187 ]
+ showimage /etc/screens/progress_increment.png -190,-16
+ local 'image=/etc/screens/progress_increment.png'
+ local 'offset=-190,-16'
+ shift
+ shift
+ printf '\033]image:file=/etc/screens/progress_increment.png;offset=-190,-16;scale=1\033\'
+ leftmost=-187
+ '[' -187 -lt -187 ]
+ read percent
+ local 'rightmost=-181'
+ '[' -187 -lt -181 ]
+ showimage /etc/screens/progress_increment.png -187,-16
+ local 'image=/etc/screens/progress_increment.png'
+ local 'offset=-187,-16'
+ shift
+ shift
+ printf '\033]image:file=/etc/screens/progress_increment.png;offset=-187,-16;scale=1\033\'
+ leftmost=-184
+ '[' -184 -lt -181 ]
+ showimage /etc/screens/progress_increment.png -184,-16
+ local 'image=/etc/screens/progress_increment.png'
+ local 'offset=-184,-16'
+ shift
+ shift
+ printf '\033]image:file=/etc/screens/progress_increment.png;offset=-184,-16;scale=1\033\'
+ leftmost=-181
+ '[' -181 -lt -181 ]
+ read percent
+ local 'rightmost=-175'
+ '[' -181 -lt -175 ]
+ showimage /etc/screens/progress_increment.png -181,-16
+ local 'image=/etc/screens/progress_increment.png'
+ local 'offset=-181,-16'
+ shift
+ shift
+ printf '\033]image:file=/etc/screens/progress_increment.png;offset=-181,-16;scale=1\033\'
+ leftmost=-178
+ '[' -178 -lt -175 ]
+ showimage /etc/screens/progress_increment.png -178,-16
+ local 'image=/etc/screens/progress_increment.png'
+ local 'offset=-178,-16'
+ shift
+ shift
+ printf '\033]image:file=/etc/screens/progress_increment.png;offset=-178,-16;scale=1\033\'
+ leftmost=-175
+ '[' -175 -lt -175 ]
+ read percent
+ local 'rightmost=-172'
+ '[' -175 -lt -172 ]
+ showimage /etc/screens/progress_increment.png -175,-16
+ local 'image=/etc/screens/progress_increment.png'
+ local 'offset=-175,-16'
+ shift
+ shift
+ printf '\033]image:file=/etc/screens/progress_increment.png;offset=-175,-16;scale=1\033\'
+ leftmost=-172
+ '[' -172 -lt -172 ]
+ read percent
+ local 'rightmost=-166'
+ '[' -172 -lt -166 ]
+ showimage /etc/screens/progress_increment.png -172,-16
+ local 'image=/etc/screens/progress_increment.png'
+ local 'offset=-172,-16'
+ shift
+ shift
+ printf '\033]image:file=/etc/screens/progress_increment.png;offset=-172,-16;scale=1\033\'
+ leftmost=-169
+ '[' -169 -lt -166 ]
+ showimage /etc/screens/progress_increment.png -169,-16
+ local 'image=/etc/screens/progress_increment.png'
+ local 'offset=-169,-16'
+ shift
+ shift
+ printf '\033]image:file=/etc/screens/progress_increment.png;offset=-169,-16;scale=1\033\'
+ leftmost=-166
+ '[' -166 -lt -166 ]
+ read percent
+ local 'rightmost=-160'
+ '[' -166 -lt -160 ]
+ showimage /etc/screens/progress_increment.png -166,-16
+ local 'image=/etc/screens/progress_increment.png'
+ local 'offset=-166,-16'
+ shift
+ shift
+ printf '\033]image:file=/etc/screens/progress_increment.png;offset=-166,-16;scale=1\033\'
+ leftmost=-163
+ '[' -163 -lt -160 ]
+ showimage /etc/screens/progress_increment.png -163,-16
+ local 'image=/etc/screens/progress_increment.png'
+ local 'offset=-163,-16'
+ shift
+ shift
+ printf '\033]image:file=/etc/screens/progress_increment.png;offset=-163,-16;scale=1\033\'
+ leftmost=-160
+ '[' -160 -lt -160 ]
+ read percent
+ local 'rightmost=-157'
+ '[' -160 -lt -157 ]
+ showimage /etc/screens/progress_increment.png -160,-16
+ local 'image=/etc/screens/progress_increment.png'
+ local 'offset=-160,-16'
+ shift
+ shift
+ printf '\033]image:file=/etc/screens/progress_increment.png;offset=-160,-16;scale=1\033\'
+ leftmost=-157
+ '[' -157 -lt -157 ]
+ read percent
+ local 'rightmost=-151'
+ '[' -157 -lt -151 ]
+ showimage /etc/screens/progress_increment.png -157,-16
+ local 'image=/etc/screens/progress_increment.png'
+ local 'offset=-157,-16'
+ shift
+ shift
+ printf '\033]image:file=/etc/screens/progress_increment.png;offset=-157,-16;scale=1\033\'
+ leftmost=-154
+ '[' -154 -lt -151 ]
+ showimage /etc/screens/progress_increment.png -154,-16
+ local 'image=/etc/screens/progress_increment.png'
+ local 'offset=-154,-16'
+ shift
+ shift
+ printf '\033]image:file=/etc/screens/progress_increment.png;offset=-154,-16;scale=1\033\'
+ leftmost=-151
+ '[' -151 -lt -151 ]
+ read percent
+ local 'rightmost=-145'
+ '[' -151 -lt -145 ]
+ showimage /etc/screens/progress_increment.png -151,-16
+ local 'image=/etc/screens/progress_increment.png'
+ local 'offset=-151,-16'
+ shift
+ shift
+ printf '\033]image:file=/etc/screens/progress_increment.png;offset=-151,-16;scale=1\033\'
+ leftmost=-148
+ '[' -148 -lt -145 ]
+ showimage /etc/screens/progress_increment.png -148,-16
+ local 'image=/etc/screens/progress_increment.png'
+ local 'offset=-148,-16'
+ shift
+ shift
+ printf '\033]image:file=/etc/screens/progress_increment.png;offset=-148,-16;scale=1\033\'
+ leftmost=-145
+ '[' -145 -lt -145 ]
+ read percent
